#
# There is insufficient memory for the Java Runtime Environment to continue.
# Native memory allocation (malloc) failed to allocate 80176 bytes for Chunk::new
# Possible reasons:
#   The system is out of physical RAM or swap space
#   The process is running with CompressedOops enabled, and the Java Heap may be blocking the growth of the native heap
# Possible solutions:
#   Reduce memory load on the system
#   Increase physical memory or swap space
#   Check if swap backing store is full
#   Decrease Java heap size (-Xmx/-Xms)
#   Decrease number of Java threads
#   Decrease Java thread stack sizes (-Xss)
#   Set larger code cache with -XX:ReservedCodeCacheSize=
#   JVM is running with Unscaled Compressed Oops mode in which the Java heap is
#     placed in the first 4GB address space. The Java Heap base address is the
#     maximum limit for the native heap growth. Please use -XX:HeapBaseMinAddress
#     to set the Java Heap base and to place the Java Heap above 4GB virtual address.
# This output file may be truncated or incomplete.
#
#  Out of Memory Error (./open/src/hotspot/share/memory/arena.cpp:197), pid=10728, tid=248
#
# JRE version: Java(TM) SE Runtime Environment 18.9 (11.0.11+9) (build 11.0.11+9-LTS-194)
# Java VM: Java HotSpot(TM) 64-Bit Server VM 18.9 (11.0.11+9-LTS-194, mixed mode, tiered, compressed oops, parallel gc, windows-amd64)
# No core dump will be written. Minidumps are not enabled by default on client versions of Windows
#

---------------  S U M M A R Y ------------

Command Line: --add-modules=ALL-SYSTEM --add-opens=java.base/java.util=ALL-UNNAMED --add-opens=java.base/java.lang=ALL-UNNAMED -Declipse.application=org.eclipse.jdt.ls.core.id1 -Dosgi.bundles.defaultStartLevel=4 -Declipse.product=org.eclipse.jdt.ls.core.product -Dfile.encoding=utf8 -DwatchParentProcess=false -XX:+UseParallelGC -XX:GCTimeRatio=4 -XX:AdaptiveSizePolicyWeight=90 -Dsun.zip.disableMemoryMapping=true -Xmx1G -Xms100m -javaagent:c:\Users\agpp1\.vscode\extensions\gabrielbb.vscode-lombok-1.0.1\server\lombok.jar -Xverify:none c:\Users\agpp1\.vscode\extensions\redhat.java-0.80.0\server\plugins\org.eclipse.equinox.launcher_1.6.200.v20210416-2027.jar -configuration c:\Users\agpp1\AppData\Roaming\Code\User\globalStorage\redhat.java\0.80.0\config_ss_win -data c:\Users\agpp1\AppData\Roaming\Code\User\workspaceStorage\a5189f46d15e23e5f69b8cae7b4c491e\redhat.java\ss_ws

Host: Intel(R) Core(TM) i5-10300H CPU @ 2.50GHz, 8 cores, 7G,  Windows 10 , 64 bit Build 19041 (10.0.19041.1023)
Time: Mon Jul 19 14:58:23 2021 Hora est. Pacífico, Sudamérica elapsed time: 0.883558 seconds (0d 0h 0m 0s)

---------------  T H R E A D  ---------------

Current thread (0x00000216d7085800):  JavaThread "C2 CompilerThread0" daemon [_thread_in_native, id=248, stack(0x000000a316c00000,0x000000a316d00000)]


Current CompileTask:
C2:    883  208       4       java.util.HashMap::resize (356 bytes)

Stack: [0x000000a316c00000,0x000000a316d00000]
Native frames: (J=compiled Java code, j=interpreted, Vv=VM code, C=native code)
V  [jvm.dll+0x616f2a]
V  [jvm.dll+0x74de7f]
V  [jvm.dll+0x74f505]
V  [jvm.dll+0x74fb83]
V  [jvm.dll+0x2436d8]
V  [jvm.dll+0xba68c]
V  [jvm.dll+0xbad8c]
V  [jvm.dll+0x3462b7]
V  [jvm.dll+0x3140c3]
V  [jvm.dll+0x31340a]
V  [jvm.dll+0x1fd045]
V  [jvm.dll+0x1fc22f]
V  [jvm.dll+0x17f0bc]
V  [jvm.dll+0x20b68c]
V  [jvm.dll+0x20978b]
V  [jvm.dll+0x7152c9]
V  [jvm.dll+0x70dfc4]
V  [jvm.dll+0x6160f6]
C  [ucrtbase.dll+0x21bb2]
C  [KERNEL32.DLL+0x17034]
C  [ntdll.dll+0x52651]


---------------  P R O C E S S  ---------------

Threads class SMR info:
_java_thread_list=0x00000216d837d0b0, length=10, elements={
0x00000216bca98800, 0x00000216d7082000, 0x00000216bcb64000, 0x00000216d8124800,
0x00000216d8125800, 0x00000216d7085800, 0x00000216d708a000, 0x00000216d708b000,
0x00000216d81ca800, 0x00000216d8383000
}

Java Threads: ( => current thread )
  0x00000216bca98800 JavaThread "main" [_thread_in_vm, id=13484, stack(0x000000a316500000,0x000000a316600000)]
  0x00000216d7082000 JavaThread "Reference Handler" daemon [_thread_blocked, id=7380, stack(0x000000a316800000,0x000000a316900000)]
  0x00000216bcb64000 JavaThread "Finalizer" daemon [_thread_blocked, id=11472, stack(0x000000a316900000,0x000000a316a00000)]
  0x00000216d8124800 JavaThread "Signal Dispatcher" daemon [_thread_blocked, id=10412, stack(0x000000a316a00000,0x000000a316b00000)]
  0x00000216d8125800 JavaThread "Attach Listener" daemon [_thread_blocked, id=8652, stack(0x000000a316b00000,0x000000a316c00000)]
=>0x00000216d7085800 JavaThread "C2 CompilerThread0" daemon [_thread_in_native, id=248, stack(0x000000a316c00000,0x000000a316d00000)]
  0x00000216d708a000 JavaThread "C1 CompilerThread0" daemon [_thread_blocked, id=11140, stack(0x000000a316d00000,0x000000a316e00000)]
  0x00000216d708b000 JavaThread "Sweeper thread" daemon [_thread_blocked, id=3836, stack(0x000000a316e00000,0x000000a316f00000)]
  0x00000216d81ca800 JavaThread "Common-Cleaner" daemon [_thread_blocked, id=6420, stack(0x000000a316f00000,0x000000a317000000)]
  0x00000216d8383000 JavaThread "C2 CompilerThread1" daemon [_thread_blocked, id=7720, stack(0x000000a317000000,0x000000a317100000)]

Other Threads:
  0x00000216d80e2800 VMThread "VM Thread" [stack: 0x000000a316700000,0x000000a316800000] [id=5892]
  0x00000216bcaaf000 GCTaskThread "ParGC Thread#0" [stack: 0x000000a316600000,0x000000a316700000] [id=12792]

Threads with active compile tasks:
C2 CompilerThread0   1019  208       4       java.util.HashMap::resize (356 bytes)

VM state:not at safepoint (normal execution)

VM Mutex/Monitor currently owned by a thread: None

Heap address: 0x00000000c0000000, size: 1024 MB, Compressed Oops mode: 32-bit
Narrow klass base: 0x0000000000000000, Narrow klass shift: 3
Compressed class space size: 1073741824 Address: 0x0000000100000000

Heap:
 PSYoungGen      total 29696K, used 3072K [0x00000000eab00000, 0x00000000ecc00000, 0x0000000100000000)
  eden space 25600K, 12% used [0x00000000eab00000,0x00000000eae001b8,0x00000000ec400000)
  from space 4096K, 0% used [0x00000000ec800000,0x00000000ec800000,0x00000000ecc00000)
  to   space 4096K, 0% used [0x00000000ec400000,0x00000000ec400000,0x00000000ec800000)
 ParOldGen       total 68608K, used 0K [0x00000000c0000000, 0x00000000c4300000, 0x00000000eab00000)
  object space 68608K, 0% used [0x00000000c0000000,0x00000000c0000000,0x00000000c4300000)
 Metaspace       used 4770K, capacity 4848K, committed 5120K, reserved 1056768K
  class space    used 408K, capacity 445K, committed 512K, reserved 1048576K

Card table byte_map: [0x00000216d4130000,0x00000216d4340000] _byte_map_base: 0x00000216d3b30000

Marking Bits: (ParMarkBitMap*) 0x00007ffdbdfc57a0
 Begin Bits: [0x00000216d44a0000, 0x00000216d54a0000)
 End Bits:   [0x00000216d54a0000, 0x00000216d64a0000)

Polling page: 0x00000216bb280000

Metaspace:

Usage:
  Non-class:      4.30 MB capacity,     4.26 MB (>99%) used,    37.95 KB ( <1%) free+waste,     2.75 KB ( <1%) overhead. 
      Class:    445.00 KB capacity,   408.69 KB ( 92%) used,    34.63 KB (  8%) free+waste,     1.69 KB ( <1%) overhead. 
       Both:      4.73 MB capacity,     4.66 MB ( 98%) used,    72.58 KB (  1%) free+waste,     4.44 KB ( <1%) overhead. 

Virtual space:
  Non-class space:        8.00 MB reserved,       4.50 MB ( 56%) committed 
      Class space:        1.00 GB reserved,     512.00 KB ( <1%) committed 
             Both:        1.01 GB reserved,       5.00 MB ( <1%) committed 

Chunk freelists:
   Non-Class:  1.63 KB
       Class:  384 bytes
        Both:  2.00 KB

CodeHeap 'non-profiled nmethods': size=120000Kb used=58Kb max_used=58Kb free=119941Kb
 bounds [0x00000216cca20000, 0x00000216ccc90000, 0x00000216d3f50000]
CodeHeap 'profiled nmethods': size=120000Kb used=247Kb max_used=247Kb free=119752Kb
 bounds [0x00000216c54f0000, 0x00000216c5760000, 0x00000216cca20000]
CodeHeap 'non-nmethods': size=5760Kb used=1014Kb max_used=1027Kb free=4745Kb
 bounds [0x00000216c4f50000, 0x00000216c51c0000, 0x00000216c54f0000]
 total_blobs=495 nmethods=210 adapters=199
 compilation: enabled
              stopped_count=0, restarted_count=0
 full_count=0

Compilation events (10 events):
Event: 0.879 Thread 0x00000216d708a000  206       3       java.util.HashMap::<init> (11 bytes)
Event: 0.879 Thread 0x00000216d708a000 nmethod 206 0x00000216c552bf90 code [0x00000216c552c140, 0x00000216c552c2f8]
Event: 0.879 Thread 0x00000216d708a000  211       3       jdk.internal.module.ModuleBootstrap$2::hasNext (30 bytes)
Event: 0.879 Thread 0x00000216d708a000 nmethod 211 0x00000216c552c410 code [0x00000216c552c5e0, 0x00000216c552c8f8]
Event: 0.879 Thread 0x00000216d708a000  209       3       java.lang.Module::implIsExportedOrOpen (92 bytes)
Event: 0.880 Thread 0x00000216d708a000 nmethod 209 0x00000216c552ca10 code [0x00000216c552cc20, 0x00000216c552d298]
Event: 0.880 Thread 0x00000216d708a000  210       3       java.lang.Module::isStaticallyExportedOrOpen (70 bytes)
Event: 0.880 Thread 0x00000216d708a000 nmethod 210 0x00000216c552d490 code [0x00000216c552d6a0, 0x00000216c552dd18]
Event: 0.880 Thread 0x00000216d708a000  207       1       java.lang.Module::getDescriptor (5 bytes)
Event: 0.880 Thread 0x00000216d708a000 nmethod 207 0x00000216cca2e610 code [0x00000216cca2e7a0, 0x00000216cca2e858]

GC Heap History (0 events):
No events

Deoptimization events (1 events):
Event: 0.875 Thread 0x00000216bca98800 Uncommon trap: reason=unstable_if action=reinterpret pc=0x00000216cca2cd64 method=java.util.HashMap.putVal(ILjava/lang/Object;Ljava/lang/Object;ZZ)Ljava/lang/Object; @ 69 c2

Classes redefined (0 events):
No events

Internal exceptions (0 events):
No events

Events (10 events):
Event: 0.875 loading class jdk/internal/module/IllegalAccessLogger$Builder done
Event: 0.875 loading class jdk/internal/module/ModuleBootstrap$2
Event: 0.875 loading class jdk/internal/module/ModuleBootstrap$2 done
Event: 0.875 Thread 0x00000216bca98800 Uncommon trap: trap_request=0xffffff4d fr.pc=0x00000216cca2cd64 relative=0x00000000000005e4
Event: 0.875 Thread 0x00000216bca98800 DEOPT PACKING pc=0x00000216cca2cd64 sp=0x000000a3165fef50
Event: 0.875 Thread 0x00000216bca98800 DEOPT UNPACKING pc=0x00000216c4f75e2f sp=0x000000a3165feec0 mode 2
Event: 0.879 loading class jdk/internal/module/IllegalAccessLogger
Event: 0.879 loading class jdk/internal/module/IllegalAccessLogger done
Event: 0.879 loading class jdk/internal/module/ModuleBootstrap$SafeModuleFinder
Event: 0.879 loading class jdk/internal/module/ModuleBootstrap$SafeModuleFinder done


Dynamic libraries:
0x00007ff645e50000 - 0x00007ff645e5f000 	C:\Program Files\Java\jdk-11.0.11\bin\java.exe
0x00007ffe10830000 - 0x00007ffe10a25000 	C:\WINDOWS\SYSTEM32\ntdll.dll
0x00007ffe0ed40000 - 0x00007ffe0edfd000 	C:\WINDOWS\System32\KERNEL32.DLL
0x00007ffe0e460000 - 0x00007ffe0e729000 	C:\WINDOWS\System32\KERNELBASE.dll
0x00007ffe0e290000 - 0x00007ffe0e390000 	C:\WINDOWS\System32\ucrtbase.dll
0x00007ffdf6140000 - 0x00007ffdf6155000 	C:\Program Files\Java\jdk-11.0.11\bin\VCRUNTIME140.dll
0x00007ffdf6bb0000 - 0x00007ffdf6bc8000 	C:\Program Files\Java\jdk-11.0.11\bin\jli.dll
0x00007ffe10570000 - 0x00007ffe1061c000 	C:\WINDOWS\System32\ADVAPI32.dll
0x00007ffe0fac0000 - 0x00007ffe0fb5e000 	C:\WINDOWS\System32\msvcrt.dll
0x00007ffe0fb60000 - 0x00007ffe0fbfb000 	C:\WINDOWS\System32\sechost.dll
0x00007ffe10420000 - 0x00007ffe1054a000 	C:\WINDOWS\System32\RPCRT4.dll
0x00007ffe0e930000 - 0x00007ffe0ead0000 	C:\WINDOWS\System32\USER32.dll
0x00007ffe0e730000 - 0x00007ffe0e752000 	C:\WINDOWS\System32\win32u.dll
0x00007ffe0ee10000 - 0x00007ffe0ee3a000 	C:\WINDOWS\System32\GDI32.dll
0x00007ffe0e180000 - 0x00007ffe0e28b000 	C:\WINDOWS\System32\gdi32full.dll
0x00007ffe0e390000 - 0x00007ffe0e42d000 	C:\WINDOWS\System32\msvcp_win.dll
0x00007ffdfd9e0000 - 0x00007ffdfdc7a000 	C:\WINDOWS\WinSxS\amd64_microsoft.windows.common-controls_6595b64144ccf1df_6.0.19041.1083_none_60bbe31371f34e71\COMCTL32.dll
0x00007ffe04a80000 - 0x00007ffe04a8a000 	C:\WINDOWS\SYSTEM32\VERSION.dll
0x00007ffe0ed10000 - 0x00007ffe0ed40000 	C:\WINDOWS\System32\IMM32.DLL
0x00007ffdbe080000 - 0x00007ffdbe11b000 	C:\Program Files\Java\jdk-11.0.11\bin\msvcp140.dll
0x00007ffdbd580000 - 0x00007ffdbe07e000 	C:\Program Files\Java\jdk-11.0.11\bin\server\jvm.dll
0x00007ffe0f140000 - 0x00007ffe0f148000 	C:\WINDOWS\System32\PSAPI.DLL
0x00007ffe07df0000 - 0x00007ffe07df9000 	C:\WINDOWS\SYSTEM32\WSOCK32.dll
0x00007ffe0f0d0000 - 0x00007ffe0f13b000 	C:\WINDOWS\System32\WS2_32.dll
0x00007ffdff890000 - 0x00007ffdff8b7000 	C:\WINDOWS\SYSTEM32\WINMM.dll
0x00007ffe0cb00000 - 0x00007ffe0cb12000 	C:\WINDOWS\SYSTEM32\kernel.appcore.dll
0x00007ffe06560000 - 0x00007ffe06570000 	C:\Program Files\Java\jdk-11.0.11\bin\verify.dll
0x00007ffe0c500000 - 0x00007ffe0c6e4000 	C:\WINDOWS\SYSTEM32\DBGHELP.DLL
0x00007ffdf5d10000 - 0x00007ffdf5d3c000 	C:\WINDOWS\SYSTEM32\dbgcore.DLL
0x00007ffe0e7c0000 - 0x00007ffe0e843000 	C:\WINDOWS\System32\bcryptPrimitives.dll
0x00007ffde6f70000 - 0x00007ffde6f98000 	C:\Program Files\Java\jdk-11.0.11\bin\java.dll
0x00007ffe06520000 - 0x00007ffe0652a000 	C:\Program Files\Java\jdk-11.0.11\bin\jimage.dll
0x00007ffdfd2e0000 - 0x00007ffdfd2ee000 	C:\Program Files\Java\jdk-11.0.11\bin\instrument.dll
0x00007ffdef8f0000 - 0x00007ffdef906000 	C:\Program Files\Java\jdk-11.0.11\bin\zip.dll
0x00007ffe0fc00000 - 0x00007ffe1033f000 	C:\WINDOWS\System32\SHELL32.dll
0x00007ffe0bca0000 - 0x00007ffe0c431000 	C:\WINDOWS\SYSTEM32\windows.storage.dll
0x00007ffe0f150000 - 0x00007ffe0f4a5000 	C:\WINDOWS\System32\combase.dll
0x00007ffe0d900000 - 0x00007ffe0d92c000 	C:\WINDOWS\SYSTEM32\Wldp.dll
0x00007ffe10740000 - 0x00007ffe107ee000 	C:\WINDOWS\System32\SHCORE.dll
0x00007ffe0f4b0000 - 0x00007ffe0f505000 	C:\WINDOWS\System32\shlwapi.dll
0x00007ffe0deb0000 - 0x00007ffe0decf000 	C:\WINDOWS\SYSTEM32\profapi.dll

dbghelp: loaded successfully - version: 4.0.5 - missing functions: none
symbol engine: initialized successfully - sym options: 0x614 - pdb path: .;C:\Program Files\Java\jdk-11.0.11\bin;C:\WINDOWS\SYSTEM32;C:\WINDOWS\WinSxS\amd64_microsoft.windows.common-controls_6595b64144ccf1df_6.0.19041.1083_none_60bbe31371f34e71;C:\Program Files\Java\jdk-11.0.11\bin\server

VM Arguments:
jvm_args: --add-modules=ALL-SYSTEM --add-opens=java.base/java.util=ALL-UNNAMED --add-opens=java.base/java.lang=ALL-UNNAMED -Declipse.application=org.eclipse.jdt.ls.core.id1 -Dosgi.bundles.defaultStartLevel=4 -Declipse.product=org.eclipse.jdt.ls.core.product -Dfile.encoding=utf8 -DwatchParentProcess=false -XX:+UseParallelGC -XX:GCTimeRatio=4 -XX:AdaptiveSizePolicyWeight=90 -Dsun.zip.disableMemoryMapping=true -Xmx1G -Xms100m -javaagent:c:\Users\agpp1\.vscode\extensions\gabrielbb.vscode-lombok-1.0.1\server\lombok.jar -Xverify:none 
java_command: c:\Users\agpp1\.vscode\extensions\redhat.java-0.80.0\server\plugins\org.eclipse.equinox.launcher_1.6.200.v20210416-2027.jar -configuration c:\Users\agpp1\AppData\Roaming\Code\User\globalStorage\redhat.java\0.80.0\config_ss_win -data c:\Users\agpp1\AppData\Roaming\Code\User\workspaceStorage\a5189f46d15e23e5f69b8cae7b4c491e\redhat.java\ss_ws
java_class_path (initial): c:\Users\agpp1\.vscode\extensions\redhat.java-0.80.0\server\plugins\org.eclipse.equinox.launcher_1.6.200.v20210416-2027.jar
Launcher Type: SUN_STANDARD

[Global flags]
    uintx AdaptiveSizePolicyWeight                 = 90                                        {product} {command line}
     bool BytecodeVerificationLocal                = false                                     {product} {command line}
     bool BytecodeVerificationRemote               = false                                     {product} {command line}
     intx CICompilerCount                          = 4                                         {product} {ergonomic}
    uintx GCTimeRatio                              = 4                                         {product} {command line}
   size_t InitialHeapSize                          = 104857600                                 {product} {command line}
   size_t MaxHeapSize                              = 1073741824                                {product} {command line}
   size_t MaxNewSize                               = 357564416                                 {product} {ergonomic}
   size_t MinHeapDeltaBytes                        = 524288                                    {product} {ergonomic}
   size_t NewSize                                  = 34603008                                  {product} {ergonomic}
    uintx NonNMethodCodeHeapSize                   = 5836300                                {pd product} {ergonomic}
    uintx NonProfiledCodeHeapSize                  = 122910970                              {pd product} {ergonomic}
   size_t OldSize                                  = 70254592                                  {product} {ergonomic}
    uintx ProfiledCodeHeapSize                     = 122910970                              {pd product} {ergonomic}
    uintx ReservedCodeCacheSize                    = 251658240                              {pd product} {ergonomic}
     bool SegmentedCodeCache                       = true                                      {product} {ergonomic}
     bool UseCompressedClassPointers               = true                                 {lp64_product} {ergonomic}
     bool UseCompressedOops                        = true                                 {lp64_product} {ergonomic}
     bool UseLargePagesIndividualAllocation        = false                                  {pd product} {ergonomic}
     bool UseParallelGC                            = true                                      {product} {command line}

Logging:
Log output configuration:
 #0: stdout all=warning uptime,level,tags
 #1: stderr all=off uptime,level,tags

Environment Variables:
JAVA_HOME=C:\Program Files\Java\jdk-11.0.11
PATH=C:\Python39\Scripts\;C:\Python39\;C:\Program Files (x86)\Common Files\Oracle\Java\javapath;C:\Program Files\Common Files\Oracle\Java\javapath;C:\Windows\system32;C:\Windows;C:\Windows\System32\Wbem;C:\Windows\System32\WindowsPowerShell\v1.0\;C:\Windows\System32\OpenSSH\;C:\Program Files (x86)\NVIDIA Corporation\PhysX\Common;C:\Program Files\NVIDIA Corporation\NVIDIA NvDLISR;C:\Program Files\nodejs\;C:\ProgramData\chocolatey\bin;C:\Program Files\Git\cmd;C:\Program Files\Docker\Docker\resources\bin;C:\ProgramData\DockerDesktop\version-bin;C:\WINDOWS\system32;C:\WINDOWS;C:\WINDOWS\System32\Wbem;C:\WINDOWS\System32\WindowsPowerShell\v1.0\;C:\WINDOWS\System32\OpenSSH\;C:\Program Files\Amazon\AWSCLI\;C:\Program Files\MySQL\MySQL Shell 8.0\bin\;C:\Users\agpp1\AppData\Local\Microsoft\WindowsApps;C:\Users\agpp1\AppData\Local\Programs\Microsoft VS Code\bin;C:\Users\agpp1\AppData\Roaming\npm;C:\Users\agpp1\AppData\Local\GitHubDesktop\bin;C:\Program Files (x86)\Ardesia\bin;C:\Program Files\apache-maven-3.8.1\bin;
USERNAME=UNREAL
OS=Windows_NT
PROCESSOR_IDENTIFIER=Intel64 Family 6 Model 165 Stepping 2, GenuineIntel



---------------  S Y S T E M  ---------------

OS: Windows 10 , 64 bit Build 19041 (10.0.19041.1023)
Hyper-V role detected

CPU:total 8 (initial active 8) (4 cores per cpu, 2 threads per core) family 6 model 165 stepping 2 microcode 0xc8, cmov, cx8, fxsr, mmx, sse, sse2, sse3, ssse3, sse4.1, sse4.2, popcnt, avx, avx2, aes, clmul, erms, 3dnowpref, lzcnt, ht, tsc, tscinvbit, bmi1, bmi2, adx, fma

Memory: 4k page, system-wide physical 8060M (1220M free)
TotalPageFile size 12156M (AvailPageFile size 4M)
current process WorkingSet (physical memory assigned to process): 28M, peak: 28M
current process commit charge ("private bytes"): 184M, peak: 184M

vm_info: Java HotSpot(TM) 64-Bit Server VM (11.0.11+9-LTS-194) for windows-amd64 JRE (11.0.11+9-LTS-194), built on Mar 18 2021 18:46:53 by "mach5one" with MS VC++ 15.9 (VS2017)

END.
