#
# There is insufficient memory for the Java Runtime Environment to continue.
# Native memory allocation (malloc) failed to allocate 563936 bytes for Chunk::new
# Possible reasons:
#   The system is out of physical RAM or swap space
#   The process is running with CompressedOops enabled, and the Java Heap may be blocking the growth of the native heap
# Possible solutions:
#   Reduce memory load on the system
#   Increase physical memory or swap space
#   Check if swap backing store is full
#   Decrease Java heap size (-Xmx/-Xms)
#   Decrease number of Java threads
#   Decrease Java thread stack sizes (-Xss)
#   Set larger code cache with -XX:ReservedCodeCacheSize=
#   JVM is running with Unscaled Compressed Oops mode in which the Java heap is
#     placed in the first 4GB address space. The Java Heap base address is the
#     maximum limit for the native heap growth. Please use -XX:HeapBaseMinAddress
#     to set the Java Heap base and to place the Java Heap above 4GB virtual address.
# This output file may be truncated or incomplete.
#
#  Out of Memory Error (./open/src/hotspot/share/memory/arena.cpp:197), pid=10920, tid=13624
#
# JRE version: Java(TM) SE Runtime Environment 18.9 (11.0.11+9) (build 11.0.11+9-LTS-194)
# Java VM: Java HotSpot(TM) 64-Bit Server VM 18.9 (11.0.11+9-LTS-194, mixed mode, tiered, compressed oops, g1 gc, windows-amd64)
# No core dump will be written. Minidumps are not enabled by default on client versions of Windows
#

---------------  S U M M A R Y ------------

Command Line: -Dfile.encoding=UTF-8 com.backend.cliente.ClienteApplication

Host: Intel(R) Core(TM) i5-10300H CPU @ 2.50GHz, 8 cores, 7G,  Windows 10 , 64 bit Build 19041 (10.0.19041.1023)
Time: Mon Jul 19 14:56:54 2021 Hora est. Pacífico, Sudamérica elapsed time: 42.022188 seconds (0d 0h 0m 42s)

---------------  T H R E A D  ---------------

Current thread (0x0000027bba3a1800):  JavaThread "C2 CompilerThread1" daemon [_thread_in_native, id=13624, stack(0x000000fed6100000,0x000000fed6200000)]


Current CompileTask:
C2:  42022 7390       4       sun.reflect.annotation.AnnotationParser::parseMemberValue (162 bytes)

Stack: [0x000000fed6100000,0x000000fed6200000]
Native frames: (J=compiled Java code, j=interpreted, Vv=VM code, C=native code)
V  [jvm.dll+0x616f2a]
V  [jvm.dll+0x74de7f]
V  [jvm.dll+0x74f505]
V  [jvm.dll+0x74fb83]
V  [jvm.dll+0x2436d8]
V  [jvm.dll+0xba68c]
V  [jvm.dll+0xbad8c]
V  [jvm.dll+0x2b3ee4]
V  [jvm.dll+0x52c0f6]
V  [jvm.dll+0x20506d]
V  [jvm.dll+0x1ff0aa]
V  [jvm.dll+0x1fc10f]
V  [jvm.dll+0x17f0bc]
V  [jvm.dll+0x20b68c]
V  [jvm.dll+0x20978b]
V  [jvm.dll+0x7152c9]
V  [jvm.dll+0x70dfc4]
V  [jvm.dll+0x6160f6]
C  [ucrtbase.dll+0x21bb2]
C  [KERNEL32.DLL+0x17034]
C  [ntdll.dll+0x52651]


---------------  P R O C E S S  ---------------

Threads class SMR info:
_java_thread_list=0x0000027bbd913810, length=44, elements={
0x0000027bb9906000, 0x0000027bb9910000, 0x0000027bba2a1800, 0x0000027bba2a2800,
0x0000027bb9921000, 0x0000027bb9922800, 0x0000027bba252800, 0x0000027bba41e800,
0x0000027bba3ea800, 0x0000027bbd1ec000, 0x0000027bbf355800, 0x0000027bbf136000,
0x0000027bbb3d0800, 0x0000027bbd5f9800, 0x0000027bc0744800, 0x0000027bc41a0800,
0x0000027bc419d800, 0x0000027bc419b000, 0x0000027bc41a1800, 0x0000027bc419b800,
0x0000027bc419f000, 0x0000027bc419c800, 0x0000027bc419e000, 0x0000027bc41a0000,
0x0000027bc2199800, 0x0000027bc219a800, 0x0000027bc219b800, 0x0000027bc219c000,
0x0000027bc219d000, 0x0000027bc219e000, 0x0000027bc2198000, 0x0000027bc219e800,
0x0000027bc2199000, 0x0000027bc2598000, 0x0000027bc2594000, 0x0000027bc2596000,
0x0000027bc2594800, 0x0000027bc2595800, 0x0000027bc2592000, 0x0000027bc2597000,
0x0000027bc2593000, 0x0000027bc2598800, 0x0000027bbce39000, 0x0000027bba3a1800
}

Java Threads: ( => current thread )
  0x0000027bb9906000 JavaThread "Reference Handler" daemon [_thread_blocked, id=1752, stack(0x000000fed2b00000,0x000000fed2c00000)]
  0x0000027bb9910000 JavaThread "Finalizer" daemon [_thread_blocked, id=6128, stack(0x000000fed2c00000,0x000000fed2d00000)]
  0x0000027bba2a1800 JavaThread "Signal Dispatcher" daemon [_thread_blocked, id=7628, stack(0x000000fed2d00000,0x000000fed2e00000)]
  0x0000027bba2a2800 JavaThread "Attach Listener" daemon [_thread_blocked, id=10700, stack(0x000000fed2e00000,0x000000fed2f00000)]
  0x0000027bb9921000 JavaThread "C2 CompilerThread0" daemon [_thread_blocked, id=7268, stack(0x000000fed2f00000,0x000000fed3000000)]
  0x0000027bb9922800 JavaThread "C1 CompilerThread0" daemon [_thread_blocked, id=2172, stack(0x000000fed3000000,0x000000fed3100000)]
  0x0000027bba252800 JavaThread "Sweeper thread" daemon [_thread_blocked, id=13160, stack(0x000000fed3100000,0x000000fed3200000)]
  0x0000027bba41e800 JavaThread "Service Thread" daemon [_thread_blocked, id=11036, stack(0x000000fed3200000,0x000000fed3300000)]
  0x0000027bba3ea800 JavaThread "Common-Cleaner" daemon [_thread_blocked, id=2228, stack(0x000000fed3400000,0x000000fed3500000)]
  0x0000027bbd1ec000 JavaThread "Keep-Alive-Timer" daemon [_thread_blocked, id=5396, stack(0x000000fed3d00000,0x000000fed3e00000)]
  0x0000027bbf355800 JavaThread "RxIoScheduler-1 (Evictor)" daemon [_thread_blocked, id=2780, stack(0x000000fed3f00000,0x000000fed4000000)]
  0x0000027bbf136000 JavaThread "Catalina-utility-1" [_thread_blocked, id=876, stack(0x000000fed4000000,0x000000fed4100000)]
  0x0000027bbb3d0800 JavaThread "Catalina-utility-2" [_thread_blocked, id=12076, stack(0x000000fed4100000,0x000000fed4200000)]
  0x0000027bbd5f9800 JavaThread "container-0" [_thread_blocked, id=4944, stack(0x000000fed4200000,0x000000fed4300000)]
  0x0000027bc0744800 JavaThread "HikariPool-1 housekeeper" daemon [_thread_blocked, id=7316, stack(0x000000fed3800000,0x000000fed3900000)]
  0x0000027bc41a0800 JavaThread "spring.cloud.inetutils" daemon [_thread_blocked, id=6868, stack(0x000000fed3900000,0x000000fed3a00000)]
  0x0000027bc419d800 JavaThread "AsyncResolver-bootstrap-0" daemon [_thread_blocked, id=11140, stack(0x000000fed4800000,0x000000fed4900000)]
  0x0000027bc419b000 JavaThread "DiscoveryClient-0" daemon [_thread_blocked, id=6996, stack(0x000000fed4900000,0x000000fed4a00000)]
  0x0000027bc41a1800 JavaThread "DiscoveryClient-1" daemon [_thread_blocked, id=8040, stack(0x000000fed4a00000,0x000000fed4b00000)]
  0x0000027bc419b800 JavaThread "DiscoveryClient-InstanceInfoReplicator-0" daemon [_thread_blocked, id=8368, stack(0x000000fed4b00000,0x000000fed4c00000)]
  0x0000027bc419f000 JavaThread "http-nio-8081-exec-1" daemon [_thread_blocked, id=11764, stack(0x000000fed4c00000,0x000000fed4d00000)]
  0x0000027bc419c800 JavaThread "http-nio-8081-exec-2" daemon [_thread_blocked, id=6464, stack(0x000000fed4d00000,0x000000fed4e00000)]
  0x0000027bc419e000 JavaThread "http-nio-8081-exec-3" daemon [_thread_blocked, id=9836, stack(0x000000fed4e00000,0x000000fed4f00000)]
  0x0000027bc41a0000 JavaThread "http-nio-8081-exec-4" daemon [_thread_blocked, id=3964, stack(0x000000fed4f00000,0x000000fed5000000)]
  0x0000027bc2199800 JavaThread "http-nio-8081-exec-5" daemon [_thread_blocked, id=13284, stack(0x000000fed5000000,0x000000fed5100000)]
  0x0000027bc219a800 JavaThread "http-nio-8081-exec-6" daemon [_thread_blocked, id=11088, stack(0x000000fed5100000,0x000000fed5200000)]
  0x0000027bc219b800 JavaThread "http-nio-8081-exec-7" daemon [_thread_in_native, id=13840, stack(0x000000fed5200000,0x000000fed5300000)]
  0x0000027bc219c000 JavaThread "http-nio-8081-exec-8" daemon [_thread_in_native, id=76, stack(0x000000fed5300000,0x000000fed5400000)]
  0x0000027bc219d000 JavaThread "http-nio-8081-exec-9" daemon [_thread_blocked, id=2640, stack(0x000000fed5400000,0x000000fed5500000)]
  0x0000027bc219e000 JavaThread "http-nio-8081-exec-10" daemon [_thread_blocked, id=14216, stack(0x000000fed5500000,0x000000fed5600000)]
  0x0000027bc2198000 JavaThread "http-nio-8081-Poller" daemon [_thread_in_native, id=13560, stack(0x000000fed5600000,0x000000fed5700000)]
  0x0000027bc219e800 JavaThread "http-nio-8081-Acceptor" daemon [_thread_in_native, id=8536, stack(0x000000fed5700000,0x000000fed5800000)]
  0x0000027bc2199000 JavaThread "RxIoScheduler-2" daemon [_thread_blocked, id=13860, stack(0x000000fed5800000,0x000000fed5900000)]
  0x0000027bc2598000 JavaThread "RxIoScheduler-3" daemon [_thread_blocked, id=2460, stack(0x000000fed5900000,0x000000fed5a00000)]
  0x0000027bc2594000 JavaThread "RxComputationScheduler-1" daemon [_thread_blocked, id=14268, stack(0x000000fed5a00000,0x000000fed5b00000)]
  0x0000027bc2596000 JavaThread "DestroyJavaVM" [_thread_blocked, id=13112, stack(0x000000fed2400000,0x000000fed2500000)]
  0x0000027bc2594800 JavaThread "RxComputationScheduler-2" daemon [_thread_blocked, id=9068, stack(0x000000fed3e00000,0x000000fed3f00000)]
  0x0000027bc2595800 JavaThread "boundedElastic-evictor-1" daemon [_thread_blocked, id=7740, stack(0x000000fed5b00000,0x000000fed5c00000)]
  0x0000027bc2592000 JavaThread "parallel-1" daemon [_thread_blocked, id=6200, stack(0x000000fed5c00000,0x000000fed5d00000)]
  0x0000027bc2597000 JavaThread "boundedElastic-1" daemon [_thread_blocked, id=13356, stack(0x000000fed5d00000,0x000000fed5e00000)]
  0x0000027bc2593000 JavaThread "pool-10-thread-1" daemon [_thread_blocked, id=2224, stack(0x000000fed5e00000,0x000000fed5f00000)]
  0x0000027bc2598800 JavaThread "DiscoveryClient-HeartbeatExecutor-0" daemon [_thread_blocked, id=648, stack(0x000000fed5f00000,0x000000fed6000000)]
  0x0000027bbce39000 JavaThread "DiscoveryClient-CacheRefreshExecutor-0" daemon [_thread_blocked, id=13872, stack(0x000000fed6000000,0x000000fed6100000)]
=>0x0000027bba3a1800 JavaThread "C2 CompilerThread1" daemon [_thread_in_native, id=13624, stack(0x000000fed6100000,0x000000fed6200000)]

Other Threads:
  0x0000027bb98df800 VMThread "VM Thread" [stack: 0x000000fed2a00000,0x000000fed2b00000] [id=10228]
  0x0000027bba3e9000 WatcherThread [stack: 0x000000fed3300000,0x000000fed3400000] [id=12332]
  0x0000027b9ac18800 GCTaskThread "GC Thread#0" [stack: 0x000000fed2500000,0x000000fed2600000] [id=7224]
  0x0000027bbb513000 GCTaskThread "GC Thread#1" [stack: 0x000000fed3600000,0x000000fed3700000] [id=14332]
  0x0000027bbb482000 GCTaskThread "GC Thread#2" [stack: 0x000000fed3700000,0x000000fed3800000] [id=10140]
  0x0000027bbd6ee000 GCTaskThread "GC Thread#3" [stack: 0x000000fed3a00000,0x000000fed3b00000] [id=408]
  0x0000027bc18ee000 GCTaskThread "GC Thread#4" [stack: 0x000000fed4300000,0x000000fed4400000] [id=11872]
  0x0000027bbbbab800 GCTaskThread "GC Thread#5" [stack: 0x000000fed4400000,0x000000fed4500000] [id=13696]
  0x0000027bbf3ab800 GCTaskThread "GC Thread#6" [stack: 0x000000fed4500000,0x000000fed4600000] [id=8336]
  0x0000027bbeb8f000 GCTaskThread "GC Thread#7" [stack: 0x000000fed4600000,0x000000fed4700000] [id=11568]
  0x0000027b9ac43800 ConcurrentGCThread "G1 Main Marker" [stack: 0x000000fed2600000,0x000000fed2700000] [id=1580]
  0x0000027b9ac44800 ConcurrentGCThread "G1 Conc#0" [stack: 0x000000fed2700000,0x000000fed2800000] [id=9268]
  0x0000027bbcf55800 ConcurrentGCThread "G1 Conc#1" [stack: 0x000000fed3b00000,0x000000fed3c00000] [id=13504]
  0x0000027bb9740800 ConcurrentGCThread "G1 Refine#0" [stack: 0x000000fed2800000,0x000000fed2900000] [id=13036]
  0x0000027bb9741800 ConcurrentGCThread "G1 Young RemSet Sampling" [stack: 0x000000fed2900000,0x000000fed2a00000] [id=4164]

Threads with active compile tasks:
C2 CompilerThread1  42360 7390       4       sun.reflect.annotation.AnnotationParser::parseMemberValue (162 bytes)

VM state:not at safepoint (normal execution)

VM Mutex/Monitor currently owned by a thread: None

Heap address: 0x0000000082000000, size: 2016 MB, Compressed Oops mode: 32-bit
Narrow klass base: 0x0000000000000000, Narrow klass shift: 3
Compressed class space size: 1073741824 Address: 0x0000000100000000

Heap:
 garbage-first heap   total 155648K, used 66891K [0x0000000082000000, 0x0000000100000000)
  region size 1024K, 38 young (38912K), 11 survivors (11264K)
 Metaspace       used 90661K, capacity 92834K, committed 93004K, reserved 1130496K
  class space    used 11866K, capacity 12763K, committed 12876K, reserved 1048576K
Heap Regions: E=young(eden), S=young(survivor), O=old, HS=humongous(starts), HC=humongous(continues), CS=collection set, F=free, A=archive, TAMS=top-at-mark-start (previous, next)
|   0|0x0000000082000000, 0x0000000082100000, 0x0000000082100000|100%|HS|  |TAMS 0x0000000082100000, 0x0000000082000000| Complete 
|   1|0x0000000082100000, 0x0000000082200000, 0x0000000082200000|100%| O|  |TAMS 0x0000000082200000, 0x0000000082100000| Untracked 
|   2|0x0000000082200000, 0x0000000082300000, 0x0000000082300000|100%| O|  |TAMS 0x0000000082300000, 0x0000000082200000| Untracked 
|   3|0x0000000082300000, 0x0000000082400000, 0x0000000082400000|100%| O|  |TAMS 0x0000000082400000, 0x0000000082300000| Untracked 
|   4|0x0000000082400000, 0x0000000082500000, 0x0000000082500000|100%| O|  |TAMS 0x0000000082500000, 0x0000000082400000| Untracked 
|   5|0x0000000082500000, 0x0000000082600000, 0x0000000082600000|100%| O|  |TAMS 0x0000000082600000, 0x0000000082500000| Untracked 
|   6|0x0000000082600000, 0x0000000082700000, 0x0000000082700000|100%| O|  |TAMS 0x0000000082700000, 0x0000000082600000| Untracked 
|   7|0x0000000082700000, 0x0000000082800000, 0x0000000082800000|100%| O|  |TAMS 0x0000000082800000, 0x0000000082700000| Untracked 
|   8|0x0000000082800000, 0x0000000082900000, 0x0000000082900000|100%| O|  |TAMS 0x0000000082900000, 0x0000000082800000| Untracked 
|   9|0x0000000082900000, 0x0000000082a00000, 0x0000000082a00000|100%| O|  |TAMS 0x0000000082a00000, 0x0000000082900000| Untracked 
|  10|0x0000000082a00000, 0x0000000082b00000, 0x0000000082b00000|100%| O|  |TAMS 0x0000000082b00000, 0x0000000082a00000| Untracked 
|  11|0x0000000082b00000, 0x0000000082c00000, 0x0000000082c00000|100%| O|  |TAMS 0x0000000082c00000, 0x0000000082b00000| Untracked 
|  12|0x0000000082c00000, 0x0000000082d00000, 0x0000000082d00000|100%| O|  |TAMS 0x0000000082d00000, 0x0000000082c00000| Untracked 
|  13|0x0000000082d00000, 0x0000000082e00000, 0x0000000082e00000|100%| O|  |TAMS 0x0000000082e00000, 0x0000000082d00000| Untracked 
|  14|0x0000000082e00000, 0x0000000082f00000, 0x0000000082f00000|100%| O|  |TAMS 0x0000000082e00000, 0x0000000082e00000| Untracked 
|  15|0x0000000082f00000, 0x0000000083000000, 0x0000000083000000|100%| O|  |TAMS 0x0000000083000000, 0x0000000082f00000| Untracked 
|  16|0x0000000083000000, 0x0000000083100000, 0x0000000083100000|100%| O|  |TAMS 0x0000000083100000, 0x0000000083000000| Untracked 
|  17|0x0000000083100000, 0x0000000083200000, 0x0000000083200000|100%| O|  |TAMS 0x0000000083200000, 0x0000000083100000| Untracked 
|  18|0x0000000083200000, 0x0000000083300000, 0x0000000083300000|100%| O|  |TAMS 0x0000000083300000, 0x0000000083200000| Untracked 
|  19|0x0000000083300000, 0x0000000083400000, 0x0000000083400000|100%| O|  |TAMS 0x0000000083400000, 0x0000000083300000| Untracked 
|  20|0x0000000083400000, 0x0000000083500000, 0x0000000083500000|100%| O|  |TAMS 0x0000000083500000, 0x0000000083400000| Untracked 
|  21|0x0000000083500000, 0x0000000083600000, 0x0000000083600000|100%| O|  |TAMS 0x0000000083600000, 0x0000000083500000| Untracked 
|  22|0x0000000083600000, 0x0000000083700000, 0x0000000083700000|100%| O|  |TAMS 0x00000000836e9800, 0x0000000083600000| Untracked 
|  23|0x0000000083700000, 0x0000000083800000, 0x0000000083800000|100%| O|  |TAMS 0x0000000083700000, 0x0000000083700000| Untracked 
|  24|0x0000000083800000, 0x0000000083900000, 0x0000000083900000|100%| O|  |TAMS 0x0000000083800000, 0x0000000083800000| Untracked 
|  25|0x0000000083900000, 0x0000000083a00000, 0x0000000083a00000|100%| O|  |TAMS 0x0000000083900000, 0x0000000083900000| Untracked 
|  26|0x0000000083a00000, 0x0000000083b00000, 0x0000000083b00000|100%| O|  |TAMS 0x0000000083a00000, 0x0000000083a00000| Untracked 
|  27|0x0000000083b00000, 0x0000000083c00000, 0x0000000083c00000|100%| O|  |TAMS 0x0000000083b00000, 0x0000000083b00000| Untracked 
|  28|0x0000000083c00000, 0x0000000083d00000, 0x0000000083d00000|100%| O|  |TAMS 0x0000000083c00000, 0x0000000083c00000| Untracked 
|  29|0x0000000083d00000, 0x0000000083da3200, 0x0000000083e00000| 63%| O|  |TAMS 0x0000000083d00000, 0x0000000083d00000| Untracked 
|  30|0x0000000083e00000, 0x0000000083e00000, 0x0000000083f00000|  0%| F|  |TAMS 0x0000000083e00000, 0x0000000083e00000| Untracked 
|  31|0x0000000083f00000, 0x0000000083f00000, 0x0000000084000000|  0%| F|  |TAMS 0x0000000083f00000, 0x0000000083f00000| Untracked 
|  32|0x0000000084000000, 0x0000000084000000, 0x0000000084100000|  0%| F|  |TAMS 0x0000000084000000, 0x0000000084000000| Untracked 
|  33|0x0000000084100000, 0x0000000084100000, 0x0000000084200000|  0%| F|  |TAMS 0x0000000084100000, 0x0000000084100000| Untracked 
|  34|0x0000000084200000, 0x0000000084200000, 0x0000000084300000|  0%| F|  |TAMS 0x0000000084200000, 0x0000000084200000| Untracked 
|  35|0x0000000084300000, 0x0000000084300000, 0x0000000084400000|  0%| F|  |TAMS 0x0000000084300000, 0x0000000084300000| Untracked 
|  36|0x0000000084400000, 0x0000000084400000, 0x0000000084500000|  0%| F|  |TAMS 0x0000000084400000, 0x0000000084400000| Untracked 
|  37|0x0000000084500000, 0x0000000084500000, 0x0000000084600000|  0%| F|  |TAMS 0x0000000084500000, 0x0000000084500000| Untracked 
|  38|0x0000000084600000, 0x0000000084600000, 0x0000000084700000|  0%| F|  |TAMS 0x0000000084600000, 0x0000000084600000| Untracked 
|  39|0x0000000084700000, 0x0000000084700000, 0x0000000084800000|  0%| F|  |TAMS 0x0000000084700000, 0x0000000084700000| Untracked 
|  40|0x0000000084800000, 0x0000000084800000, 0x0000000084900000|  0%| F|  |TAMS 0x0000000084800000, 0x0000000084800000| Untracked 
|  41|0x0000000084900000, 0x0000000084900000, 0x0000000084a00000|  0%| F|  |TAMS 0x0000000084900000, 0x0000000084900000| Untracked 
|  42|0x0000000084a00000, 0x0000000084a00000, 0x0000000084b00000|  0%| F|  |TAMS 0x0000000084a00000, 0x0000000084a00000| Untracked 
|  43|0x0000000084b00000, 0x0000000084b00000, 0x0000000084c00000|  0%| F|  |TAMS 0x0000000084b00000, 0x0000000084b00000| Untracked 
|  44|0x0000000084c00000, 0x0000000084c00000, 0x0000000084d00000|  0%| F|  |TAMS 0x0000000084c00000, 0x0000000084c00000| Untracked 
|  45|0x0000000084d00000, 0x0000000084d00000, 0x0000000084e00000|  0%| F|  |TAMS 0x0000000084d00000, 0x0000000084d00000| Untracked 
|  46|0x0000000084e00000, 0x0000000084e00000, 0x0000000084f00000|  0%| F|  |TAMS 0x0000000084e00000, 0x0000000084e00000| Untracked 
|  47|0x0000000084f00000, 0x0000000084f00000, 0x0000000085000000|  0%| F|  |TAMS 0x0000000084f00000, 0x0000000084f00000| Untracked 
|  48|0x0000000085000000, 0x0000000085000000, 0x0000000085100000|  0%| F|  |TAMS 0x0000000085000000, 0x0000000085000000| Untracked 
|  49|0x0000000085100000, 0x0000000085100000, 0x0000000085200000|  0%| F|  |TAMS 0x0000000085100000, 0x0000000085100000| Untracked 
|  50|0x0000000085200000, 0x0000000085200000, 0x0000000085300000|  0%| F|  |TAMS 0x0000000085200000, 0x0000000085200000| Untracked 
|  51|0x0000000085300000, 0x0000000085300000, 0x0000000085400000|  0%| F|  |TAMS 0x0000000085300000, 0x0000000085300000| Untracked 
|  52|0x0000000085400000, 0x0000000085400000, 0x0000000085500000|  0%| F|  |TAMS 0x0000000085400000, 0x0000000085400000| Untracked 
|  53|0x0000000085500000, 0x00000000855afbc0, 0x0000000085600000| 68%| S|CS|TAMS 0x0000000085500000, 0x0000000085500000| Complete 
|  54|0x0000000085600000, 0x0000000085700000, 0x0000000085700000|100%| S|CS|TAMS 0x0000000085600000, 0x0000000085600000| Complete 
|  55|0x0000000085700000, 0x0000000085800000, 0x0000000085800000|100%| S|CS|TAMS 0x0000000085700000, 0x0000000085700000| Complete 
|  56|0x0000000085800000, 0x0000000085900000, 0x0000000085900000|100%| S|CS|TAMS 0x0000000085800000, 0x0000000085800000| Complete 
|  57|0x0000000085900000, 0x0000000085a00000, 0x0000000085a00000|100%| S|CS|TAMS 0x0000000085900000, 0x0000000085900000| Complete 
|  58|0x0000000085a00000, 0x0000000085b00000, 0x0000000085b00000|100%| S|CS|TAMS 0x0000000085a00000, 0x0000000085a00000| Complete 
|  59|0x0000000085b00000, 0x0000000085c00000, 0x0000000085c00000|100%| S|CS|TAMS 0x0000000085b00000, 0x0000000085b00000| Complete 
|  60|0x0000000085c00000, 0x0000000085d00000, 0x0000000085d00000|100%| S|CS|TAMS 0x0000000085c00000, 0x0000000085c00000| Complete 
|  61|0x0000000085d00000, 0x0000000085e00000, 0x0000000085e00000|100%| S|CS|TAMS 0x0000000085d00000, 0x0000000085d00000| Complete 
|  62|0x0000000085e00000, 0x0000000085e00000, 0x0000000085f00000|  0%| F|  |TAMS 0x0000000085e00000, 0x0000000085e00000| Untracked 
|  63|0x0000000085f00000, 0x0000000085f00000, 0x0000000086000000|  0%| F|  |TAMS 0x0000000085f00000, 0x0000000085f00000| Untracked 
|  64|0x0000000086000000, 0x0000000086000000, 0x0000000086100000|  0%| F|  |TAMS 0x0000000086000000, 0x0000000086000000| Untracked 
|  65|0x0000000086100000, 0x0000000086100000, 0x0000000086200000|  0%| F|  |TAMS 0x0000000086100000, 0x0000000086100000| Untracked 
|  66|0x0000000086200000, 0x0000000086200000, 0x0000000086300000|  0%| F|  |TAMS 0x0000000086200000, 0x0000000086200000| Untracked 
|  67|0x0000000086300000, 0x0000000086300000, 0x0000000086400000|  0%| F|  |TAMS 0x0000000086300000, 0x0000000086300000| Untracked 
|  68|0x0000000086400000, 0x0000000086400000, 0x0000000086500000|  0%| F|  |TAMS 0x0000000086400000, 0x0000000086400000| Untracked 
|  69|0x0000000086500000, 0x0000000086500000, 0x0000000086600000|  0%| F|  |TAMS 0x0000000086500000, 0x0000000086500000| Untracked 
|  70|0x0000000086600000, 0x0000000086700000, 0x0000000086700000|100%| S|CS|TAMS 0x0000000086600000, 0x0000000086600000| Complete 
|  71|0x0000000086700000, 0x0000000086800000, 0x0000000086800000|100%| S|CS|TAMS 0x0000000086700000, 0x0000000086700000| Complete 
|  72|0x0000000086800000, 0x0000000086800000, 0x0000000086900000|  0%| F|  |TAMS 0x0000000086800000, 0x0000000086800000| Untracked 
|  73|0x0000000086900000, 0x0000000086900000, 0x0000000086a00000|  0%| F|  |TAMS 0x0000000086900000, 0x0000000086900000| Untracked 
|  74|0x0000000086a00000, 0x0000000086a00000, 0x0000000086b00000|  0%| F|  |TAMS 0x0000000086a00000, 0x0000000086a00000| Untracked 
|  75|0x0000000086b00000, 0x0000000086b00000, 0x0000000086c00000|  0%| F|  |TAMS 0x0000000086b00000, 0x0000000086b00000| Untracked 
|  76|0x0000000086c00000, 0x0000000086c00000, 0x0000000086d00000|  0%| F|  |TAMS 0x0000000086c00000, 0x0000000086c00000| Untracked 
|  77|0x0000000086d00000, 0x0000000086d00000, 0x0000000086e00000|  0%| F|  |TAMS 0x0000000086d00000, 0x0000000086d00000| Untracked 
|  78|0x0000000086e00000, 0x0000000086e00000, 0x0000000086f00000|  0%| F|  |TAMS 0x0000000086e00000, 0x0000000086e00000| Untracked 
|  79|0x0000000086f00000, 0x0000000086f00000, 0x0000000087000000|  0%| F|  |TAMS 0x0000000086f00000, 0x0000000086f00000| Untracked 
|  80|0x0000000087000000, 0x0000000087000000, 0x0000000087100000|  0%| F|  |TAMS 0x0000000087000000, 0x0000000087000000| Untracked 
|  81|0x0000000087100000, 0x0000000087100000, 0x0000000087200000|  0%| F|  |TAMS 0x0000000087100000, 0x0000000087100000| Untracked 
|  82|0x0000000087200000, 0x0000000087200000, 0x0000000087300000|  0%| F|  |TAMS 0x0000000087200000, 0x0000000087200000| Untracked 
|  83|0x0000000087300000, 0x0000000087300000, 0x0000000087400000|  0%| F|  |TAMS 0x0000000087300000, 0x0000000087300000| Untracked 
|  84|0x0000000087400000, 0x0000000087400000, 0x0000000087500000|  0%| F|  |TAMS 0x0000000087400000, 0x0000000087400000| Untracked 
|  85|0x0000000087500000, 0x0000000087500000, 0x0000000087600000|  0%| F|  |TAMS 0x0000000087500000, 0x0000000087500000| Untracked 
|  86|0x0000000087600000, 0x0000000087600000, 0x0000000087700000|  0%| F|  |TAMS 0x0000000087600000, 0x0000000087600000| Untracked 
|  87|0x0000000087700000, 0x0000000087700000, 0x0000000087800000|  0%| F|  |TAMS 0x0000000087700000, 0x0000000087700000| Untracked 
|  88|0x0000000087800000, 0x0000000087800000, 0x0000000087900000|  0%| F|  |TAMS 0x0000000087800000, 0x0000000087800000| Untracked 
|  89|0x0000000087900000, 0x0000000087900000, 0x0000000087a00000|  0%| F|  |TAMS 0x0000000087900000, 0x0000000087900000| Untracked 
|  90|0x0000000087a00000, 0x0000000087a00000, 0x0000000087b00000|  0%| F|  |TAMS 0x0000000087a00000, 0x0000000087a00000| Untracked 
|  91|0x0000000087b00000, 0x0000000087b00000, 0x0000000087c00000|  0%| F|  |TAMS 0x0000000087b00000, 0x0000000087b00000| Untracked 
|  92|0x0000000087c00000, 0x0000000087c00000, 0x0000000087d00000|  0%| F|  |TAMS 0x0000000087c00000, 0x0000000087c00000| Untracked 
|  93|0x0000000087d00000, 0x0000000087d00000, 0x0000000087e00000|  0%| F|  |TAMS 0x0000000087d00000, 0x0000000087d00000| Untracked 
|  94|0x0000000087e00000, 0x0000000087e00000, 0x0000000087f00000|  0%| F|  |TAMS 0x0000000087e00000, 0x0000000087e00000| Untracked 
|  95|0x0000000087f00000, 0x0000000087f00000, 0x0000000088000000|  0%| F|  |TAMS 0x0000000087f00000, 0x0000000087f00000| Untracked 
|  96|0x0000000088000000, 0x0000000088000000, 0x0000000088100000|  0%| F|  |TAMS 0x0000000088000000, 0x0000000088000000| Untracked 
|  97|0x0000000088100000, 0x0000000088100000, 0x0000000088200000|  0%| F|  |TAMS 0x0000000088100000, 0x0000000088100000| Untracked 
|  98|0x0000000088200000, 0x0000000088200000, 0x0000000088300000|  0%| F|  |TAMS 0x0000000088200000, 0x0000000088200000| Untracked 
|  99|0x0000000088300000, 0x0000000088300000, 0x0000000088400000|  0%| F|  |TAMS 0x0000000088300000, 0x0000000088300000| Untracked 
| 100|0x0000000088400000, 0x0000000088400000, 0x0000000088500000|  0%| F|  |TAMS 0x0000000088400000, 0x0000000088400000| Untracked 
| 101|0x0000000088500000, 0x0000000088500000, 0x0000000088600000|  0%| F|  |TAMS 0x0000000088500000, 0x0000000088500000| Untracked 
| 102|0x0000000088600000, 0x0000000088600000, 0x0000000088700000|  0%| F|  |TAMS 0x0000000088600000, 0x0000000088600000| Untracked 
| 103|0x0000000088700000, 0x0000000088700000, 0x0000000088800000|  0%| F|  |TAMS 0x0000000088700000, 0x0000000088700000| Untracked 
| 104|0x0000000088800000, 0x0000000088800000, 0x0000000088900000|  0%| F|  |TAMS 0x0000000088800000, 0x0000000088800000| Untracked 
| 105|0x0000000088900000, 0x0000000088900000, 0x0000000088a00000|  0%| F|  |TAMS 0x0000000088900000, 0x0000000088900000| Untracked 
| 106|0x0000000088a00000, 0x0000000088a00000, 0x0000000088b00000|  0%| F|  |TAMS 0x0000000088a00000, 0x0000000088a00000| Untracked 
| 107|0x0000000088b00000, 0x0000000088b00000, 0x0000000088c00000|  0%| F|  |TAMS 0x0000000088b00000, 0x0000000088b00000| Untracked 
| 108|0x0000000088c00000, 0x0000000088c00000, 0x0000000088d00000|  0%| F|  |TAMS 0x0000000088c00000, 0x0000000088c00000| Untracked 
| 109|0x0000000088d00000, 0x0000000088d00000, 0x0000000088e00000|  0%| F|  |TAMS 0x0000000088d00000, 0x0000000088d00000| Untracked 
| 110|0x0000000088e00000, 0x0000000088e00000, 0x0000000088f00000|  0%| F|  |TAMS 0x0000000088e00000, 0x0000000088e00000| Untracked 
| 111|0x0000000088f00000, 0x0000000088f00000, 0x0000000089000000|  0%| F|  |TAMS 0x0000000088f00000, 0x0000000088f00000| Untracked 
| 112|0x0000000089000000, 0x0000000089000000, 0x0000000089100000|  0%| F|  |TAMS 0x0000000089000000, 0x0000000089000000| Untracked 
| 113|0x0000000089100000, 0x0000000089100000, 0x0000000089200000|  0%| F|  |TAMS 0x0000000089100000, 0x0000000089100000| Untracked 
| 114|0x0000000089200000, 0x0000000089200000, 0x0000000089300000|  0%| F|  |TAMS 0x0000000089200000, 0x0000000089200000| Untracked 
| 115|0x0000000089300000, 0x0000000089300000, 0x0000000089400000|  0%| F|  |TAMS 0x0000000089300000, 0x0000000089300000| Untracked 
| 116|0x0000000089400000, 0x0000000089400000, 0x0000000089500000|  0%| F|  |TAMS 0x0000000089400000, 0x0000000089400000| Untracked 
| 117|0x0000000089500000, 0x0000000089500000, 0x0000000089600000|  0%| F|  |TAMS 0x0000000089500000, 0x0000000089500000| Untracked 
| 118|0x0000000089600000, 0x0000000089600000, 0x0000000089700000|  0%| F|  |TAMS 0x0000000089600000, 0x0000000089600000| Untracked 
| 119|0x0000000089700000, 0x0000000089700000, 0x0000000089800000|  0%| F|  |TAMS 0x0000000089700000, 0x0000000089700000| Untracked 
| 120|0x0000000089800000, 0x0000000089800000, 0x0000000089900000|  0%| F|  |TAMS 0x0000000089800000, 0x0000000089800000| Untracked 
| 121|0x0000000089900000, 0x0000000089900000, 0x0000000089a00000|  0%| F|  |TAMS 0x0000000089900000, 0x0000000089900000| Untracked 
| 122|0x0000000089a00000, 0x0000000089a00000, 0x0000000089b00000|  0%| F|  |TAMS 0x0000000089a00000, 0x0000000089a00000| Untracked 
| 123|0x0000000089b00000, 0x0000000089b00000, 0x0000000089c00000|  0%| F|  |TAMS 0x0000000089b00000, 0x0000000089b00000| Untracked 
| 124|0x0000000089c00000, 0x0000000089c00000, 0x0000000089d00000|  0%| F|  |TAMS 0x0000000089c00000, 0x0000000089c00000| Untracked 
| 125|0x0000000089d00000, 0x0000000089e00000, 0x0000000089e00000|100%| E|  |TAMS 0x0000000089d00000, 0x0000000089d00000| Complete 
| 126|0x0000000089e00000, 0x0000000089f00000, 0x0000000089f00000|100%| E|CS|TAMS 0x0000000089e00000, 0x0000000089e00000| Complete 
| 127|0x0000000089f00000, 0x000000008a000000, 0x000000008a000000|100%| E|CS|TAMS 0x0000000089f00000, 0x0000000089f00000| Complete 
| 128|0x000000008a000000, 0x000000008a100000, 0x000000008a100000|100%| E|CS|TAMS 0x000000008a000000, 0x000000008a000000| Complete 
| 129|0x000000008a100000, 0x000000008a200000, 0x000000008a200000|100%| E|CS|TAMS 0x000000008a100000, 0x000000008a100000| Complete 
| 130|0x000000008a200000, 0x000000008a300000, 0x000000008a300000|100%| E|CS|TAMS 0x000000008a200000, 0x000000008a200000| Complete 
| 131|0x000000008a300000, 0x000000008a400000, 0x000000008a400000|100%| E|CS|TAMS 0x000000008a300000, 0x000000008a300000| Complete 
| 132|0x000000008a400000, 0x000000008a500000, 0x000000008a500000|100%| E|CS|TAMS 0x000000008a400000, 0x000000008a400000| Complete 
| 133|0x000000008a500000, 0x000000008a600000, 0x000000008a600000|100%| E|CS|TAMS 0x000000008a500000, 0x000000008a500000| Complete 
| 134|0x000000008a600000, 0x000000008a700000, 0x000000008a700000|100%| E|CS|TAMS 0x000000008a600000, 0x000000008a600000| Complete 
| 135|0x000000008a700000, 0x000000008a800000, 0x000000008a800000|100%| E|CS|TAMS 0x000000008a700000, 0x000000008a700000| Complete 
| 136|0x000000008a800000, 0x000000008a900000, 0x000000008a900000|100%| E|CS|TAMS 0x000000008a800000, 0x000000008a800000| Complete 
| 137|0x000000008a900000, 0x000000008aa00000, 0x000000008aa00000|100%| E|CS|TAMS 0x000000008a900000, 0x000000008a900000| Complete 
| 138|0x000000008aa00000, 0x000000008ab00000, 0x000000008ab00000|100%| E|CS|TAMS 0x000000008aa00000, 0x000000008aa00000| Complete 
| 139|0x000000008ab00000, 0x000000008ac00000, 0x000000008ac00000|100%| E|CS|TAMS 0x000000008ab00000, 0x000000008ab00000| Complete 
| 140|0x000000008ac00000, 0x000000008ad00000, 0x000000008ad00000|100%| E|CS|TAMS 0x000000008ac00000, 0x000000008ac00000| Complete 
| 141|0x000000008ad00000, 0x000000008ae00000, 0x000000008ae00000|100%| E|  |TAMS 0x000000008ad00000, 0x000000008ad00000| Complete 
| 142|0x000000008ae00000, 0x000000008af00000, 0x000000008af00000|100%| E|CS|TAMS 0x000000008ae00000, 0x000000008ae00000| Complete 
| 143|0x000000008af00000, 0x000000008b000000, 0x000000008b000000|100%| E|CS|TAMS 0x000000008af00000, 0x000000008af00000| Complete 
| 144|0x000000008b000000, 0x000000008b100000, 0x000000008b100000|100%| E|CS|TAMS 0x000000008b000000, 0x000000008b000000| Complete 
| 145|0x000000008b100000, 0x000000008b200000, 0x000000008b200000|100%| E|CS|TAMS 0x000000008b100000, 0x000000008b100000| Complete 
| 146|0x000000008b200000, 0x000000008b300000, 0x000000008b300000|100%| E|CS|TAMS 0x000000008b200000, 0x000000008b200000| Complete 
| 147|0x000000008b300000, 0x000000008b400000, 0x000000008b400000|100%| E|CS|TAMS 0x000000008b300000, 0x000000008b300000| Complete 
| 148|0x000000008b400000, 0x000000008b500000, 0x000000008b500000|100%| E|CS|TAMS 0x000000008b400000, 0x000000008b400000| Complete 
| 149|0x000000008b500000, 0x000000008b600000, 0x000000008b600000|100%| E|CS|TAMS 0x000000008b500000, 0x000000008b500000| Complete 
| 150|0x000000008b600000, 0x000000008b700000, 0x000000008b700000|100%| E|CS|TAMS 0x000000008b600000, 0x000000008b600000| Complete 
| 151|0x000000008b700000, 0x000000008b800000, 0x000000008b800000|100%| E|CS|TAMS 0x000000008b700000, 0x000000008b700000| Complete 

Card table byte_map: [0x0000027bb27d0000,0x0000027bb2bc0000] _byte_map_base: 0x0000027bb23c0000

Marking Bits (Prev, Next): (CMBitMap*) 0x0000027b9ac3acb8, (CMBitMap*) 0x0000027b9ac3acf0
 Prev Bits: [0x0000027bb2fb0000, 0x0000027bb4f30000)
 Next Bits: [0x0000027bb4f30000, 0x0000027bb6eb0000)

Polling page: 0x0000027b9a3d0000

Metaspace:

Usage:
  Non-class:     78.19 MB capacity,    76.95 MB ( 98%) used,   982.09 KB (  1%) free+waste,   294.06 KB ( <1%) overhead. 
      Class:     12.46 MB capacity,    11.59 MB ( 93%) used,   756.57 KB (  6%) free+waste,   139.44 KB (  1%) overhead. 
       Both:     90.66 MB capacity,    88.54 MB ( 98%) used,     1.70 MB (  2%) free+waste,   433.50 KB ( <1%) overhead. 

Virtual space:
  Non-class space:       80.00 MB reserved,      78.25 MB ( 98%) committed 
      Class space:        1.00 GB reserved,      12.57 MB (  1%) committed 
             Both:        1.08 GB reserved,      90.82 MB (  8%) committed 

Chunk freelists:
   Non-Class:  0 bytes
       Class:  640 bytes
        Both:  640 bytes

CodeHeap 'non-profiled nmethods': size=120000Kb used=6442Kb max_used=6442Kb free=113557Kb
 bounds [0x0000027baab70000, 0x0000027bab1c0000, 0x0000027bb20a0000]
CodeHeap 'profiled nmethods': size=120000Kb used=17454Kb max_used=17454Kb free=102545Kb
 bounds [0x0000027ba3640000, 0x0000027ba4750000, 0x0000027baab70000]
CodeHeap 'non-nmethods': size=5760Kb used=1271Kb max_used=1323Kb free=4489Kb
 bounds [0x0000027ba30a0000, 0x0000027ba3310000, 0x0000027ba3640000]
 total_blobs=7999 nmethods=7332 adapters=578
 compilation: enabled
              stopped_count=0, restarted_count=0
 full_count=0

Compilation events (10 events):
Event: 41.937 Thread 0x0000027bb9921000 7394       4       java.util.HashSet::size (8 bytes)
Event: 41.937 Thread 0x0000027bba3a1800 nmethod 7403 0x0000027bab1b9a90 code [0x0000027bab1b9c20, 0x0000027bab1b9d18]
Event: 41.937 Thread 0x0000027bba3a1800 7390       4       sun.reflect.annotation.AnnotationParser::parseMemberValue (162 bytes)
Event: 41.937 Thread 0x0000027bb9921000 nmethod 7394 0x0000027bab1b9e90 code [0x0000027bab1ba020, 0x0000027bab1ba098]
Event: 41.937 Thread 0x0000027bb9921000 7418       4       java.util.HashMap$ValueIterator::next (8 bytes)
Event: 41.942 Thread 0x0000027bb9921000 nmethod 7418 0x0000027bab1ba110 code [0x0000027bab1ba2a0, 0x0000027bab1ba678]
Event: 41.944 Thread 0x0000027bb9922800 7421       3       org.apache.http.message.BasicListHeaderIterator::filterHeader (37 bytes)
Event: 41.944 Thread 0x0000027bb9922800 nmethod 7421 0x0000027ba474b190 code [0x0000027ba474b360, 0x0000027ba474b768]
Event: 41.944 Thread 0x0000027bb9922800 7422       1       java.util.AbstractMap$SimpleImmutableEntry::getKey (5 bytes)
Event: 41.944 Thread 0x0000027bb9922800 nmethod 7422 0x0000027bab1ba810 code [0x0000027bab1ba9a0, 0x0000027bab1baa58]

GC Heap History (10 events):
Event: 6.822 GC heap before
{Heap before GC invocations=12 (full 0):
 garbage-first heap   total 129024K, used 91395K [0x0000000082000000, 0x0000000100000000)
  region size 1024K, 72 young (73728K), 6 survivors (6144K)
 Metaspace       used 56783K, capacity 58218K, committed 58368K, reserved 1099776K
  class space    used 7298K, capacity 7873K, committed 7936K, reserved 1048576K
}
Event: 6.831 GC heap after
{Heap after GC invocations=13 (full 0):
 garbage-first heap   total 155648K, used 26049K [0x0000000082000000, 0x0000000100000000)
  region size 1024K, 4 young (4096K), 4 survivors (4096K)
 Metaspace       used 56783K, capacity 58218K, committed 58368K, reserved 1099776K
  class space    used 7298K, capacity 7873K, committed 7936K, reserved 1048576K
}
Event: 6.978 GC heap before
{Heap before GC invocations=13 (full 0):
 garbage-first heap   total 155648K, used 34241K [0x0000000082000000, 0x0000000100000000)
  region size 1024K, 13 young (13312K), 4 survivors (4096K)
 Metaspace       used 58696K, capacity 60203K, committed 60288K, reserved 1101824K
  class space    used 7556K, capacity 8152K, committed 8192K, reserved 1048576K
}
Event: 6.982 GC heap after
{Heap after GC invocations=14 (full 0):
 garbage-first heap   total 155648K, used 26715K [0x0000000082000000, 0x0000000100000000)
  region size 1024K, 5 young (5120K), 5 survivors (5120K)
 Metaspace       used 58696K, capacity 60203K, committed 60288K, reserved 1101824K
  class space    used 7556K, capacity 8152K, committed 8192K, reserved 1048576K
}
Event: 7.995 GC heap before
{Heap before GC invocations=15 (full 0):
 garbage-first heap   total 155648K, used 113755K [0x0000000082000000, 0x0000000100000000)
  region size 1024K, 90 young (92160K), 5 survivors (5120K)
 Metaspace       used 71426K, capacity 73162K, committed 73292K, reserved 1112064K
  class space    used 9329K, capacity 10042K, committed 10060K, reserved 1048576K
}
Event: 8.003 GC heap after
{Heap after GC invocations=16 (full 0):
 garbage-first heap   total 155648K, used 30915K [0x0000000082000000, 0x0000000100000000)
  region size 1024K, 9 young (9216K), 9 survivors (9216K)
 Metaspace       used 71426K, capacity 73162K, committed 73292K, reserved 1112064K
  class space    used 9329K, capacity 10042K, committed 10060K, reserved 1048576K
}
Event: 11.421 GC heap before
{Heap before GC invocations=17 (full 0):
 garbage-first heap   total 155648K, used 114883K [0x0000000082000000, 0x0000000100000000)
  region size 1024K, 91 young (93184K), 9 survivors (9216K)
 Metaspace       used 76560K, capacity 78552K, committed 78796K, reserved 1118208K
  class space    used 10035K, capacity 10844K, committed 10956K, reserved 1048576K
}
Event: 11.430 GC heap after
{Heap after GC invocations=18 (full 0):
 garbage-first heap   total 155648K, used 36267K [0x0000000082000000, 0x0000000100000000)
  region size 1024K, 11 young (11264K), 11 survivors (11264K)
 Metaspace       used 76560K, capacity 78552K, committed 78796K, reserved 1118208K
  class space    used 10035K, capacity 10844K, committed 10956K, reserved 1048576K
}
Event: 23.120 GC heap before
{Heap before GC invocations=18 (full 0):
 garbage-first heap   total 155648K, used 118187K [0x0000000082000000, 0x0000000100000000)
  region size 1024K, 91 young (93184K), 11 survivors (11264K)
 Metaspace       used 86715K, capacity 88800K, committed 89164K, reserved 1126400K
  class space    used 11391K, capacity 12264K, committed 12364K, reserved 1048576K
}
Event: 23.129 GC heap after
{Heap after GC invocations=19 (full 0):
 garbage-first heap   total 155648K, used 41291K [0x0000000082000000, 0x0000000100000000)
  region size 1024K, 11 young (11264K), 11 survivors (11264K)
 Metaspace       used 86715K, capacity 88800K, committed 89164K, reserved 1126400K
  class space    used 11391K, capacity 12264K, committed 12364K, reserved 1048576K
}

Deoptimization events (10 events):
Event: 27.726 Thread 0x0000027bc419c800 Uncommon trap: reason=profile_predicate action=maybe_recompile pc=0x0000027baafeb460 method=org.springframework.core.annotation.TypeMappedAnnotation.asMap(Ljava/util/function/Function;[Lorg/springframework/core/annotation/MergedAnnotation$Adapt;)Ljava/uti
Event: 27.728 Thread 0x0000027bc419c800 Uncommon trap: reason=unstable_if action=reinterpret pc=0x0000027bab045b58 method=org.springframework.transaction.annotation.AnnotationTransactionAttributeSource.determineTransactionAttribute(Ljava/lang/reflect/AnnotatedElement;)Lorg/springframework/trans
Event: 27.756 Thread 0x0000027bc419c800 Uncommon trap: reason=unstable_if action=reinterpret pc=0x0000027baafd1d90 method=java.util.StringTokenizer.skipDelimiters(I)I @ 21 c2
Event: 27.756 Thread 0x0000027bc419c800 Uncommon trap: reason=unstable_if action=reinterpret pc=0x0000027baad67b74 method=java.util.StringTokenizer.scanToken(I)I @ 96 c2
Event: 27.756 Thread 0x0000027bc419c800 Uncommon trap: reason=unstable_if action=reinterpret pc=0x0000027bab147f1c method=java.util.StringTokenizer.skipDelimiters(I)I @ 21 c2
Event: 27.756 Thread 0x0000027bc419c800 Uncommon trap: reason=unstable_if action=reinterpret pc=0x0000027bab163e30 method=java.util.StringTokenizer.scanToken(I)I @ 96 c2
Event: 27.778 Thread 0x0000027bc419c800 Uncommon trap: reason=unstable_if action=reinterpret pc=0x0000027baab7bb64 method=java.lang.CharacterData.of(I)Ljava/lang/CharacterData; @ 4 c2
Event: 27.781 Thread 0x0000027bc419c800 Uncommon trap: reason=unstable_if action=reinterpret pc=0x0000027baaf515f4 method=java.util.regex.Matcher.search(I)Z @ 76 c2
Event: 27.886 Thread 0x0000027bc419c800 Uncommon trap: reason=unstable_if action=reinterpret pc=0x0000027bab0112b8 method=sun.reflect.annotation.AnnotationInvocationHandler.invoke(Ljava/lang/Object;Ljava/lang/reflect/Method;[Ljava/lang/Object;)Ljava/lang/Object; @ 136 c2
Event: 28.031 Thread 0x0000027bc419c800 Uncommon trap: reason=unstable_if action=reinterpret pc=0x0000027baacac7b4 method=java.nio.Buffer.<init>(IIII)V @ 44 c2

Classes redefined (0 events):
No events

Internal exceptions (10 events):
Event: 23.146 Thread 0x0000027bc2199800 Exception <a 'java/lang/ClassNotFoundException'{0x000000008b686b30}: org/springframework/web/servlet/support/RequestContextCustomizer> (0x000000008b686b30) thrown at [./open/src/hotspot/share/classfile/systemDictionary.cpp, line 228]
Event: 23.824 Thread 0x0000027bc41a0000 Exception <a 'java/io/IOException'{0x000000008b5e9f30}> (0x000000008b5e9f30) thrown at [./open/src/hotspot/share/prims/jni.cpp, line 611]
Event: 23.824 Thread 0x0000027bc419e000 Exception <a 'java/io/IOException'{0x000000008b400138}> (0x000000008b400138) thrown at [./open/src/hotspot/share/prims/jni.cpp, line 611]
Event: 23.826 Thread 0x0000027bc419e000 Exception <a 'java/io/IOException'{0x000000008b435718}> (0x000000008b435718) thrown at [./open/src/hotspot/share/prims/jni.cpp, line 611]
Event: 23.826 Thread 0x0000027bc41a0000 Exception <a 'java/io/IOException'{0x000000008b5eb440}> (0x000000008b5eb440) thrown at [./open/src/hotspot/share/prims/jni.cpp, line 611]
Event: 27.851 Thread 0x0000027bc419c800 Exception <a 'java/lang/NoSuchMethodError'{0x000000008a8a0778}: java.lang.invoke.DirectMethodHandle$Holder.invokeStaticInit(Ljava/lang/Object;Ljava/lang/Object;Ljava/lang/Object;Ljava/lang/Object;Ljava/lang/Object;Ljava/lang/Object;)Ljava/lang/Object;> (0
Event: 27.860 Thread 0x0000027bc419c800 Exception <a 'java/lang/NoSuchMethodError'{0x000000008a8f0fd8}: java.lang.invoke.DirectMethodHandle$Holder.invokeSpecial(Ljava/lang/Object;Ljava/lang/Object;Ljava/lang/Object;Ljava/lang/Object;J)Ljava/lang/Object;> (0x000000008a8f0fd8) thrown at [./open/s
Event: 27.949 Thread 0x0000027bc419c800 Exception <a 'java/lang/NoSuchMethodError'{0x000000008a3e88d8}: java.lang.invoke.DirectMethodHandle$Holder.invokeStatic(Ljava/lang/Object;Ljava/lang/Object;Ljava/lang/Object;Ljava/lang/Object;Ljava/lang/Object;)I> (0x000000008a3e88d8) thrown at [./open/sr
Event: 41.925 Thread 0x0000027bbce39000 Exception <a 'java/net/SocketTimeoutException'{0x0000000089d2edf8}: Read timed out> (0x0000000089d2edf8) thrown at [./open/src/hotspot/share/prims/jni.cpp, line 632]
Event: 41.941 Thread 0x0000027bc2598800 Exception <a 'java/net/SocketTimeoutException'{0x0000000089dbac18}: Read timed out> (0x0000000089dbac18) thrown at [./open/src/hotspot/share/prims/jni.cpp, line 632]

Events (10 events):
Event: 41.928 Executing VM operation: RevokeBias done
Event: 41.928 Executing VM operation: RevokeBias
Event: 41.928 Executing VM operation: RevokeBias done
Event: 41.929 loading class com/netflix/appinfo/InstanceInfo
Event: 41.929 loading class com/netflix/appinfo/InstanceInfo done
Event: 41.929 loading class com/netflix/appinfo/InstanceInfo
Event: 41.929 loading class com/netflix/appinfo/InstanceInfo done
Event: 41.934 Thread 0x0000027bba3a1800 Thread added: 0x0000027bba3a1800
Event: 41.936 Executing VM operation: RevokeBias
Event: 41.936 Executing VM operation: RevokeBias done


Dynamic libraries:
0x00007ff645e50000 - 0x00007ff645e5f000 	C:\Program Files\Java\jdk-11.0.11\bin\java.exe
0x00007ffe10830000 - 0x00007ffe10a25000 	C:\WINDOWS\SYSTEM32\ntdll.dll
0x00007ffe0ed40000 - 0x00007ffe0edfd000 	C:\WINDOWS\System32\KERNEL32.DLL
0x00007ffe0e460000 - 0x00007ffe0e729000 	C:\WINDOWS\System32\KERNELBASE.dll
0x00007ffe0e290000 - 0x00007ffe0e390000 	C:\WINDOWS\System32\ucrtbase.dll
0x00007ffdf6140000 - 0x00007ffdf6155000 	C:\Program Files\Java\jdk-11.0.11\bin\VCRUNTIME140.dll
0x00007ffdf6bb0000 - 0x00007ffdf6bc8000 	C:\Program Files\Java\jdk-11.0.11\bin\jli.dll
0x00007ffe10570000 - 0x00007ffe1061c000 	C:\WINDOWS\System32\ADVAPI32.dll
0x00007ffe0fac0000 - 0x00007ffe0fb5e000 	C:\WINDOWS\System32\msvcrt.dll
0x00007ffe0fb60000 - 0x00007ffe0fbfb000 	C:\WINDOWS\System32\sechost.dll
0x00007ffe10420000 - 0x00007ffe1054a000 	C:\WINDOWS\System32\RPCRT4.dll
0x00007ffe0e930000 - 0x00007ffe0ead0000 	C:\WINDOWS\System32\USER32.dll
0x00007ffe0e730000 - 0x00007ffe0e752000 	C:\WINDOWS\System32\win32u.dll
0x00007ffdfd9e0000 - 0x00007ffdfdc7a000 	C:\WINDOWS\WinSxS\amd64_microsoft.windows.common-controls_6595b64144ccf1df_6.0.19041.1083_none_60bbe31371f34e71\COMCTL32.dll
0x00007ffe0ee10000 - 0x00007ffe0ee3a000 	C:\WINDOWS\System32\GDI32.dll
0x00007ffe0e180000 - 0x00007ffe0e28b000 	C:\WINDOWS\System32\gdi32full.dll
0x00007ffe0e390000 - 0x00007ffe0e42d000 	C:\WINDOWS\System32\msvcp_win.dll
0x00007ffe04a80000 - 0x00007ffe04a8a000 	C:\WINDOWS\SYSTEM32\VERSION.dll
0x00007ffe0ed10000 - 0x00007ffe0ed40000 	C:\WINDOWS\System32\IMM32.DLL
0x00007ffdbe080000 - 0x00007ffdbe11b000 	C:\Program Files\Java\jdk-11.0.11\bin\msvcp140.dll
0x00007ffdbd580000 - 0x00007ffdbe07e000 	C:\Program Files\Java\jdk-11.0.11\bin\server\jvm.dll
0x00007ffe0f140000 - 0x00007ffe0f148000 	C:\WINDOWS\System32\PSAPI.DLL
0x00007ffe07df0000 - 0x00007ffe07df9000 	C:\WINDOWS\SYSTEM32\WSOCK32.dll
0x00007ffdff890000 - 0x00007ffdff8b7000 	C:\WINDOWS\SYSTEM32\WINMM.dll
0x00007ffe0f0d0000 - 0x00007ffe0f13b000 	C:\WINDOWS\System32\WS2_32.dll
0x00007ffe0cb00000 - 0x00007ffe0cb12000 	C:\WINDOWS\SYSTEM32\kernel.appcore.dll
0x00007ffe06560000 - 0x00007ffe06570000 	C:\Program Files\Java\jdk-11.0.11\bin\verify.dll
0x00007ffe0c500000 - 0x00007ffe0c6e4000 	C:\WINDOWS\SYSTEM32\DBGHELP.DLL
0x00007ffdf5d10000 - 0x00007ffdf5d3c000 	C:\WINDOWS\SYSTEM32\dbgcore.DLL
0x00007ffe0e7c0000 - 0x00007ffe0e843000 	C:\WINDOWS\System32\bcryptPrimitives.dll
0x00007ffde6f70000 - 0x00007ffde6f98000 	C:\Program Files\Java\jdk-11.0.11\bin\java.dll
0x00007ffe06520000 - 0x00007ffe0652a000 	C:\Program Files\Java\jdk-11.0.11\bin\jimage.dll
0x00007ffdef8f0000 - 0x00007ffdef906000 	C:\Program Files\Java\jdk-11.0.11\bin\zip.dll
0x00007ffe0fc00000 - 0x00007ffe1033f000 	C:\WINDOWS\System32\SHELL32.dll
0x00007ffe0bca0000 - 0x00007ffe0c431000 	C:\WINDOWS\SYSTEM32\windows.storage.dll
0x00007ffe0f150000 - 0x00007ffe0f4a5000 	C:\WINDOWS\System32\combase.dll
0x00007ffe0d900000 - 0x00007ffe0d92c000 	C:\WINDOWS\SYSTEM32\Wldp.dll
0x00007ffe10740000 - 0x00007ffe107ee000 	C:\WINDOWS\System32\SHCORE.dll
0x00007ffe0f4b0000 - 0x00007ffe0f505000 	C:\WINDOWS\System32\shlwapi.dll
0x00007ffe0deb0000 - 0x00007ffe0decf000 	C:\WINDOWS\SYSTEM32\profapi.dll
0x00007ffdf9750000 - 0x00007ffdf9769000 	C:\Program Files\Java\jdk-11.0.11\bin\net.dll
0x00007ffe059a0000 - 0x00007ffe05aaa000 	C:\WINDOWS\SYSTEM32\WINHTTP.dll
0x00007ffe0d6e0000 - 0x00007ffe0d74a000 	C:\WINDOWS\system32\mswsock.dll
0x00007ffdf64d0000 - 0x00007ffdf64e2000 	C:\Program Files\Java\jdk-11.0.11\bin\nio.dll
0x00007ffe0d3a0000 - 0x00007ffe0d3db000 	C:\WINDOWS\SYSTEM32\IPHLPAPI.DLL
0x00007ffe0ee00000 - 0x00007ffe0ee08000 	C:\WINDOWS\System32\NSI.dll
0x00007ffe07200000 - 0x00007ffe07217000 	C:\WINDOWS\SYSTEM32\dhcpcsvc6.DLL
0x00007ffe071e0000 - 0x00007ffe071fd000 	C:\WINDOWS\SYSTEM32\dhcpcsvc.DLL
0x00007ffe0d3f0000 - 0x00007ffe0d4bc000 	C:\WINDOWS\SYSTEM32\DNSAPI.dll
0x0000000055e80000 - 0x0000000055ea6000 	C:\Program Files\Bonjour\mdnsNSP.dll
0x00007ffdf9590000 - 0x00007ffdf9599000 	C:\Program Files\Java\jdk-11.0.11\bin\management.dll
0x00007ffdf9580000 - 0x00007ffdf958b000 	C:\Program Files\Java\jdk-11.0.11\bin\management_ext.dll
0x00007ffde6f00000 - 0x00007ffde6f17000 	C:\WINDOWS\system32\napinsp.dll
0x00007ffde6ee0000 - 0x00007ffde6efb000 	C:\WINDOWS\system32\pnrpnsp.dll
0x00007ffde6ec0000 - 0x00007ffde6ed5000 	C:\WINDOWS\system32\wshbth.dll
0x00007ffe09540000 - 0x00007ffe0955d000 	C:\WINDOWS\system32\NLAapi.dll
0x00007ffde6ea0000 - 0x00007ffde6eb2000 	C:\WINDOWS\System32\winrnr.dll
0x00007ffdfd310000 - 0x00007ffdfd31a000 	C:\Windows\System32\rasadhlp.dll
0x00007ffe05650000 - 0x00007ffe056cf000 	C:\WINDOWS\System32\fwpuclnt.dll
0x00007ffe0e430000 - 0x00007ffe0e457000 	C:\WINDOWS\System32\bcrypt.dll
0x00007ffe0d940000 - 0x00007ffe0d958000 	C:\WINDOWS\SYSTEM32\CRYPTSP.dll
0x00007ffe0d030000 - 0x00007ffe0d064000 	C:\WINDOWS\system32\rsaenh.dll
0x00007ffe0de30000 - 0x00007ffe0de5e000 	C:\WINDOWS\SYSTEM32\USERENV.dll
0x00007ffe0d860000 - 0x00007ffe0d86c000 	C:\WINDOWS\SYSTEM32\CRYPTBASE.dll
0x00007ffdfbb80000 - 0x00007ffdfbb8d000 	C:\Program Files\Java\jdk-11.0.11\bin\sunmscapi.dll
0x00007ffe0e020000 - 0x00007ffe0e17f000 	C:\WINDOWS\System32\CRYPT32.dll
0x00007ffe0da50000 - 0x00007ffe0da77000 	C:\WINDOWS\SYSTEM32\ncrypt.dll
0x00007ffe0da10000 - 0x00007ffe0da4b000 	C:\WINDOWS\SYSTEM32\NTASN1.dll
0x00007ffdee520000 - 0x00007ffdee545000 	C:\Program Files\Java\jdk-11.0.11\bin\sunec.dll

dbghelp: loaded successfully - version: 4.0.5 - missing functions: none
symbol engine: initialized successfully - sym options: 0x614 - pdb path: .;C:\Program Files\Java\jdk-11.0.11\bin;C:\WINDOWS\SYSTEM32;C:\WINDOWS\WinSxS\amd64_microsoft.windows.common-controls_6595b64144ccf1df_6.0.19041.1083_none_60bbe31371f34e71;C:\Program Files\Java\jdk-11.0.11\bin\server;C:\Program Files\Bonjour

VM Arguments:
jvm_args: -Dfile.encoding=UTF-8 
java_command: com.backend.cliente.ClienteApplication
java_class_path (initial): D:\PRAGMA\Java\backend practica\cliente-service\cliente\target\classes;C:\Users\agpp1\.m2\repository\org\springframework\boot\spring-boot-starter-data-jpa\2.5.2\spring-boot-starter-data-jpa-2.5.2.jar;C:\Users\agpp1\.m2\repository\org\springframework\boot\spring-boot-starter-aop\2.5.2\spring-boot-starter-aop-2.5.2.jar;C:\Users\agpp1\.m2\repository\org\springframework\spring-aop\5.3.8\spring-aop-5.3.8.jar;C:\Users\agpp1\.m2\repository\org\aspectj\aspectjweaver\1.9.6\aspectjweaver-1.9.6.jar;C:\Users\agpp1\.m2\repository\org\springframework\boot\spring-boot-starter-jdbc\2.5.2\spring-boot-starter-jdbc-2.5.2.jar;C:\Users\agpp1\.m2\repository\com\zaxxer\HikariCP\4.0.3\HikariCP-4.0.3.jar;C:\Users\agpp1\.m2\repository\org\springframework\spring-jdbc\5.3.8\spring-jdbc-5.3.8.jar;C:\Users\agpp1\.m2\repository\jakarta\transaction\jakarta.transaction-api\1.3.3\jakarta.transaction-api-1.3.3.jar;C:\Users\agpp1\.m2\repository\jakarta\persistence\jakarta.persistence-api\2.2.3\jakarta.persistence-api-2.2.3.jar;C:\Users\agpp1\.m2\repository\org\hibernate\hibernate-core\5.4.32.Final\hibernate-core-5.4.32.Final.jar;C:\Users\agpp1\.m2\repository\org\jboss\logging\jboss-logging\3.4.2.Final\jboss-logging-3.4.2.Final.jar;C:\Users\agpp1\.m2\repository\org\javassist\javassist\3.27.0-GA\javassist-3.27.0-GA.jar;C:\Users\agpp1\.m2\repository\net\bytebuddy\byte-buddy\1.10.22\byte-buddy-1.10.22.jar;C:\Users\agpp1\.m2\repository\antlr\antlr\2.7.7\antlr-2.7.7.jar;C:\Users\agpp1\.m2\repository\org\jboss\jandex\2.2.3.Final\jandex-2.2.3.Final.jar;C:\Users\agpp1\.m2\repository\com\fasterxml\classmate\1.5.1\classmate-1.5.1.jar;C:\Users\agpp1\.m2\repository\org\dom4j\dom4j\2.1.3\dom4j-2.1.3.jar;C:\Users\agpp1\.m2\repository\org\hibernate\common\hibernate-commons-annotations\5.1.2.Final\hibernate-commons-annotations-5.1.2.Final.jar;C:\Users\agpp1\.m2\repository\org\glassfish\jaxb\jaxb-runtime\2.3.4\jaxb-runtime-2.3.4.jar;C:\Users\agpp1\.m2\repository\org\glassfish\jaxb\txw2\2.3.
Launcher Type: SUN_STANDARD

[Global flags]
     intx CICompilerCount                          = 4                                         {product} {ergonomic}
     uint ConcGCThreads                            = 2                                         {product} {ergonomic}
     uint G1ConcRefinementThreads                  = 8                                         {product} {ergonomic}
   size_t G1HeapRegionSize                         = 1048576                                   {product} {ergonomic}
    uintx GCDrainStackTargetSize                   = 64                                        {product} {ergonomic}
   size_t InitialHeapSize                          = 132120576                                 {product} {ergonomic}
   size_t MarkStackSize                            = 4194304                                   {product} {ergonomic}
   size_t MaxHeapSize                              = 2113929216                                {product} {ergonomic}
   size_t MaxNewSize                               = 1267728384                                {product} {ergonomic}
   size_t MinHeapDeltaBytes                        = 1048576                                   {product} {ergonomic}
    uintx NonNMethodCodeHeapSize                   = 5836300                                {pd product} {ergonomic}
    uintx NonProfiledCodeHeapSize                  = 122910970                              {pd product} {ergonomic}
    uintx ProfiledCodeHeapSize                     = 122910970                              {pd product} {ergonomic}
    uintx ReservedCodeCacheSize                    = 251658240                              {pd product} {ergonomic}
     bool SegmentedCodeCache                       = true                                      {product} {ergonomic}
     bool UseCompressedClassPointers               = true                                 {lp64_product} {ergonomic}
     bool UseCompressedOops                        = true                                 {lp64_product} {ergonomic}
     bool UseG1GC                                  = true                                      {product} {ergonomic}
     bool UseLargePagesIndividualAllocation        = false                                  {pd product} {ergonomic}

Logging:
Log output configuration:
 #0: stdout all=warning uptime,level,tags
 #1: stderr all=off uptime,level,tags

Environment Variables:
JAVA_HOME=C:\Program Files\Java\jdk-11.0.11
PATH=C:\Python39\Scripts\;C:\Python39\;C:\Program Files (x86)\Common Files\Oracle\Java\javapath;C:\Program Files\Common Files\Oracle\Java\javapath;C:\Windows\system32;C:\Windows;C:\Windows\System32\Wbem;C:\Windows\System32\WindowsPowerShell\v1.0\;C:\Windows\System32\OpenSSH\;C:\Program Files (x86)\NVIDIA Corporation\PhysX\Common;C:\Program Files\NVIDIA Corporation\NVIDIA NvDLISR;C:\Program Files\nodejs\;C:\ProgramData\chocolatey\bin;C:\Program Files\Git\cmd;C:\Program Files\Docker\Docker\resources\bin;C:\ProgramData\DockerDesktop\version-bin;C:\WINDOWS\system32;C:\WINDOWS;C:\WINDOWS\System32\Wbem;C:\WINDOWS\System32\WindowsPowerShell\v1.0\;C:\WINDOWS\System32\OpenSSH\;C:\Program Files\Amazon\AWSCLI\;C:\Program Files\MySQL\MySQL Shell 8.0\bin\;C:\Users\agpp1\AppData\Local\Microsoft\WindowsApps;C:\Users\agpp1\AppData\Local\Programs\Microsoft VS Code\bin;C:\Users\agpp1\AppData\Roaming\npm;C:\Users\agpp1\AppData\Local\GitHubDesktop\bin;C:\Program Files (x86)\Ardesia\bin;
USERNAME=UNREAL
OS=Windows_NT
PROCESSOR_IDENTIFIER=Intel64 Family 6 Model 165 Stepping 2, GenuineIntel



---------------  S Y S T E M  ---------------

OS: Windows 10 , 64 bit Build 19041 (10.0.19041.1023)
Hyper-V role detected

CPU:total 8 (initial active 8) (4 cores per cpu, 2 threads per core) family 6 model 165 stepping 2 microcode 0xc8, cmov, cx8, fxsr, mmx, sse, sse2, sse3, ssse3, sse4.1, sse4.2, popcnt, avx, avx2, aes, clmul, erms, 3dnowpref, lzcnt, ht, tsc, tscinvbit, bmi1, bmi2, adx, fma

Memory: 4k page, system-wide physical 8060M (1221M free)
TotalPageFile size 12156M (AvailPageFile size 1M)
current process WorkingSet (physical memory assigned to process): 333M, peak: 403M
current process commit charge ("private bytes"): 402M, peak: 465M

vm_info: Java HotSpot(TM) 64-Bit Server VM (11.0.11+9-LTS-194) for windows-amd64 JRE (11.0.11+9-LTS-194), built on Mar 18 2021 18:46:53 by "mach5one" with MS VC++ 15.9 (VS2017)

END.
