#
# There is insufficient memory for the Java Runtime Environment to continue.
# Native memory allocation (malloc) failed to allocate 1048576 bytes for AllocateHeap
# Possible reasons:
#   The system is out of physical RAM or swap space
#   The process is running with CompressedOops enabled, and the Java Heap may be blocking the growth of the native heap
# Possible solutions:
#   Reduce memory load on the system
#   Increase physical memory or swap space
#   Check if swap backing store is full
#   Decrease Java heap size (-Xmx/-Xms)
#   Decrease number of Java threads
#   Decrease Java thread stack sizes (-Xss)
#   Set larger code cache with -XX:ReservedCodeCacheSize=
#   JVM is running with Unscaled Compressed Oops mode in which the Java heap is
#     placed in the first 4GB address space. The Java Heap base address is the
#     maximum limit for the native heap growth. Please use -XX:HeapBaseMinAddress
#     to set the Java Heap base and to place the Java Heap above 4GB virtual address.
# This output file may be truncated or incomplete.
#
#  Out of Memory Error (./open/src/hotspot/share/memory/allocation.cpp:46), pid=11384, tid=10104
#
# JRE version:  (11.0.11+9) (build )
# Java VM: Java HotSpot(TM) 64-Bit Server VM (11.0.11+9-LTS-194, mixed mode, tiered, compressed oops, parallel gc, windows-amd64)
# No core dump will be written. Minidumps are not enabled by default on client versions of Windows
#

---------------  S U M M A R Y ------------

Command Line: --add-modules=ALL-SYSTEM --add-opens=java.base/java.util=ALL-UNNAMED --add-opens=java.base/java.lang=ALL-UNNAMED -Declipse.application=org.eclipse.jdt.ls.core.id1 -Dosgi.bundles.defaultStartLevel=4 -Declipse.product=org.eclipse.jdt.ls.core.product -Dfile.encoding=utf8 -DwatchParentProcess=false -XX:+UseParallelGC -XX:GCTimeRatio=4 -XX:AdaptiveSizePolicyWeight=90 -Dsun.zip.disableMemoryMapping=true -Xmx1G -Xms100m -javaagent:c:\Users\agpp1\.vscode\extensions\gabrielbb.vscode-lombok-1.0.1\server\lombok.jar -Xverify:none c:\Users\agpp1\.vscode\extensions\redhat.java-0.80.0\server\plugins\org.eclipse.equinox.launcher_1.6.200.v20210416-2027.jar -configuration c:\Users\agpp1\AppData\Roaming\Code\User\globalStorage\redhat.java\0.80.0\config_ss_win -data c:\Users\agpp1\AppData\Roaming\Code\User\workspaceStorage\1528d4c6b8f63f16f3fa826a471dcd5d-1\redhat.java\ss_ws

Host: Intel(R) Core(TM) i5-10300H CPU @ 2.50GHz, 8 cores, 7G,  Windows 10 , 64 bit Build 19041 (10.0.19041.1023)
Time: Sun Jul 11 15:50:11 2021 Hora est. Pacífico, Sudamérica elapsed time: 2.321239 seconds (0d 0h 0m 2s)

---------------  T H R E A D  ---------------

Current thread (0x000002244f899000):  JavaThread "Unknown thread" [_thread_in_vm, id=10104, stack(0x0000003597800000,0x0000003597900000)]

Stack: [0x0000003597800000,0x0000003597900000]
Native frames: (J=compiled Java code, j=interpreted, Vv=VM code, C=native code)
V  [jvm.dll+0x616f2a]
V  [jvm.dll+0x74de7f]
V  [jvm.dll+0x74f505]
V  [jvm.dll+0x74fb83]
V  [jvm.dll+0x2436d8]
V  [jvm.dll+0xb13b4]
V  [jvm.dll+0x659b9a]
V  [jvm.dll+0x65a457]
V  [jvm.dll+0x72bc0f]
V  [jvm.dll+0x34bdcb]
V  [jvm.dll+0x70f360]
V  [jvm.dll+0x3b50df]
V  [jvm.dll+0x3b71e1]
C  [jli.dll+0x520b]
C  [ucrtbase.dll+0x21bb2]
C  [KERNEL32.DLL+0x17034]
C  [ntdll.dll+0x52651]


---------------  P R O C E S S  ---------------

Threads class SMR info:
_java_thread_list=0x000002244de20c10, length=0, elements={
}

Java Threads: ( => current thread )

Other Threads:
  0x000002244f8ae000 GCTaskThread "ParGC Thread#0" [stack: 0x0000003597900000,0x0000003597a00000] [id=3924]

=>0x000002244f899000 (exited) JavaThread "Unknown thread" [_thread_in_vm, id=10104, stack(0x0000003597800000,0x0000003597900000)]

Threads with active compile tasks:

VM state:not at safepoint (normal execution)

VM Mutex/Monitor currently owned by a thread: None

Heap address: 0x00000000c0000000, size: 1024 MB, Compressed Oops mode: 32-bit
Narrow klass base: 0x0000000000000000, Narrow klass shift: 3
Compressed class space size: 1073741824 Address: 0x0000000100000000

Heap:
 PSYoungGen      total 29696K, used 512K [0x00000000eab00000, 0x00000000ecc00000, 0x0000000100000000)
  eden space 25600K, 2% used [0x00000000eab00000,0x00000000eab80010,0x00000000ec400000)
  from space 4096K, 0% used [0x00000000ec800000,0x00000000ec800000,0x00000000ecc00000)
  to   space 4096K, 0% used [0x00000000ec400000,0x00000000ec400000,0x00000000ec800000)
 ParOldGen       total 68608K, used 0K [0x00000000c0000000, 0x00000000c4300000, 0x00000000eab00000)
  object space 68608K, 0% used [0x00000000c0000000,0x00000000c0000000,0x00000000c4300000)
 Metaspace       used 1138K, capacity 4480K, committed 4480K, reserved 1056768K
  class space    used 85K, capacity 384K, committed 384K, reserved 1048576K

Card table byte_map: [0x0000022466f30000,0x0000022467140000] _byte_map_base: 0x0000022466930000

Marking Bits: (ParMarkBitMap*) 0x00007fff78e157a0
 Begin Bits: [0x00000224672a0000, 0x00000224682a0000)
 End Bits:   [0x00000224682a0000, 0x00000224692a0000)

Polling page: 0x000002244e080000

Metaspace:

Usage:
  Non-class:      4.00 MB capacity,     1.03 MB ( 26%) used,     2.97 MB ( 74%) free+waste,    64 bytes ( <1%) overhead. 
      Class:    384.00 KB capacity,    85.91 KB ( 22%) used,   298.02 KB ( 78%) free+waste,    64 bytes ( <1%) overhead. 
       Both:      4.38 MB capacity,     1.11 MB ( 25%) used,     3.26 MB ( 75%) free+waste,   128 bytes ( <1%) overhead. 

Virtual space:
  Non-class space:        8.00 MB reserved,       4.00 MB ( 50%) committed 
      Class space:        1.00 GB reserved,     384.00 KB ( <1%) committed 
             Both:        1.01 GB reserved,       4.38 MB ( <1%) committed 

Chunk freelists:
   Non-Class:  0 bytes
       Class:  0 bytes
        Both:  0 bytes

CodeHeap 'non-profiled nmethods': size=120000Kb used=0Kb max_used=0Kb free=120000Kb
 bounds [0x000002245f820000, 0x000002245fa90000, 0x0000022466d50000]
CodeHeap 'profiled nmethods': size=120000Kb used=0Kb max_used=0Kb free=120000Kb
 bounds [0x00000224582f0000, 0x0000022458560000, 0x000002245f820000]
CodeHeap 'non-nmethods': size=5760Kb used=209Kb max_used=301Kb free=5550Kb
 bounds [0x0000022457d50000, 0x0000022457fc0000, 0x00000224582f0000]
 total_blobs=67 nmethods=0 adapters=47
 compilation: enabled
              stopped_count=0, restarted_count=0
 full_count=0

Compilation events (0 events):
No events

GC Heap History (0 events):
No events

Deoptimization events (0 events):
No events

Classes redefined (0 events):
No events

Internal exceptions (0 events):
No events

Events (10 events):
Event: 0.219 loading class java/lang/Short
Event: 0.219 loading class java/lang/Short done
Event: 0.219 loading class java/lang/Integer
Event: 0.219 loading class java/lang/Integer done
Event: 0.219 loading class java/lang/Long
Event: 0.219 loading class java/lang/Long done
Event: 0.220 loading class java/lang/NullPointerException
Event: 0.220 loading class java/lang/NullPointerException done
Event: 0.220 loading class java/lang/ArithmeticException
Event: 0.220 loading class java/lang/ArithmeticException done


Dynamic libraries:
0x00007ff752a60000 - 0x00007ff752a6f000 	C:\Program Files\Java\jdk-11.0.11\bin\java.exe
0x00007fffbcef0000 - 0x00007fffbd0e5000 	C:\WINDOWS\SYSTEM32\ntdll.dll
0x00007fffbb480000 - 0x00007fffbb53d000 	C:\WINDOWS\System32\KERNEL32.DLL
0x00007fffba9c0000 - 0x00007fffbac89000 	C:\WINDOWS\System32\KERNELBASE.dll
0x00007fffba6d0000 - 0x00007fffba7d0000 	C:\WINDOWS\System32\ucrtbase.dll
0x00007fff9ae50000 - 0x00007fff9ae68000 	C:\Program Files\Java\jdk-11.0.11\bin\jli.dll
0x00007fff9ae70000 - 0x00007fff9ae85000 	C:\Program Files\Java\jdk-11.0.11\bin\VCRUNTIME140.dll
0x00007fffbaf60000 - 0x00007fffbb00c000 	C:\WINDOWS\System32\ADVAPI32.dll
0x00007fffbb110000 - 0x00007fffbb1ae000 	C:\WINDOWS\System32\msvcrt.dll
0x00007fffbb3e0000 - 0x00007fffbb47b000 	C:\WINDOWS\System32\sechost.dll
0x00007fffbc3d0000 - 0x00007fffbc4fa000 	C:\WINDOWS\System32\RPCRT4.dll
0x00007fffbb1b0000 - 0x00007fffbb350000 	C:\WINDOWS\System32\USER32.dll
0x00007fffbac90000 - 0x00007fffbacb2000 	C:\WINDOWS\System32\win32u.dll
0x00007fffa7980000 - 0x00007fffa7c1a000 	C:\WINDOWS\WinSxS\amd64_microsoft.windows.common-controls_6595b64144ccf1df_6.0.19041.1083_none_60bbe31371f34e71\COMCTL32.dll
0x00007fffbcca0000 - 0x00007fffbccca000 	C:\WINDOWS\System32\GDI32.dll
0x00007fffbacf0000 - 0x00007fffbadfb000 	C:\WINDOWS\System32\gdi32full.dll
0x00007fffba630000 - 0x00007fffba6cd000 	C:\WINDOWS\System32\msvcp_win.dll
0x00007fffb1750000 - 0x00007fffb175a000 	C:\WINDOWS\SYSTEM32\VERSION.dll
0x00007fffbb030000 - 0x00007fffbb060000 	C:\WINDOWS\System32\IMM32.DLL
0x00007fff9adb0000 - 0x00007fff9ae4b000 	C:\Program Files\Java\jdk-11.0.11\bin\msvcp140.dll
0x00007fff783d0000 - 0x00007fff78ece000 	C:\Program Files\Java\jdk-11.0.11\bin\server\jvm.dll
0x00007fffbc500000 - 0x00007fffbc508000 	C:\WINDOWS\System32\PSAPI.DLL
0x00007fff9ada0000 - 0x00007fff9ada9000 	C:\WINDOWS\SYSTEM32\WSOCK32.dll
0x00007fffbbb60000 - 0x00007fffbbbcb000 	C:\WINDOWS\System32\WS2_32.dll
0x00007fffa95c0000 - 0x00007fffa95e7000 	C:\WINDOWS\SYSTEM32\WINMM.dll
0x00007fffb91c0000 - 0x00007fffb91d2000 	C:\WINDOWS\SYSTEM32\kernel.appcore.dll
0x00007fff9ad90000 - 0x00007fff9ada0000 	C:\Program Files\Java\jdk-11.0.11\bin\verify.dll
0x00007fffb8bc0000 - 0x00007fffb8da4000 	C:\WINDOWS\SYSTEM32\DBGHELP.DLL
0x00007fff9c130000 - 0x00007fff9c15c000 	C:\WINDOWS\SYSTEM32\dbgcore.DLL
0x00007fffba930000 - 0x00007fffba9b3000 	C:\WINDOWS\System32\bcryptPrimitives.dll
0x00007fff9ad60000 - 0x00007fff9ad88000 	C:\Program Files\Java\jdk-11.0.11\bin\java.dll
0x00007fff9ad50000 - 0x00007fff9ad5a000 	C:\Program Files\Java\jdk-11.0.11\bin\jimage.dll
0x00007fff9ad40000 - 0x00007fff9ad4e000 	C:\Program Files\Java\jdk-11.0.11\bin\instrument.dll
0x00007fff9ad20000 - 0x00007fff9ad36000 	C:\Program Files\Java\jdk-11.0.11\bin\zip.dll

dbghelp: loaded successfully - version: 4.0.5 - missing functions: none
symbol engine: initialized successfully - sym options: 0x614 - pdb path: .;C:\Program Files\Java\jdk-11.0.11\bin;C:\WINDOWS\SYSTEM32;C:\WINDOWS\WinSxS\amd64_microsoft.windows.common-controls_6595b64144ccf1df_6.0.19041.1083_none_60bbe31371f34e71;C:\Program Files\Java\jdk-11.0.11\bin\server

VM Arguments:
jvm_args: --add-modules=ALL-SYSTEM --add-opens=java.base/java.util=ALL-UNNAMED --add-opens=java.base/java.lang=ALL-UNNAMED -Declipse.application=org.eclipse.jdt.ls.core.id1 -Dosgi.bundles.defaultStartLevel=4 -Declipse.product=org.eclipse.jdt.ls.core.product -Dfile.encoding=utf8 -DwatchParentProcess=false -XX:+UseParallelGC -XX:GCTimeRatio=4 -XX:AdaptiveSizePolicyWeight=90 -Dsun.zip.disableMemoryMapping=true -Xmx1G -Xms100m -javaagent:c:\Users\agpp1\.vscode\extensions\gabrielbb.vscode-lombok-1.0.1\server\lombok.jar -Xverify:none 
java_command: c:\Users\agpp1\.vscode\extensions\redhat.java-0.80.0\server\plugins\org.eclipse.equinox.launcher_1.6.200.v20210416-2027.jar -configuration c:\Users\agpp1\AppData\Roaming\Code\User\globalStorage\redhat.java\0.80.0\config_ss_win -data c:\Users\agpp1\AppData\Roaming\Code\User\workspaceStorage\1528d4c6b8f63f16f3fa826a471dcd5d-1\redhat.java\ss_ws
java_class_path (initial): c:\Users\agpp1\.vscode\extensions\redhat.java-0.80.0\server\plugins\org.eclipse.equinox.launcher_1.6.200.v20210416-2027.jar
Launcher Type: SUN_STANDARD

[Global flags]
    uintx AdaptiveSizePolicyWeight                 = 90                                        {product} {command line}
     bool BytecodeVerificationLocal                = false                                     {product} {command line}
     bool BytecodeVerificationRemote               = false                                     {product} {command line}
     intx CICompilerCount                          = 4                                         {product} {ergonomic}
    uintx GCTimeRatio                              = 4                                         {product} {command line}
   size_t InitialHeapSize                          = 104857600                                 {product} {command line}
   size_t MaxHeapSize                              = 1073741824                                {product} {command line}
   size_t MaxNewSize                               = 357564416                                 {product} {ergonomic}
   size_t MinHeapDeltaBytes                        = 524288                                    {product} {ergonomic}
   size_t NewSize                                  = 34603008                                  {product} {ergonomic}
    uintx NonNMethodCodeHeapSize                   = 5836300                                {pd product} {ergonomic}
    uintx NonProfiledCodeHeapSize                  = 122910970                              {pd product} {ergonomic}
   size_t OldSize                                  = 70254592                                  {product} {ergonomic}
    uintx ProfiledCodeHeapSize                     = 122910970                              {pd product} {ergonomic}
    uintx ReservedCodeCacheSize                    = 251658240                              {pd product} {ergonomic}
     bool SegmentedCodeCache                       = true                                      {product} {ergonomic}
     bool UseCompressedClassPointers               = true                                 {lp64_product} {ergonomic}
     bool UseCompressedOops                        = true                                 {lp64_product} {ergonomic}
     bool UseLargePagesIndividualAllocation        = false                                  {pd product} {ergonomic}
     bool UseParallelGC                            = true                                      {product} {command line}

Logging:
Log output configuration:
 #0: stdout all=warning uptime,level,tags
 #1: stderr all=off uptime,level,tags

Environment Variables:
JAVA_HOME=C:\Program Files\Java\jdk-11.0.11
PATH=C:\Python39\Scripts\;C:\Python39\;C:\Program Files (x86)\Common Files\Oracle\Java\javapath;C:\Program Files\Common Files\Oracle\Java\javapath;C:\Windows\system32;C:\Windows;C:\Windows\System32\Wbem;C:\Windows\System32\WindowsPowerShell\v1.0\;C:\Windows\System32\OpenSSH\;C:\Program Files (x86)\NVIDIA Corporation\PhysX\Common;C:\Program Files\NVIDIA Corporation\NVIDIA NvDLISR;C:\Program Files\nodejs\;C:\ProgramData\chocolatey\bin;C:\Program Files\Git\cmd;C:\Program Files\Docker\Docker\resources\bin;C:\ProgramData\DockerDesktop\version-bin;C:\WINDOWS\system32;C:\WINDOWS;C:\WINDOWS\System32\Wbem;C:\WINDOWS\System32\WindowsPowerShell\v1.0\;C:\WINDOWS\System32\OpenSSH\;C:\Program Files\Amazon\AWSCLI\;C:\Program Files\MySQL\MySQL Shell 8.0\bin\;C:\Users\agpp1\AppData\Local\Microsoft\WindowsApps;C:\Users\agpp1\AppData\Local\Programs\Microsoft VS Code\bin;C:\Users\agpp1\AppData\Roaming\npm;C:\Users\agpp1\AppData\Local\GitHubDesktop\bin;C:\Program Files (x86)\Ardesia\bin;
USERNAME=UNREAL
OS=Windows_NT
PROCESSOR_IDENTIFIER=Intel64 Family 6 Model 165 Stepping 2, GenuineIntel



---------------  S Y S T E M  ---------------

OS: Windows 10 , 64 bit Build 19041 (10.0.19041.1023)
Hyper-V role detected

CPU:total 8 (initial active 8) (4 cores per cpu, 2 threads per core) family 6 model 165 stepping 2 microcode 0xc8, cmov, cx8, fxsr, mmx, sse, sse2, sse3, ssse3, sse4.1, sse4.2, popcnt, avx, avx2, aes, clmul, erms, 3dnowpref, lzcnt, ht, tsc, tscinvbit, bmi1, bmi2, adx, fma

Memory: 4k page, system-wide physical 8060M (2091M free)
TotalPageFile size 11936M (AvailPageFile size 18M)
current process WorkingSet (physical memory assigned to process): 14M, peak: 14M
current process commit charge ("private bytes"): 177M, peak: 178M

vm_info: Java HotSpot(TM) 64-Bit Server VM (11.0.11+9-LTS-194) for windows-amd64 JRE (11.0.11+9-LTS-194), built on Mar 18 2021 18:46:53 by "mach5one" with MS VC++ 15.9 (VS2017)

END.
