#
# There is insufficient memory for the Java Runtime Environment to continue.
# Native memory allocation (malloc) failed to allocate 1391056 bytes for Chunk::new
# Possible reasons:
#   The system is out of physical RAM or swap space
#   The process is running with CompressedOops enabled, and the Java Heap may be blocking the growth of the native heap
# Possible solutions:
#   Reduce memory load on the system
#   Increase physical memory or swap space
#   Check if swap backing store is full
#   Decrease Java heap size (-Xmx/-Xms)
#   Decrease number of Java threads
#   Decrease Java thread stack sizes (-Xss)
#   Set larger code cache with -XX:ReservedCodeCacheSize=
#   JVM is running with Unscaled Compressed Oops mode in which the Java heap is
#     placed in the first 4GB address space. The Java Heap base address is the
#     maximum limit for the native heap growth. Please use -XX:HeapBaseMinAddress
#     to set the Java Heap base and to place the Java Heap above 4GB virtual address.
# This output file may be truncated or incomplete.
#
#  Out of Memory Error (./open/src/hotspot/share/memory/arena.cpp:197), pid=4560, tid=8920
#
# JRE version: Java(TM) SE Runtime Environment 18.9 (11.0.11+9) (build 11.0.11+9-LTS-194)
# Java VM: Java HotSpot(TM) 64-Bit Server VM 18.9 (11.0.11+9-LTS-194, mixed mode, tiered, compressed oops, g1 gc, windows-amd64)
# No core dump will be written. Minidumps are not enabled by default on client versions of Windows
#

---------------  S U M M A R Y ------------

Command Line: -Dfile.encoding=UTF-8 com.backend.foto.FotoApplication

Host: Intel(R) Core(TM) i5-10300H CPU @ 2.50GHz, 8 cores, 7G,  Windows 10 , 64 bit Build 19041 (10.0.19041.1023)
Time: Mon Jul 19 14:56:54 2021 Hora est. Pacífico, Sudamérica elapsed time: 5.581135 seconds (0d 0h 0m 5s)

---------------  T H R E A D  ---------------

Current thread (0x0000018aba8ec000):  JavaThread "C2 CompilerThread0" daemon [_thread_in_native, id=8920, stack(0x0000008392f00000,0x0000008393000000)]


Current CompileTask:
C2:   5581 3788       4       java.net.URLStreamHandler::parseURL (1201 bytes)

Stack: [0x0000008392f00000,0x0000008393000000]
Native frames: (J=compiled Java code, j=interpreted, Vv=VM code, C=native code)
V  [jvm.dll+0x616f2a]
V  [jvm.dll+0x74de7f]
V  [jvm.dll+0x74f505]
V  [jvm.dll+0x74fb83]
V  [jvm.dll+0x2436d8]
V  [jvm.dll+0xba68c]
V  [jvm.dll+0xbad8c]
V  [jvm.dll+0x3462b7]
V  [jvm.dll+0x3140c3]
V  [jvm.dll+0x31340a]
V  [jvm.dll+0x1fd045]
V  [jvm.dll+0x1fc22f]
V  [jvm.dll+0x17f0bc]
V  [jvm.dll+0x20b68c]
V  [jvm.dll+0x20978b]
V  [jvm.dll+0x7152c9]
V  [jvm.dll+0x70dfc4]
V  [jvm.dll+0x6160f6]
C  [ucrtbase.dll+0x21bb2]
C  [KERNEL32.DLL+0x17034]
C  [ntdll.dll+0x52651]


---------------  P R O C E S S  ---------------

Threads class SMR info:
_java_thread_list=0x0000018ac018fa00, length=19, elements={
0x0000018a9bbdc000, 0x0000018aba8d3000, 0x0000018aba8dc000, 0x0000018abb271800,
0x0000018abb272800, 0x0000018aba8ec000, 0x0000018abb223800, 0x0000018aba8f8000,
0x0000018abb40d000, 0x0000018abb410000, 0x0000018abc361000, 0x0000018abc400800,
0x0000018abf7f3800, 0x0000018abb220800, 0x0000018abb222800, 0x0000018abff2b800,
0x0000018abea5d000, 0x0000018abf6dc000, 0x0000018abc4a5800
}

Java Threads: ( => current thread )
  0x0000018a9bbdc000 JavaThread "main" [_thread_in_vm, id=5336, stack(0x0000008392400000,0x0000008392500000)]
  0x0000018aba8d3000 JavaThread "Reference Handler" daemon [_thread_blocked, id=4176, stack(0x0000008392b00000,0x0000008392c00000)]
  0x0000018aba8dc000 JavaThread "Finalizer" daemon [_thread_blocked, id=13900, stack(0x0000008392c00000,0x0000008392d00000)]
  0x0000018abb271800 JavaThread "Signal Dispatcher" daemon [_thread_blocked, id=6528, stack(0x0000008392d00000,0x0000008392e00000)]
  0x0000018abb272800 JavaThread "Attach Listener" daemon [_thread_blocked, id=6204, stack(0x0000008392e00000,0x0000008392f00000)]
=>0x0000018aba8ec000 JavaThread "C2 CompilerThread0" daemon [_thread_in_native, id=8920, stack(0x0000008392f00000,0x0000008393000000)]
  0x0000018abb223800 JavaThread "C1 CompilerThread0" daemon [_thread_blocked, id=4032, stack(0x0000008393000000,0x0000008393100000)]
  0x0000018aba8f8000 JavaThread "Sweeper thread" daemon [_thread_blocked, id=13672, stack(0x0000008393100000,0x0000008393200000)]
  0x0000018abb40d000 JavaThread "Service Thread" daemon [_thread_blocked, id=2972, stack(0x0000008393200000,0x0000008393300000)]
  0x0000018abb410000 JavaThread "Common-Cleaner" daemon [_thread_blocked, id=1708, stack(0x0000008393400000,0x0000008393500000)]
  0x0000018abc361000 JavaThread "spring.cloud.inetutils" daemon [_thread_in_native, id=9572, stack(0x0000008393800000,0x0000008393900000)]
  0x0000018abc400800 JavaThread "spring.cloud.inetutils" daemon [_thread_in_native, id=9332, stack(0x0000008393900000,0x0000008393a00000)]
  0x0000018abf7f3800 JavaThread "Keep-Alive-Timer" daemon [_thread_blocked, id=11412, stack(0x0000008393e00000,0x0000008393f00000)]
  0x0000018abb220800 JavaThread "C2 CompilerThread1" daemon [_thread_in_native, id=6568, stack(0x0000008393500000,0x0000008393600000)]
  0x0000018abb222800 JavaThread "C2 CompilerThread2" daemon [_thread_in_native, id=13876, stack(0x0000008393a00000,0x0000008393b00000)]
  0x0000018abff2b800 JavaThread "Catalina-utility-1" [_thread_blocked, id=1092, stack(0x0000008393f00000,0x0000008394000000)]
  0x0000018abea5d000 JavaThread "Catalina-utility-2" [_thread_blocked, id=11332, stack(0x0000008394000000,0x0000008394100000)]
  0x0000018abf6dc000 JavaThread "container-0" [_thread_blocked, id=10528, stack(0x0000008394100000,0x0000008394200000)]
  0x0000018abc4a5800 JavaThread "Thread-3" daemon [_thread_in_native, id=8852, stack(0x0000008394200000,0x0000008394300000)]

Other Threads:
  0x0000018aba8ac800 VMThread "VM Thread" [stack: 0x0000008392a00000,0x0000008392b00000] [id=10076]
  0x0000018abb416000 WatcherThread [stack: 0x0000008393300000,0x0000008393400000] [id=1520]
  0x0000018a9bbf1000 GCTaskThread "GC Thread#0" [stack: 0x0000008392500000,0x0000008392600000] [id=10704]
  0x0000018abc168800 GCTaskThread "GC Thread#1" [stack: 0x0000008393600000,0x0000008393700000] [id=10560]
  0x0000018abc103000 GCTaskThread "GC Thread#2" [stack: 0x0000008393700000,0x0000008393800000] [id=5480]
  0x0000018abdd82800 GCTaskThread "GC Thread#3" [stack: 0x0000008393b00000,0x0000008393c00000] [id=788]
  0x0000018a9bc20800 ConcurrentGCThread "G1 Main Marker" [stack: 0x0000008392600000,0x0000008392700000] [id=14100]
  0x0000018a9bc22000 ConcurrentGCThread "G1 Conc#0" [stack: 0x0000008392700000,0x0000008392800000] [id=11428]
  0x0000018abe03d000 ConcurrentGCThread "G1 Conc#1" [stack: 0x0000008393c00000,0x0000008393d00000] [id=1780]
  0x0000018a9bcad800 ConcurrentGCThread "G1 Refine#0" [stack: 0x0000008392800000,0x0000008392900000] [id=9736]
  0x0000018a9bcae800 ConcurrentGCThread "G1 Young RemSet Sampling" [stack: 0x0000008392900000,0x0000008392a00000] [id=12628]

Threads with active compile tasks:
C2 CompilerThread0   5918 3788       4       java.net.URLStreamHandler::parseURL (1201 bytes)
C2 CompilerThread1   5918 3910   !   4       jdk.internal.loader.BuiltinClassLoader::findClassOnClassPathOrNull (64 bytes)
C2 CompilerThread2   5918 3839   !   4       java.util.jar.Attributes::read (390 bytes)

VM state:not at safepoint (normal execution)

VM Mutex/Monitor currently owned by a thread: None

Heap address: 0x0000000082000000, size: 2016 MB, Compressed Oops mode: 32-bit
Narrow klass base: 0x0000000000000000, Narrow klass shift: 3
Compressed class space size: 1073741824 Address: 0x0000000100000000

Heap:
 garbage-first heap   total 129024K, used 27389K [0x0000000082000000, 0x0000000100000000)
  region size 1024K, 20 young (20480K), 9 survivors (9216K)
 Metaspace       used 44576K, capacity 45700K, committed 45952K, reserved 1093632K
  class space    used 5504K, capacity 5970K, committed 6016K, reserved 1048576K
Heap Regions: E=young(eden), S=young(survivor), O=old, HS=humongous(starts), HC=humongous(continues), CS=collection set, F=free, A=archive, TAMS=top-at-mark-start (previous, next)
|   0|0x0000000082000000, 0x0000000082100000, 0x0000000082100000|100%| O|  |TAMS 0x0000000082100000, 0x0000000082000000| Untracked 
|   1|0x0000000082100000, 0x0000000082200000, 0x0000000082200000|100%| O|  |TAMS 0x0000000082200000, 0x0000000082100000| Untracked 
|   2|0x0000000082200000, 0x0000000082300000, 0x0000000082300000|100%| O|  |TAMS 0x0000000082300000, 0x0000000082200000| Untracked 
|   3|0x0000000082300000, 0x0000000082400000, 0x0000000082400000|100%| O|  |TAMS 0x0000000082400000, 0x0000000082300000| Untracked 
|   4|0x0000000082400000, 0x0000000082500000, 0x0000000082500000|100%| O|  |TAMS 0x0000000082500000, 0x0000000082400000| Untracked 
|   5|0x0000000082500000, 0x0000000082600000, 0x0000000082600000|100%| O|  |TAMS 0x0000000082600000, 0x0000000082500000| Untracked 
|   6|0x0000000082600000, 0x0000000082700000, 0x0000000082700000|100%| O|  |TAMS 0x0000000082700000, 0x0000000082600000| Untracked 
|   7|0x0000000082700000, 0x0000000082800000, 0x0000000082800000|100%| O|  |TAMS 0x0000000082800000, 0x0000000082700000| Untracked 
|   8|0x0000000082800000, 0x0000000082869400, 0x0000000082900000| 41%| O|  |TAMS 0x0000000082869400, 0x0000000082800000| Untracked 
|   9|0x0000000082900000, 0x0000000082900000, 0x0000000082a00000|  0%| F|  |TAMS 0x0000000082900000, 0x0000000082900000| Untracked 
|  10|0x0000000082a00000, 0x0000000082a00000, 0x0000000082b00000|  0%| F|  |TAMS 0x0000000082a00000, 0x0000000082a00000| Untracked 
|  11|0x0000000082b00000, 0x0000000082b00000, 0x0000000082c00000|  0%| F|  |TAMS 0x0000000082b00000, 0x0000000082b00000| Untracked 
|  12|0x0000000082c00000, 0x0000000082c00000, 0x0000000082d00000|  0%| F|  |TAMS 0x0000000082c00000, 0x0000000082c00000| Untracked 
|  13|0x0000000082d00000, 0x0000000082d00000, 0x0000000082e00000|  0%| F|  |TAMS 0x0000000082d00000, 0x0000000082d00000| Untracked 
|  14|0x0000000082e00000, 0x0000000082e00000, 0x0000000082f00000|  0%| F|  |TAMS 0x0000000082e00000, 0x0000000082e00000| Untracked 
|  15|0x0000000082f00000, 0x0000000082f00000, 0x0000000083000000|  0%| F|  |TAMS 0x0000000082f00000, 0x0000000082f00000| Untracked 
|  16|0x0000000083000000, 0x0000000083000000, 0x0000000083100000|  0%| F|  |TAMS 0x0000000083000000, 0x0000000083000000| Untracked 
|  17|0x0000000083100000, 0x0000000083100000, 0x0000000083200000|  0%| F|  |TAMS 0x0000000083100000, 0x0000000083100000| Untracked 
|  18|0x0000000083200000, 0x0000000083200000, 0x0000000083300000|  0%| F|  |TAMS 0x0000000083200000, 0x0000000083200000| Untracked 
|  19|0x0000000083300000, 0x0000000083300000, 0x0000000083400000|  0%| F|  |TAMS 0x0000000083300000, 0x0000000083300000| Untracked 
|  20|0x0000000083400000, 0x0000000083400000, 0x0000000083500000|  0%| F|  |TAMS 0x0000000083400000, 0x0000000083400000| Untracked 
|  21|0x0000000083500000, 0x0000000083500000, 0x0000000083600000|  0%| F|  |TAMS 0x0000000083500000, 0x0000000083500000| Untracked 
|  22|0x0000000083600000, 0x0000000083600000, 0x0000000083700000|  0%| F|  |TAMS 0x0000000083600000, 0x0000000083600000| Untracked 
|  23|0x0000000083700000, 0x0000000083700000, 0x0000000083800000|  0%| F|  |TAMS 0x0000000083700000, 0x0000000083700000| Untracked 
|  24|0x0000000083800000, 0x0000000083800000, 0x0000000083900000|  0%| F|  |TAMS 0x0000000083800000, 0x0000000083800000| Untracked 
|  25|0x0000000083900000, 0x0000000083900000, 0x0000000083a00000|  0%| F|  |TAMS 0x0000000083900000, 0x0000000083900000| Untracked 
|  26|0x0000000083a00000, 0x0000000083a00000, 0x0000000083b00000|  0%| F|  |TAMS 0x0000000083a00000, 0x0000000083a00000| Untracked 
|  27|0x0000000083b00000, 0x0000000083b00000, 0x0000000083c00000|  0%| F|  |TAMS 0x0000000083b00000, 0x0000000083b00000| Untracked 
|  28|0x0000000083c00000, 0x0000000083c00000, 0x0000000083d00000|  0%| F|  |TAMS 0x0000000083c00000, 0x0000000083c00000| Untracked 
|  29|0x0000000083d00000, 0x0000000083d00000, 0x0000000083e00000|  0%| F|  |TAMS 0x0000000083d00000, 0x0000000083d00000| Untracked 
|  30|0x0000000083e00000, 0x0000000083e00000, 0x0000000083f00000|  0%| F|  |TAMS 0x0000000083e00000, 0x0000000083e00000| Untracked 
|  31|0x0000000083f00000, 0x0000000083f00000, 0x0000000084000000|  0%| F|  |TAMS 0x0000000083f00000, 0x0000000083f00000| Untracked 
|  32|0x0000000084000000, 0x0000000084000000, 0x0000000084100000|  0%| F|  |TAMS 0x0000000084000000, 0x0000000084000000| Untracked 
|  33|0x0000000084100000, 0x0000000084100000, 0x0000000084200000|  0%| F|  |TAMS 0x0000000084100000, 0x0000000084100000| Untracked 
|  34|0x0000000084200000, 0x0000000084200000, 0x0000000084300000|  0%| F|  |TAMS 0x0000000084200000, 0x0000000084200000| Untracked 
|  35|0x0000000084300000, 0x0000000084300000, 0x0000000084400000|  0%| F|  |TAMS 0x0000000084300000, 0x0000000084300000| Untracked 
|  36|0x0000000084400000, 0x0000000084400000, 0x0000000084500000|  0%| F|  |TAMS 0x0000000084400000, 0x0000000084400000| Untracked 
|  37|0x0000000084500000, 0x0000000084500000, 0x0000000084600000|  0%| F|  |TAMS 0x0000000084500000, 0x0000000084500000| Untracked 
|  38|0x0000000084600000, 0x0000000084600000, 0x0000000084700000|  0%| F|  |TAMS 0x0000000084600000, 0x0000000084600000| Untracked 
|  39|0x0000000084700000, 0x0000000084700000, 0x0000000084800000|  0%| F|  |TAMS 0x0000000084700000, 0x0000000084700000| Untracked 
|  40|0x0000000084800000, 0x0000000084800000, 0x0000000084900000|  0%| F|  |TAMS 0x0000000084800000, 0x0000000084800000| Untracked 
|  41|0x0000000084900000, 0x0000000084900000, 0x0000000084a00000|  0%| F|  |TAMS 0x0000000084900000, 0x0000000084900000| Untracked 
|  42|0x0000000084a00000, 0x0000000084a560a8, 0x0000000084b00000| 33%| S|CS|TAMS 0x0000000084a00000, 0x0000000084a00000| Complete 
|  43|0x0000000084b00000, 0x0000000084c00000, 0x0000000084c00000|100%| S|CS|TAMS 0x0000000084b00000, 0x0000000084b00000| Complete 
|  44|0x0000000084c00000, 0x0000000084d00000, 0x0000000084d00000|100%| S|CS|TAMS 0x0000000084c00000, 0x0000000084c00000| Complete 
|  45|0x0000000084d00000, 0x0000000084e00000, 0x0000000084e00000|100%| S|CS|TAMS 0x0000000084d00000, 0x0000000084d00000| Complete 
|  46|0x0000000084e00000, 0x0000000084f00000, 0x0000000084f00000|100%| S|CS|TAMS 0x0000000084e00000, 0x0000000084e00000| Complete 
|  47|0x0000000084f00000, 0x0000000085000000, 0x0000000085000000|100%| S|CS|TAMS 0x0000000084f00000, 0x0000000084f00000| Complete 
|  48|0x0000000085000000, 0x0000000085100000, 0x0000000085100000|100%| S|CS|TAMS 0x0000000085000000, 0x0000000085000000| Complete 
|  49|0x0000000085100000, 0x0000000085200000, 0x0000000085200000|100%| S|CS|TAMS 0x0000000085100000, 0x0000000085100000| Complete 
|  50|0x0000000085200000, 0x0000000085300000, 0x0000000085300000|100%| S|CS|TAMS 0x0000000085200000, 0x0000000085200000| Complete 
|  51|0x0000000085300000, 0x0000000085300000, 0x0000000085400000|  0%| F|  |TAMS 0x0000000085300000, 0x0000000085300000| Untracked 
|  52|0x0000000085400000, 0x0000000085400000, 0x0000000085500000|  0%| F|  |TAMS 0x0000000085400000, 0x0000000085400000| Untracked 
|  53|0x0000000085500000, 0x0000000085500000, 0x0000000085600000|  0%| F|  |TAMS 0x0000000085500000, 0x0000000085500000| Untracked 
|  54|0x0000000085600000, 0x0000000085600000, 0x0000000085700000|  0%| F|  |TAMS 0x0000000085600000, 0x0000000085600000| Untracked 
|  55|0x0000000085700000, 0x0000000085700000, 0x0000000085800000|  0%| F|  |TAMS 0x0000000085700000, 0x0000000085700000| Untracked 
|  56|0x0000000085800000, 0x0000000085800000, 0x0000000085900000|  0%| F|  |TAMS 0x0000000085800000, 0x0000000085800000| Untracked 
|  57|0x0000000085900000, 0x0000000085900000, 0x0000000085a00000|  0%| F|  |TAMS 0x0000000085900000, 0x0000000085900000| Untracked 
|  58|0x0000000085a00000, 0x0000000085a00000, 0x0000000085b00000|  0%| F|  |TAMS 0x0000000085a00000, 0x0000000085a00000| Untracked 
|  59|0x0000000085b00000, 0x0000000085b00000, 0x0000000085c00000|  0%| F|  |TAMS 0x0000000085b00000, 0x0000000085b00000| Untracked 
|  60|0x0000000085c00000, 0x0000000085c00000, 0x0000000085d00000|  0%| F|  |TAMS 0x0000000085c00000, 0x0000000085c00000| Untracked 
|  61|0x0000000085d00000, 0x0000000085d00000, 0x0000000085e00000|  0%| F|  |TAMS 0x0000000085d00000, 0x0000000085d00000| Untracked 
|  62|0x0000000085e00000, 0x0000000085e00000, 0x0000000085f00000|  0%| F|  |TAMS 0x0000000085e00000, 0x0000000085e00000| Untracked 
|  63|0x0000000085f00000, 0x0000000085f00000, 0x0000000086000000|  0%| F|  |TAMS 0x0000000085f00000, 0x0000000085f00000| Untracked 
|  64|0x0000000086000000, 0x0000000086000000, 0x0000000086100000|  0%| F|  |TAMS 0x0000000086000000, 0x0000000086000000| Untracked 
|  65|0x0000000086100000, 0x0000000086100000, 0x0000000086200000|  0%| F|  |TAMS 0x0000000086100000, 0x0000000086100000| Untracked 
|  66|0x0000000086200000, 0x0000000086200000, 0x0000000086300000|  0%| F|  |TAMS 0x0000000086200000, 0x0000000086200000| Untracked 
|  67|0x0000000086300000, 0x0000000086300000, 0x0000000086400000|  0%| F|  |TAMS 0x0000000086300000, 0x0000000086300000| Untracked 
|  68|0x0000000086400000, 0x0000000086400000, 0x0000000086500000|  0%| F|  |TAMS 0x0000000086400000, 0x0000000086400000| Untracked 
|  69|0x0000000086500000, 0x0000000086500000, 0x0000000086600000|  0%| F|  |TAMS 0x0000000086500000, 0x0000000086500000| Untracked 
|  70|0x0000000086600000, 0x0000000086600000, 0x0000000086700000|  0%| F|  |TAMS 0x0000000086600000, 0x0000000086600000| Untracked 
|  71|0x0000000086700000, 0x0000000086700000, 0x0000000086800000|  0%| F|  |TAMS 0x0000000086700000, 0x0000000086700000| Untracked 
|  72|0x0000000086800000, 0x0000000086800000, 0x0000000086900000|  0%| F|  |TAMS 0x0000000086800000, 0x0000000086800000| Untracked 
|  73|0x0000000086900000, 0x0000000086900000, 0x0000000086a00000|  0%| F|  |TAMS 0x0000000086900000, 0x0000000086900000| Untracked 
|  74|0x0000000086a00000, 0x0000000086a00000, 0x0000000086b00000|  0%| F|  |TAMS 0x0000000086a00000, 0x0000000086a00000| Untracked 
|  75|0x0000000086b00000, 0x0000000086b00000, 0x0000000086c00000|  0%| F|  |TAMS 0x0000000086b00000, 0x0000000086b00000| Untracked 
|  76|0x0000000086c00000, 0x0000000086c00000, 0x0000000086d00000|  0%| F|  |TAMS 0x0000000086c00000, 0x0000000086c00000| Untracked 
|  77|0x0000000086d00000, 0x0000000086d00000, 0x0000000086e00000|  0%| F|  |TAMS 0x0000000086d00000, 0x0000000086d00000| Untracked 
|  78|0x0000000086e00000, 0x0000000086e00000, 0x0000000086f00000|  0%| F|  |TAMS 0x0000000086e00000, 0x0000000086e00000| Untracked 
|  79|0x0000000086f00000, 0x0000000086f00000, 0x0000000087000000|  0%| F|  |TAMS 0x0000000086f00000, 0x0000000086f00000| Untracked 
|  80|0x0000000087000000, 0x0000000087000000, 0x0000000087100000|  0%| F|  |TAMS 0x0000000087000000, 0x0000000087000000| Untracked 
|  81|0x0000000087100000, 0x0000000087100000, 0x0000000087200000|  0%| F|  |TAMS 0x0000000087100000, 0x0000000087100000| Untracked 
|  82|0x0000000087200000, 0x0000000087200000, 0x0000000087300000|  0%| F|  |TAMS 0x0000000087200000, 0x0000000087200000| Untracked 
|  83|0x0000000087300000, 0x0000000087300000, 0x0000000087400000|  0%| F|  |TAMS 0x0000000087300000, 0x0000000087300000| Untracked 
|  84|0x0000000087400000, 0x0000000087400000, 0x0000000087500000|  0%| F|  |TAMS 0x0000000087400000, 0x0000000087400000| Untracked 
|  85|0x0000000087500000, 0x0000000087500000, 0x0000000087600000|  0%| F|  |TAMS 0x0000000087500000, 0x0000000087500000| Untracked 
|  86|0x0000000087600000, 0x0000000087600000, 0x0000000087700000|  0%| F|  |TAMS 0x0000000087600000, 0x0000000087600000| Untracked 
|  87|0x0000000087700000, 0x0000000087700000, 0x0000000087800000|  0%| F|  |TAMS 0x0000000087700000, 0x0000000087700000| Untracked 
|  88|0x0000000087800000, 0x0000000087800000, 0x0000000087900000|  0%| F|  |TAMS 0x0000000087800000, 0x0000000087800000| Untracked 
|  89|0x0000000087900000, 0x0000000087900000, 0x0000000087a00000|  0%| F|  |TAMS 0x0000000087900000, 0x0000000087900000| Untracked 
|  90|0x0000000087a00000, 0x0000000087a00000, 0x0000000087b00000|  0%| F|  |TAMS 0x0000000087a00000, 0x0000000087a00000| Untracked 
|  91|0x0000000087b00000, 0x0000000087b00000, 0x0000000087c00000|  0%| F|  |TAMS 0x0000000087b00000, 0x0000000087b00000| Untracked 
|  92|0x0000000087c00000, 0x0000000087c00000, 0x0000000087d00000|  0%| F|  |TAMS 0x0000000087c00000, 0x0000000087c00000| Untracked 
|  93|0x0000000087d00000, 0x0000000087d00000, 0x0000000087e00000|  0%| F|  |TAMS 0x0000000087d00000, 0x0000000087d00000| Untracked 
|  94|0x0000000087e00000, 0x0000000087e00000, 0x0000000087f00000|  0%| F|  |TAMS 0x0000000087e00000, 0x0000000087e00000| Untracked 
|  95|0x0000000087f00000, 0x0000000087f00000, 0x0000000088000000|  0%| F|  |TAMS 0x0000000087f00000, 0x0000000087f00000| Untracked 
|  96|0x0000000088000000, 0x0000000088000000, 0x0000000088100000|  0%| F|  |TAMS 0x0000000088000000, 0x0000000088000000| Untracked 
|  97|0x0000000088100000, 0x0000000088100000, 0x0000000088200000|  0%| F|  |TAMS 0x0000000088100000, 0x0000000088100000| Untracked 
|  98|0x0000000088200000, 0x0000000088200000, 0x0000000088300000|  0%| F|  |TAMS 0x0000000088200000, 0x0000000088200000| Untracked 
|  99|0x0000000088300000, 0x0000000088300000, 0x0000000088400000|  0%| F|  |TAMS 0x0000000088300000, 0x0000000088300000| Untracked 
| 100|0x0000000088400000, 0x0000000088400000, 0x0000000088500000|  0%| F|  |TAMS 0x0000000088400000, 0x0000000088400000| Untracked 
| 101|0x0000000088500000, 0x0000000088500000, 0x0000000088600000|  0%| F|  |TAMS 0x0000000088500000, 0x0000000088500000| Untracked 
| 102|0x0000000088600000, 0x0000000088600000, 0x0000000088700000|  0%| F|  |TAMS 0x0000000088600000, 0x0000000088600000| Untracked 
| 103|0x0000000088700000, 0x0000000088700000, 0x0000000088800000|  0%| F|  |TAMS 0x0000000088700000, 0x0000000088700000| Untracked 
| 104|0x0000000088800000, 0x0000000088800000, 0x0000000088900000|  0%| F|  |TAMS 0x0000000088800000, 0x0000000088800000| Untracked 
| 105|0x0000000088900000, 0x0000000088900000, 0x0000000088a00000|  0%| F|  |TAMS 0x0000000088900000, 0x0000000088900000| Untracked 
| 106|0x0000000088a00000, 0x0000000088a00000, 0x0000000088b00000|  0%| F|  |TAMS 0x0000000088a00000, 0x0000000088a00000| Untracked 
| 107|0x0000000088b00000, 0x0000000088b00000, 0x0000000088c00000|  0%| F|  |TAMS 0x0000000088b00000, 0x0000000088b00000| Untracked 
| 108|0x0000000088c00000, 0x0000000088c00000, 0x0000000088d00000|  0%| F|  |TAMS 0x0000000088c00000, 0x0000000088c00000| Untracked 
| 109|0x0000000088d00000, 0x0000000088d00000, 0x0000000088e00000|  0%| F|  |TAMS 0x0000000088d00000, 0x0000000088d00000| Untracked 
| 110|0x0000000088e00000, 0x0000000088e00000, 0x0000000088f00000|  0%| F|  |TAMS 0x0000000088e00000, 0x0000000088e00000| Untracked 
| 111|0x0000000088f00000, 0x0000000088f00000, 0x0000000089000000|  0%| F|  |TAMS 0x0000000088f00000, 0x0000000088f00000| Untracked 
| 112|0x0000000089000000, 0x0000000089000000, 0x0000000089100000|  0%| F|  |TAMS 0x0000000089000000, 0x0000000089000000| Untracked 
| 113|0x0000000089100000, 0x0000000089100000, 0x0000000089200000|  0%| F|  |TAMS 0x0000000089100000, 0x0000000089100000| Untracked 
| 114|0x0000000089200000, 0x0000000089200000, 0x0000000089300000|  0%| F|  |TAMS 0x0000000089200000, 0x0000000089200000| Untracked 
| 115|0x0000000089300000, 0x0000000089380800, 0x0000000089400000| 50%| E|  |TAMS 0x0000000089300000, 0x0000000089300000| Complete 
| 116|0x0000000089400000, 0x0000000089500000, 0x0000000089500000|100%| E|CS|TAMS 0x0000000089400000, 0x0000000089400000| Complete 
| 117|0x0000000089500000, 0x0000000089600000, 0x0000000089600000|100%| E|CS|TAMS 0x0000000089500000, 0x0000000089500000| Complete 
| 118|0x0000000089600000, 0x0000000089700000, 0x0000000089700000|100%| E|CS|TAMS 0x0000000089600000, 0x0000000089600000| Complete 
| 119|0x0000000089700000, 0x0000000089800000, 0x0000000089800000|100%| E|CS|TAMS 0x0000000089700000, 0x0000000089700000| Complete 
| 120|0x0000000089800000, 0x0000000089900000, 0x0000000089900000|100%| E|CS|TAMS 0x0000000089800000, 0x0000000089800000| Complete 
| 121|0x0000000089900000, 0x0000000089a00000, 0x0000000089a00000|100%| E|CS|TAMS 0x0000000089900000, 0x0000000089900000| Complete 
| 122|0x0000000089a00000, 0x0000000089b00000, 0x0000000089b00000|100%| E|CS|TAMS 0x0000000089a00000, 0x0000000089a00000| Complete 
| 123|0x0000000089b00000, 0x0000000089c00000, 0x0000000089c00000|100%| E|CS|TAMS 0x0000000089b00000, 0x0000000089b00000| Complete 
| 124|0x0000000089c00000, 0x0000000089d00000, 0x0000000089d00000|100%| E|CS|TAMS 0x0000000089c00000, 0x0000000089c00000| Complete 
| 125|0x0000000089d00000, 0x0000000089e00000, 0x0000000089e00000|100%| E|CS|TAMS 0x0000000089d00000, 0x0000000089d00000| Complete 

Card table byte_map: [0x0000018ab37a0000,0x0000018ab3b90000] _byte_map_base: 0x0000018ab3390000

Marking Bits (Prev, Next): (CMBitMap*) 0x0000018a9bc17c08, (CMBitMap*) 0x0000018a9bc17c40
 Prev Bits: [0x0000018ab3f80000, 0x0000018ab5f00000)
 Next Bits: [0x0000018ab5f00000, 0x0000018ab7e80000)

Polling page: 0x0000018a99af0000

Metaspace:

Usage:
  Non-class:     38.86 MB capacity,    38.19 MB ( 98%) used,   541.63 KB (  1%) free+waste,   142.44 KB ( <1%) overhead. 
      Class:      5.83 MB capacity,     5.38 MB ( 92%) used,   393.91 KB (  7%) free+waste,    67.50 KB (  1%) overhead. 
       Both:     44.69 MB capacity,    43.57 MB ( 97%) used,   935.54 KB (  2%) free+waste,   209.94 KB ( <1%) overhead. 

Virtual space:
  Non-class space:       44.00 MB reserved,      39.00 MB ( 89%) committed 
      Class space:        1.00 GB reserved,       5.88 MB ( <1%) committed 
             Both:        1.04 GB reserved,      44.88 MB (  4%) committed 

Chunk freelists:
   Non-Class:  1.75 KB
       Class:  1.75 KB
        Both:  3.50 KB

CodeHeap 'non-profiled nmethods': size=120000Kb used=2256Kb max_used=2256Kb free=117743Kb
 bounds [0x0000018aabb50000, 0x0000018aabdc0000, 0x0000018ab3080000]
CodeHeap 'profiled nmethods': size=120000Kb used=9017Kb max_used=9017Kb free=110982Kb
 bounds [0x0000018aa4620000, 0x0000018aa4ef0000, 0x0000018aabb50000]
CodeHeap 'non-nmethods': size=5760Kb used=1160Kb max_used=1202Kb free=4599Kb
 bounds [0x0000018aa4080000, 0x0000018aa42f0000, 0x0000018aa4620000]
 total_blobs=4487 nmethods=3984 adapters=414
 compilation: enabled
              stopped_count=0, restarted_count=0
 full_count=0

Compilation events (10 events):
Event: 5.536 Thread 0x0000018abb223800 nmethod 3837 0x0000018aa4e9c990 code [0x0000018aa4e9cb80, 0x0000018aa4e9cfe8]
Event: 5.536 Thread 0x0000018abb223800 3838       3       java.util.zip.CRC32::updateBytesCheck (55 bytes)
Event: 5.536 Thread 0x0000018abb223800 nmethod 3838 0x0000018aa4e9d190 code [0x0000018aa4e9d380, 0x0000018aa4e9d888]
Event: 5.543 Thread 0x0000018abb223800 3842       3       java.util.jar.Manifest::read (340 bytes)
Event: 5.544 Thread 0x0000018abb223800 nmethod 3842 0x0000018aa4e9da90 code [0x0000018aa4e9de60, 0x0000018aa4e9fa98]
Event: 5.544 Thread 0x0000018abb222800 3839   !   4       java.util.jar.Attributes::read (390 bytes)
Event: 5.544 Thread 0x0000018abb223800 3844       3       java.util.jar.Manifest$FastInputStream::readLine (296 bytes)
Event: 5.544 Thread 0x0000018abb223800 nmethod 3844 0x0000018aa4ea0610 code [0x0000018aa4ea0840, 0x0000018aa4ea1128]
Event: 5.546 Thread 0x0000018abb223800 3848       3       java.util.jar.Manifest$FastInputStream::fill (38 bytes)
Event: 5.546 Thread 0x0000018abb223800 nmethod 3848 0x0000018aa4ea1490 code [0x0000018aa4ea1640, 0x0000018aa4ea1868]

GC Heap History (10 events):
Event: 0.492 GC heap before
{Heap before GC invocations=0 (full 0):
 garbage-first heap   total 129024K, used 24576K [0x0000000082000000, 0x0000000100000000)
  region size 1024K, 24 young (24576K), 0 survivors (0K)
 Metaspace       used 10723K, capacity 10945K, committed 11136K, reserved 1058816K
  class space    used 1026K, capacity 1103K, committed 1152K, reserved 1048576K
}
Event: 0.496 GC heap after
{Heap after GC invocations=1 (full 0):
 garbage-first heap   total 129024K, used 6565K [0x0000000082000000, 0x0000000100000000)
  region size 1024K, 3 young (3072K), 3 survivors (3072K)
 Metaspace       used 10723K, capacity 10945K, committed 11136K, reserved 1058816K
  class space    used 1026K, capacity 1103K, committed 1152K, reserved 1048576K
}
Event: 2.169 GC heap before
{Heap before GC invocations=1 (full 0):
 garbage-first heap   total 129024K, used 44453K [0x0000000082000000, 0x0000000100000000)
  region size 1024K, 41 young (41984K), 3 survivors (3072K)
 Metaspace       used 20699K, capacity 21178K, committed 21248K, reserved 1069056K
  class space    used 2347K, capacity 2548K, committed 2560K, reserved 1048576K
}
Event: 2.174 GC heap after
{Heap after GC invocations=2 (full 0):
 garbage-first heap   total 129024K, used 9217K [0x0000000082000000, 0x0000000100000000)
  region size 1024K, 6 young (6144K), 6 survivors (6144K)
 Metaspace       used 20699K, capacity 21178K, committed 21248K, reserved 1069056K
  class space    used 2347K, capacity 2548K, committed 2560K, reserved 1048576K
}
Event: 2.477 GC heap before
{Heap before GC invocations=3 (full 0):
 garbage-first heap   total 129024K, used 54273K [0x0000000082000000, 0x0000000100000000)
  region size 1024K, 51 young (52224K), 6 survivors (6144K)
 Metaspace       used 28333K, capacity 28960K, committed 29312K, reserved 1075200K
  class space    used 3344K, capacity 3609K, committed 3712K, reserved 1048576K
}
Event: 2.483 GC heap after
{Heap after GC invocations=4 (full 0):
 garbage-first heap   total 129024K, used 10890K [0x0000000082000000, 0x0000000100000000)
  region size 1024K, 5 young (5120K), 5 survivors (5120K)
 Metaspace       used 28333K, capacity 28960K, committed 29312K, reserved 1075200K
  class space    used 3344K, capacity 3609K, committed 3712K, reserved 1048576K
}
Event: 4.638 GC heap before
{Heap before GC invocations=4 (full 0):
 garbage-first heap   total 129024K, used 67210K [0x0000000082000000, 0x0000000100000000)
  region size 1024K, 61 young (62464K), 5 survivors (5120K)
 Metaspace       used 34618K, capacity 35483K, committed 35840K, reserved 1081344K
  class space    used 4113K, capacity 4491K, committed 4608K, reserved 1048576K
}
Event: 4.645 GC heap after
{Heap after GC invocations=5 (full 0):
 garbage-first heap   total 129024K, used 13647K [0x0000000082000000, 0x0000000100000000)
  region size 1024K, 7 young (7168K), 7 survivors (7168K)
 Metaspace       used 34618K, capacity 35483K, committed 35840K, reserved 1081344K
  class space    used 4113K, capacity 4491K, committed 4608K, reserved 1048576K
}
Event: 4.703 GC heap before
{Heap before GC invocations=5 (full 0):
 garbage-first heap   total 129024K, used 14671K [0x0000000082000000, 0x0000000100000000)
  region size 1024K, 10 young (10240K), 7 survivors (7168K)
 Metaspace       used 34870K, capacity 35713K, committed 35840K, reserved 1081344K
  class space    used 4141K, capacity 4525K, committed 4608K, reserved 1048576K
}
Event: 4.710 GC heap after
{Heap after GC invocations=6 (full 0):
 garbage-first heap   total 129024K, used 13733K [0x0000000082000000, 0x0000000100000000)
  region size 1024K, 5 young (5120K), 5 survivors (5120K)
 Metaspace       used 34870K, capacity 35713K, committed 35840K, reserved 1081344K
  class space    used 4141K, capacity 4525K, committed 4608K, reserved 1048576K
}

Deoptimization events (10 events):
Event: 5.126 Thread 0x0000018a9bbdc000 Uncommon trap: reason=class_check action=maybe_recompile pc=0x0000018aabc5cc40 method=org.springframework.boot.context.properties.source.SpringConfigurationPropertySources$SourcesIterator.fetchNext()Lorg/springframework/boot/context/properties/source/Conf
Event: 5.188 Thread 0x0000018a9bbdc000 Uncommon trap: reason=unstable_if action=reinterpret pc=0x0000018aabbe1698 method=java.util.LinkedHashMap.get(Ljava/lang/Object;)Ljava/lang/Object; @ 20 c2
Event: 5.191 Thread 0x0000018a9bbdc000 Uncommon trap: reason=unstable_if action=reinterpret pc=0x0000018aabc7621c method=java.util.Properties.loadConvert([CIILjava/lang/StringBuilder;)Ljava/lang/String; @ 26 c2
Event: 5.419 Thread 0x0000018a9bbdc000 Uncommon trap: reason=unstable_if action=reinterpret pc=0x0000018aabd584bc method=java.util.Properties.loadConvert([CIILjava/lang/StringBuilder;)Ljava/lang/String; @ 130 c2
Event: 5.457 Thread 0x0000018a9bbdc000 Uncommon trap: reason=class_check action=make_not_entrant pc=0x0000018aabd61460 method=java.util.ArrayList.toArray([Ljava/lang/Object;)[Ljava/lang/Object; @ 21 c2
Event: 5.497 Thread 0x0000018a9bbdc000 Uncommon trap: reason=speculate_class_check action=maybe_recompile pc=0x0000018aabc69c34 method=java.util.zip.InflaterInputStream.read([BII)I @ 100 c2
Event: 5.498 Thread 0x0000018a9bbdc000 Uncommon trap: reason=speculate_class_check action=maybe_recompile pc=0x0000018aabc69c34 method=java.util.zip.InflaterInputStream.read([BII)I @ 100 c2
Event: 5.500 Thread 0x0000018a9bbdc000 Uncommon trap: reason=speculate_class_check action=maybe_recompile pc=0x0000018aabc69c34 method=java.util.zip.InflaterInputStream.read([BII)I @ 100 c2
Event: 5.500 Thread 0x0000018a9bbdc000 Uncommon trap: reason=speculate_class_check action=maybe_recompile pc=0x0000018aabc69c34 method=java.util.zip.InflaterInputStream.read([BII)I @ 100 c2
Event: 5.544 Thread 0x0000018a9bbdc000 Uncommon trap: reason=unstable_if action=reinterpret pc=0x0000018aabb7a9d8 method=java.util.jar.Manifest$FastInputStream.readLine([BII)I @ 130 c2

Classes redefined (0 events):
No events

Internal exceptions (10 events):
Event: 5.069 Thread 0x0000018a9bbdc000 Exception <a 'java/lang/ClassNotFoundException'{0x0000000087c14f50}: org/springframework/core/OrderedCustomizer> (0x0000000087c14f50) thrown at [./open/src/hotspot/share/classfile/systemDictionary.cpp, line 228]
Event: 5.070 Thread 0x0000018a9bbdc000 Exception <a 'java/lang/ClassNotFoundException'{0x0000000087c22b98}: org/springframework/beans/factory/BeanClassLoaderAwareCustomizer> (0x0000000087c22b98) thrown at [./open/src/hotspot/share/classfile/systemDictionary.cpp, line 228]
Event: 5.070 Thread 0x0000018a9bbdc000 Exception <a 'java/lang/ClassNotFoundException'{0x0000000087c2ef20}: org/springframework/beans/factory/AwareCustomizer> (0x0000000087c2ef20) thrown at [./open/src/hotspot/share/classfile/systemDictionary.cpp, line 228]
Event: 5.070 Thread 0x0000018a9bbdc000 Exception <a 'java/lang/ClassNotFoundException'{0x0000000087c3c038}: org/springframework/aop/framework/AopInfrastructureBeanCustomizer> (0x0000000087c3c038) thrown at [./open/src/hotspot/share/classfile/systemDictionary.cpp, line 228]
Event: 5.138 Thread 0x0000018a9bbdc000 Exception <a 'java/lang/NoSuchMethodError'{0x000000008771edd8}: java.lang.invoke.DirectMethodHandle$Holder.invokeInterface(Ljava/lang/Object;Ljava/lang/Object;I)V> (0x000000008771edd8) thrown at [./open/src/hotspot/share/interpreter/linkResolver.cpp, line
Event: 5.139 Thread 0x0000018a9bbdc000 Exception <a 'java/lang/NoSuchMethodError'{0x0000000087736e88}: java.lang.invoke.DirectMethodHandle$Holder.invokeVirtual(Ljava/lang/Object;Ljava/lang/Object;)I> (0x0000000087736e88) thrown at [./open/src/hotspot/share/interpreter/linkResolver.cpp, line 77
Event: 5.141 Thread 0x0000018a9bbdc000 Exception <a 'java/lang/IncompatibleClassChangeError'{0x000000008776ca68}: Found class java.lang.Object, but interface was expected> (0x000000008776ca68) thrown at [./open/src/hotspot/share/interpreter/linkResolver.cpp, line 838]
Event: 5.141 Thread 0x0000018a9bbdc000 Exception <a 'java/lang/NoSuchMethodError'{0x0000000087771908}: java.lang.invoke.DirectMethodHandle$Holder.invokeStatic(Ljava/lang/Object;ILjava/lang/Object;)V> (0x0000000087771908) thrown at [./open/src/hotspot/share/interpreter/linkResolver.cpp, line 77
Event: 5.199 Thread 0x0000018a9bbdc000 Exception <a 'java/lang/NoSuchMethodError'{0x00000000873e46f0}: java.lang.invoke.DirectMethodHandle$Holder.invokeStaticInit(Ljava/lang/Object;IIII)Ljava/lang/Object;> (0x00000000873e46f0) thrown at [./open/src/hotspot/share/interpreter/linkResolver.cpp, l
Event: 5.379 Thread 0x0000018a9bbdc000 Exception <a 'java/lang/NoSuchMethodError'{0x0000000087240078}: java.lang.invoke.DirectMethodHandle$Holder.invokeStaticInit(Ljava/lang/Object;Ljava/lang/Object;IIII)Ljava/lang/Object;> (0x0000000087240078) thrown at [./open/src/hotspot/share/interpreter/l

Events (10 events):
Event: 5.555 Thread 0x0000018a9bbdc000 DEOPT PACKING pc=0x0000018aa4ea0fe2 sp=0x00000083924fd320
Event: 5.555 Thread 0x0000018a9bbdc000 DEOPT UNPACKING pc=0x0000018aa40a6dde sp=0x00000083924fc7b0 mode 0
Event: 5.558 Thread 0x0000018a9bbdc000 DEOPT PACKING pc=0x0000018aa4ea0fe2 sp=0x00000083924fd290
Event: 5.558 Thread 0x0000018a9bbdc000 DEOPT UNPACKING pc=0x0000018aa40a6dde sp=0x00000083924fc720 mode 0
Event: 5.558 Thread 0x0000018a9bbdc000 DEOPT PACKING pc=0x0000018aa4ea0fe2 sp=0x00000083924fd290
Event: 5.558 Thread 0x0000018a9bbdc000 DEOPT UNPACKING pc=0x0000018aa40a6dde sp=0x00000083924fc720 mode 0
Event: 5.559 Thread 0x0000018a9bbdc000 DEOPT PACKING pc=0x0000018aa4ea0fe2 sp=0x00000083924fd290
Event: 5.559 Thread 0x0000018a9bbdc000 DEOPT UNPACKING pc=0x0000018aa40a6dde sp=0x00000083924fc720 mode 0
Event: 5.559 Thread 0x0000018a9bbdc000 DEOPT PACKING pc=0x0000018aa4ea0fe2 sp=0x00000083924fd290
Event: 5.559 Thread 0x0000018a9bbdc000 DEOPT UNPACKING pc=0x0000018aa40a6dde sp=0x00000083924fc720 mode 0


Dynamic libraries:
0x00007ff645e50000 - 0x00007ff645e5f000 	C:\Program Files\Java\jdk-11.0.11\bin\java.exe
0x00007ffe10830000 - 0x00007ffe10a25000 	C:\WINDOWS\SYSTEM32\ntdll.dll
0x00007ffe0ed40000 - 0x00007ffe0edfd000 	C:\WINDOWS\System32\KERNEL32.DLL
0x00007ffe0e460000 - 0x00007ffe0e729000 	C:\WINDOWS\System32\KERNELBASE.dll
0x00007ffe0e290000 - 0x00007ffe0e390000 	C:\WINDOWS\System32\ucrtbase.dll
0x00007ffdf6140000 - 0x00007ffdf6155000 	C:\Program Files\Java\jdk-11.0.11\bin\VCRUNTIME140.dll
0x00007ffdf6bb0000 - 0x00007ffdf6bc8000 	C:\Program Files\Java\jdk-11.0.11\bin\jli.dll
0x00007ffe10570000 - 0x00007ffe1061c000 	C:\WINDOWS\System32\ADVAPI32.dll
0x00007ffe0fac0000 - 0x00007ffe0fb5e000 	C:\WINDOWS\System32\msvcrt.dll
0x00007ffe0fb60000 - 0x00007ffe0fbfb000 	C:\WINDOWS\System32\sechost.dll
0x00007ffe10420000 - 0x00007ffe1054a000 	C:\WINDOWS\System32\RPCRT4.dll
0x00007ffe0e930000 - 0x00007ffe0ead0000 	C:\WINDOWS\System32\USER32.dll
0x00007ffdfd9e0000 - 0x00007ffdfdc7a000 	C:\WINDOWS\WinSxS\amd64_microsoft.windows.common-controls_6595b64144ccf1df_6.0.19041.1083_none_60bbe31371f34e71\COMCTL32.dll
0x00007ffe0e730000 - 0x00007ffe0e752000 	C:\WINDOWS\System32\win32u.dll
0x00007ffe0ee10000 - 0x00007ffe0ee3a000 	C:\WINDOWS\System32\GDI32.dll
0x00007ffe0e180000 - 0x00007ffe0e28b000 	C:\WINDOWS\System32\gdi32full.dll
0x00007ffe0e390000 - 0x00007ffe0e42d000 	C:\WINDOWS\System32\msvcp_win.dll
0x00007ffe04a80000 - 0x00007ffe04a8a000 	C:\WINDOWS\SYSTEM32\VERSION.dll
0x00007ffe0ed10000 - 0x00007ffe0ed40000 	C:\WINDOWS\System32\IMM32.DLL
0x00007ffdbe080000 - 0x00007ffdbe11b000 	C:\Program Files\Java\jdk-11.0.11\bin\msvcp140.dll
0x00007ffdbd580000 - 0x00007ffdbe07e000 	C:\Program Files\Java\jdk-11.0.11\bin\server\jvm.dll
0x00007ffe0f140000 - 0x00007ffe0f148000 	C:\WINDOWS\System32\PSAPI.DLL
0x00007ffdff890000 - 0x00007ffdff8b7000 	C:\WINDOWS\SYSTEM32\WINMM.dll
0x00007ffe07df0000 - 0x00007ffe07df9000 	C:\WINDOWS\SYSTEM32\WSOCK32.dll
0x00007ffe0f0d0000 - 0x00007ffe0f13b000 	C:\WINDOWS\System32\WS2_32.dll
0x00007ffe0cb00000 - 0x00007ffe0cb12000 	C:\WINDOWS\SYSTEM32\kernel.appcore.dll
0x00007ffe06560000 - 0x00007ffe06570000 	C:\Program Files\Java\jdk-11.0.11\bin\verify.dll
0x00007ffe0c500000 - 0x00007ffe0c6e4000 	C:\WINDOWS\SYSTEM32\DBGHELP.DLL
0x00007ffdf5d10000 - 0x00007ffdf5d3c000 	C:\WINDOWS\SYSTEM32\dbgcore.DLL
0x00007ffe0e7c0000 - 0x00007ffe0e843000 	C:\WINDOWS\System32\bcryptPrimitives.dll
0x00007ffde6f70000 - 0x00007ffde6f98000 	C:\Program Files\Java\jdk-11.0.11\bin\java.dll
0x00007ffe06520000 - 0x00007ffe0652a000 	C:\Program Files\Java\jdk-11.0.11\bin\jimage.dll
0x00007ffdef8f0000 - 0x00007ffdef906000 	C:\Program Files\Java\jdk-11.0.11\bin\zip.dll
0x00007ffe0fc00000 - 0x00007ffe1033f000 	C:\WINDOWS\System32\SHELL32.dll
0x00007ffe0bca0000 - 0x00007ffe0c431000 	C:\WINDOWS\SYSTEM32\windows.storage.dll
0x00007ffe0f150000 - 0x00007ffe0f4a5000 	C:\WINDOWS\System32\combase.dll
0x00007ffe0d900000 - 0x00007ffe0d92c000 	C:\WINDOWS\SYSTEM32\Wldp.dll
0x00007ffe10740000 - 0x00007ffe107ee000 	C:\WINDOWS\System32\SHCORE.dll
0x00007ffe0f4b0000 - 0x00007ffe0f505000 	C:\WINDOWS\System32\shlwapi.dll
0x00007ffe0deb0000 - 0x00007ffe0decf000 	C:\WINDOWS\SYSTEM32\profapi.dll
0x00007ffdf9750000 - 0x00007ffdf9769000 	C:\Program Files\Java\jdk-11.0.11\bin\net.dll
0x00007ffe059a0000 - 0x00007ffe05aaa000 	C:\WINDOWS\SYSTEM32\WINHTTP.dll
0x00007ffe0d6e0000 - 0x00007ffe0d74a000 	C:\WINDOWS\system32\mswsock.dll
0x00007ffdf64d0000 - 0x00007ffdf64e2000 	C:\Program Files\Java\jdk-11.0.11\bin\nio.dll
0x00007ffe0d3a0000 - 0x00007ffe0d3db000 	C:\WINDOWS\SYSTEM32\IPHLPAPI.DLL
0x00007ffe0ee00000 - 0x00007ffe0ee08000 	C:\WINDOWS\System32\NSI.dll
0x00007ffe07200000 - 0x00007ffe07217000 	C:\WINDOWS\SYSTEM32\dhcpcsvc6.DLL
0x00007ffe071e0000 - 0x00007ffe071fd000 	C:\WINDOWS\SYSTEM32\dhcpcsvc.DLL
0x00007ffe0d3f0000 - 0x00007ffe0d4bc000 	C:\WINDOWS\SYSTEM32\DNSAPI.dll
0x0000000055e80000 - 0x0000000055ea6000 	C:\Program Files\Bonjour\mdnsNSP.dll
0x00007ffdf9590000 - 0x00007ffdf9599000 	C:\Program Files\Java\jdk-11.0.11\bin\management.dll
0x00007ffdf9580000 - 0x00007ffdf958b000 	C:\Program Files\Java\jdk-11.0.11\bin\management_ext.dll
0x00007ffde6f00000 - 0x00007ffde6f17000 	C:\WINDOWS\system32\napinsp.dll
0x00007ffde6ee0000 - 0x00007ffde6efb000 	C:\WINDOWS\system32\pnrpnsp.dll
0x00007ffde6ec0000 - 0x00007ffde6ed5000 	C:\WINDOWS\system32\wshbth.dll
0x00007ffe09540000 - 0x00007ffe0955d000 	C:\WINDOWS\system32\NLAapi.dll
0x00007ffde6ea0000 - 0x00007ffde6eb2000 	C:\WINDOWS\System32\winrnr.dll
0x00007ffdfd310000 - 0x00007ffdfd31a000 	C:\Windows\System32\rasadhlp.dll
0x00007ffe05650000 - 0x00007ffe056cf000 	C:\WINDOWS\System32\fwpuclnt.dll
0x00007ffe0e430000 - 0x00007ffe0e457000 	C:\WINDOWS\System32\bcrypt.dll
0x00007ffe0d940000 - 0x00007ffe0d958000 	C:\WINDOWS\SYSTEM32\CRYPTSP.dll
0x00007ffe0d030000 - 0x00007ffe0d064000 	C:\WINDOWS\system32\rsaenh.dll
0x00007ffe0de30000 - 0x00007ffe0de5e000 	C:\WINDOWS\SYSTEM32\USERENV.dll
0x00007ffe0d860000 - 0x00007ffe0d86c000 	C:\WINDOWS\SYSTEM32\CRYPTBASE.dll

dbghelp: loaded successfully - version: 4.0.5 - missing functions: none
symbol engine: initialized successfully - sym options: 0x614 - pdb path: .;C:\Program Files\Java\jdk-11.0.11\bin;C:\WINDOWS\SYSTEM32;C:\WINDOWS\WinSxS\amd64_microsoft.windows.common-controls_6595b64144ccf1df_6.0.19041.1083_none_60bbe31371f34e71;C:\Program Files\Java\jdk-11.0.11\bin\server;C:\Program Files\Bonjour

VM Arguments:
jvm_args: -Dfile.encoding=UTF-8 
java_command: com.backend.foto.FotoApplication
java_class_path (initial): D:\PRAGMA\Java\backend practica\documento-service\foto\target\classes;C:\Users\agpp1\.m2\repository\org\springframework\boot\spring-boot-starter-data-mongodb\2.5.2\spring-boot-starter-data-mongodb-2.5.2.jar;C:\Users\agpp1\.m2\repository\org\springframework\boot\spring-boot-starter\2.5.2\spring-boot-starter-2.5.2.jar;C:\Users\agpp1\.m2\repository\org\springframework\boot\spring-boot\2.5.2\spring-boot-2.5.2.jar;C:\Users\agpp1\.m2\repository\org\springframework\boot\spring-boot-autoconfigure\2.5.2\spring-boot-autoconfigure-2.5.2.jar;C:\Users\agpp1\.m2\repository\org\springframework\boot\spring-boot-starter-logging\2.5.2\spring-boot-starter-logging-2.5.2.jar;C:\Users\agpp1\.m2\repository\ch\qos\logback\logback-classic\1.2.3\logback-classic-1.2.3.jar;C:\Users\agpp1\.m2\repository\ch\qos\logback\logback-core\1.2.3\logback-core-1.2.3.jar;C:\Users\agpp1\.m2\repository\org\apache\logging\log4j\log4j-to-slf4j\2.14.1\log4j-to-slf4j-2.14.1.jar;C:\Users\agpp1\.m2\repository\org\apache\logging\log4j\log4j-api\2.14.1\log4j-api-2.14.1.jar;C:\Users\agpp1\.m2\repository\org\slf4j\jul-to-slf4j\1.7.31\jul-to-slf4j-1.7.31.jar;C:\Users\agpp1\.m2\repository\jakarta\annotation\jakarta.annotation-api\1.3.5\jakarta.annotation-api-1.3.5.jar;C:\Users\agpp1\.m2\repository\org\yaml\snakeyaml\1.28\snakeyaml-1.28.jar;C:\Users\agpp1\.m2\repository\org\mongodb\mongodb-driver-sync\4.2.3\mongodb-driver-sync-4.2.3.jar;C:\Users\agpp1\.m2\repository\org\mongodb\bson\4.2.3\bson-4.2.3.jar;C:\Users\agpp1\.m2\repository\org\mongodb\mongodb-driver-core\4.2.3\mongodb-driver-core-4.2.3.jar;C:\Users\agpp1\.m2\repository\org\springframework\data\spring-data-mongodb\3.2.2\spring-data-mongodb-3.2.2.jar;C:\Users\agpp1\.m2\repository\org\springframework\spring-tx\5.3.8\spring-tx-5.3.8.jar;C:\Users\agpp1\.m2\repository\org\springframework\spring-context\5.3.8\spring-context-5.3.8.jar;C:\Users\agpp1\.m2\repository\org\springframework\spring-beans\5.3.8\spring-beans-5.3.8.jar;C:\Users\agpp1\
Launcher Type: SUN_STANDARD

[Global flags]
     intx CICompilerCount                          = 4                                         {product} {ergonomic}
     uint ConcGCThreads                            = 2                                         {product} {ergonomic}
     uint G1ConcRefinementThreads                  = 8                                         {product} {ergonomic}
   size_t G1HeapRegionSize                         = 1048576                                   {product} {ergonomic}
    uintx GCDrainStackTargetSize                   = 64                                        {product} {ergonomic}
   size_t InitialHeapSize                          = 132120576                                 {product} {ergonomic}
   size_t MarkStackSize                            = 4194304                                   {product} {ergonomic}
   size_t MaxHeapSize                              = 2113929216                                {product} {ergonomic}
   size_t MaxNewSize                               = 1267728384                                {product} {ergonomic}
   size_t MinHeapDeltaBytes                        = 1048576                                   {product} {ergonomic}
    uintx NonNMethodCodeHeapSize                   = 5836300                                {pd product} {ergonomic}
    uintx NonProfiledCodeHeapSize                  = 122910970                              {pd product} {ergonomic}
    uintx ProfiledCodeHeapSize                     = 122910970                              {pd product} {ergonomic}
    uintx ReservedCodeCacheSize                    = 251658240                              {pd product} {ergonomic}
     bool SegmentedCodeCache                       = true                                      {product} {ergonomic}
     bool UseCompressedClassPointers               = true                                 {lp64_product} {ergonomic}
     bool UseCompressedOops                        = true                                 {lp64_product} {ergonomic}
     bool UseG1GC                                  = true                                      {product} {ergonomic}
     bool UseLargePagesIndividualAllocation        = false                                  {pd product} {ergonomic}

Logging:
Log output configuration:
 #0: stdout all=warning uptime,level,tags
 #1: stderr all=off uptime,level,tags

Environment Variables:
JAVA_HOME=C:\Program Files\Java\jdk-11.0.11
PATH=C:\Python39\Scripts\;C:\Python39\;C:\Program Files (x86)\Common Files\Oracle\Java\javapath;C:\Program Files\Common Files\Oracle\Java\javapath;C:\Windows\system32;C:\Windows;C:\Windows\System32\Wbem;C:\Windows\System32\WindowsPowerShell\v1.0\;C:\Windows\System32\OpenSSH\;C:\Program Files (x86)\NVIDIA Corporation\PhysX\Common;C:\Program Files\NVIDIA Corporation\NVIDIA NvDLISR;C:\Program Files\nodejs\;C:\ProgramData\chocolatey\bin;C:\Program Files\Git\cmd;C:\Program Files\Docker\Docker\resources\bin;C:\ProgramData\DockerDesktop\version-bin;C:\WINDOWS\system32;C:\WINDOWS;C:\WINDOWS\System32\Wbem;C:\WINDOWS\System32\WindowsPowerShell\v1.0\;C:\WINDOWS\System32\OpenSSH\;C:\Program Files\Amazon\AWSCLI\;C:\Program Files\MySQL\MySQL Shell 8.0\bin\;C:\Users\agpp1\AppData\Local\Microsoft\WindowsApps;C:\Users\agpp1\AppData\Local\Programs\Microsoft VS Code\bin;C:\Users\agpp1\AppData\Roaming\npm;C:\Users\agpp1\AppData\Local\GitHubDesktop\bin;C:\Program Files (x86)\Ardesia\bin;
USERNAME=UNREAL
OS=Windows_NT
PROCESSOR_IDENTIFIER=Intel64 Family 6 Model 165 Stepping 2, GenuineIntel



---------------  S Y S T E M  ---------------

OS: Windows 10 , 64 bit Build 19041 (10.0.19041.1023)
Hyper-V role detected

CPU:total 8 (initial active 8) (4 cores per cpu, 2 threads per core) family 6 model 165 stepping 2 microcode 0xc8, cmov, cx8, fxsr, mmx, sse, sse2, sse3, ssse3, sse4.1, sse4.2, popcnt, avx, avx2, aes, clmul, erms, 3dnowpref, lzcnt, ht, tsc, tscinvbit, bmi1, bmi2, adx, fma

Memory: 4k page, system-wide physical 8060M (1221M free)
TotalPageFile size 12156M (AvailPageFile size 2M)
current process WorkingSet (physical memory assigned to process): 239M, peak: 239M
current process commit charge ("private bytes"): 311M, peak: 311M

vm_info: Java HotSpot(TM) 64-Bit Server VM (11.0.11+9-LTS-194) for windows-amd64 JRE (11.0.11+9-LTS-194), built on Mar 18 2021 18:46:53 by "mach5one" with MS VC++ 15.9 (VS2017)

END.
