#
# There is insufficient memory for the Java Runtime Environment to continue.
# Native memory allocation (malloc) failed to allocate 65552 bytes for Chunk::new
# Possible reasons:
#   The system is out of physical RAM or swap space
#   The process is running with CompressedOops enabled, and the Java Heap may be blocking the growth of the native heap
# Possible solutions:
#   Reduce memory load on the system
#   Increase physical memory or swap space
#   Check if swap backing store is full
#   Decrease Java heap size (-Xmx/-Xms)
#   Decrease number of Java threads
#   Decrease Java thread stack sizes (-Xss)
#   Set larger code cache with -XX:ReservedCodeCacheSize=
#   JVM is running with Unscaled Compressed Oops mode in which the Java heap is
#     placed in the first 4GB address space. The Java Heap base address is the
#     maximum limit for the native heap growth. Please use -XX:HeapBaseMinAddress
#     to set the Java Heap base and to place the Java Heap above 4GB virtual address.
# This output file may be truncated or incomplete.
#
#  Out of Memory Error (./open/src/hotspot/share/memory/arena.cpp:197), pid=12036, tid=11808
#
# JRE version: Java(TM) SE Runtime Environment 18.9 (11.0.11+9) (build 11.0.11+9-LTS-194)
# Java VM: Java HotSpot(TM) 64-Bit Server VM 18.9 (11.0.11+9-LTS-194, mixed mode, tiered, compressed oops, parallel gc, windows-amd64)
# No core dump will be written. Minidumps are not enabled by default on client versions of Windows
#

---------------  S U M M A R Y ------------

Command Line: --add-modules=ALL-SYSTEM --add-opens=java.base/java.util=ALL-UNNAMED --add-opens=java.base/java.lang=ALL-UNNAMED -Declipse.application=org.eclipse.jdt.ls.core.id1 -Dosgi.bundles.defaultStartLevel=4 -Declipse.product=org.eclipse.jdt.ls.core.product -Dfile.encoding=utf8 -DwatchParentProcess=false -XX:+UseParallelGC -XX:GCTimeRatio=4 -XX:AdaptiveSizePolicyWeight=90 -Dsun.zip.disableMemoryMapping=true -Xmx1G -Xms100m -javaagent:c:\Users\agpp1\.vscode\extensions\gabrielbb.vscode-lombok-1.0.1\server\lombok.jar -Xverify:none c:\Users\agpp1\.vscode\extensions\redhat.java-0.80.0\server\plugins\org.eclipse.equinox.launcher_1.6.200.v20210416-2027.jar -configuration c:\Users\agpp1\AppData\Roaming\Code\User\globalStorage\redhat.java\0.80.0\config_win -data c:\Users\agpp1\AppData\Roaming\Code\User\workspaceStorage\c3928b534b8ecce83cfb77a01cd1c8db\redhat.java\jdt_ws

Host: Intel(R) Core(TM) i5-10300H CPU @ 2.50GHz, 8 cores, 7G,  Windows 10 , 64 bit Build 19041 (10.0.19041.1023)
Time: Mon Jul 19 15:14:01 2021 Hora est. Pacífico, Sudamérica elapsed time: 3.367401 seconds (0d 0h 0m 3s)

---------------  T H R E A D  ---------------

Current thread (0x000002429caa8000):  JavaThread "C2 CompilerThread2" daemon [_thread_in_native, id=11808, stack(0x0000006754000000,0x0000006754100000)]


Current CompileTask:
C2:   3367 3472   !   4       org.eclipse.osgi.internal.loader.classpath.ClasspathManager::defineClass (636 bytes)

Stack: [0x0000006754000000,0x0000006754100000]
Native frames: (J=compiled Java code, j=interpreted, Vv=VM code, C=native code)
V  [jvm.dll+0x616f2a]
V  [jvm.dll+0x74de7f]
V  [jvm.dll+0x74f505]
V  [jvm.dll+0x74fb83]
V  [jvm.dll+0x2436d8]
V  [jvm.dll+0xba68c]
V  [jvm.dll+0xba7fd]
V  [jvm.dll+0x5f73cf]
V  [jvm.dll+0x51dd4d]
V  [jvm.dll+0x51d2c5]
V  [jvm.dll+0x51caaf]
V  [jvm.dll+0x51ca76]
V  [jvm.dll+0x51cac3]
V  [jvm.dll+0x51cac3]
V  [jvm.dll+0x51cac3]
V  [jvm.dll+0x51cac3]
V  [jvm.dll+0x51cac3]
V  [jvm.dll+0x51cac3]
V  [jvm.dll+0x51cac3]
V  [jvm.dll+0x51cac3]
V  [jvm.dll+0x51cac3]
V  [jvm.dll+0x51cac3]
V  [jvm.dll+0x51cac3]
V  [jvm.dll+0x51cac3]
V  [jvm.dll+0x51cac3]
V  [jvm.dll+0x51cac3]
V  [jvm.dll+0x51cac3]
V  [jvm.dll+0x52c7f0]
V  [jvm.dll+0x1feafb]
V  [jvm.dll+0x1fc10f]
V  [jvm.dll+0x17f0bc]
V  [jvm.dll+0x20b68c]
V  [jvm.dll+0x20978b]
V  [jvm.dll+0x7152c9]
V  [jvm.dll+0x70dfc4]
V  [jvm.dll+0x6160f6]
C  [ucrtbase.dll+0x21bb2]
C  [KERNEL32.DLL+0x17034]
C  [ntdll.dll+0x52651]


---------------  P R O C E S S  ---------------

Threads class SMR info:
_java_thread_list=0x000002429dd0e1d0, length=24, elements={
0x00000242fd2d9800, 0x000002429a55a000, 0x000002429a563800, 0x000002429b7fa800,
0x000002429b7fb800, 0x000002429b7fd800, 0x000002429b802800, 0x000002429b7ae800,
0x000002429b962000, 0x000002429bb21800, 0x000002429bb20800, 0x000002429caa8000,
0x000002429cc77000, 0x000002429d49f000, 0x000002429d535800, 0x000002429d31d000,
0x000002429cc36800, 0x000002429d734000, 0x000002429d7e6000, 0x000002429dc4f000,
0x000002429dd37800, 0x000002429dc4c000, 0x000002429f326800, 0x000002429f329800
}

Java Threads: ( => current thread )
  0x00000242fd2d9800 JavaThread "main" [_thread_blocked, id=7476, stack(0x0000006753200000,0x0000006753300000)]
  0x000002429a55a000 JavaThread "Reference Handler" daemon [_thread_blocked, id=13740, stack(0x0000006753500000,0x0000006753600000)]
  0x000002429a563800 JavaThread "Finalizer" daemon [_thread_blocked, id=9792, stack(0x0000006753600000,0x0000006753700000)]
  0x000002429b7fa800 JavaThread "Signal Dispatcher" daemon [_thread_blocked, id=10080, stack(0x0000006753700000,0x0000006753800000)]
  0x000002429b7fb800 JavaThread "Attach Listener" daemon [_thread_blocked, id=1392, stack(0x0000006753800000,0x0000006753900000)]
  0x000002429b7fd800 JavaThread "C2 CompilerThread0" daemon [_thread_in_native, id=6640, stack(0x0000006753900000,0x0000006753a00000)]
  0x000002429b802800 JavaThread "C1 CompilerThread0" daemon [_thread_in_native, id=14312, stack(0x0000006753a00000,0x0000006753b00000)]
  0x000002429b7ae800 JavaThread "Sweeper thread" daemon [_thread_blocked, id=10900, stack(0x0000006753b00000,0x0000006753c00000)]
  0x000002429b962000 JavaThread "Common-Cleaner" daemon [_thread_blocked, id=3148, stack(0x0000006753c00000,0x0000006753d00000)]
  0x000002429bb21800 JavaThread "Service Thread" daemon [_thread_blocked, id=2184, stack(0x0000006753d00000,0x0000006753e00000)]
  0x000002429bb20800 JavaThread "C2 CompilerThread1" daemon [_thread_in_native, id=12436, stack(0x0000006753f00000,0x0000006754000000)]
=>0x000002429caa8000 JavaThread "C2 CompilerThread2" daemon [_thread_in_native, id=11808, stack(0x0000006754000000,0x0000006754100000)]
  0x000002429cc77000 JavaThread "Active Thread: Equinox Container: db8f240a-e78e-4ae7-a378-0193d253be79" [_thread_blocked, id=8748, stack(0x0000006754200000,0x0000006754300000)]
  0x000002429d49f000 JavaThread "Framework Event Dispatcher: Equinox Container: db8f240a-e78e-4ae7-a378-0193d253be79" daemon [_thread_blocked, id=13872, stack(0x0000006754500000,0x0000006754600000)]
  0x000002429d535800 JavaThread "Start Level: Equinox Container: db8f240a-e78e-4ae7-a378-0193d253be79" daemon [_thread_blocked, id=3080, stack(0x0000006754600000,0x0000006754700000)]
  0x000002429d31d000 JavaThread "SCR Component Actor" daemon [_thread_blocked, id=10628, stack(0x0000006754700000,0x0000006754800000)]
  0x000002429cc36800 JavaThread "Timer-0" daemon [_thread_blocked, id=2552, stack(0x0000006754800000,0x0000006754900000)]
  0x000002429d734000 JavaThread "Worker-JM" [_thread_blocked, id=5080, stack(0x0000006754900000,0x0000006754a00000)]
  0x000002429d7e6000 JavaThread "Worker-0: Register Watchers" [_thread_in_vm, id=13404, stack(0x0000006754c00000,0x0000006754d00000)]
  0x000002429dc4f000 JavaThread "Worker-1" [_thread_blocked, id=5624, stack(0x0000006754d00000,0x0000006754e00000)]
  0x000002429dd37800 JavaThread "Java indexing" daemon [_thread_blocked, id=12240, stack(0x0000006755000000,0x0000006755100000)]
  0x000002429dc4c000 JavaThread "Worker-2" [_thread_blocked, id=3816, stack(0x0000006755100000,0x0000006755200000)]
  0x000002429f326800 JavaThread "logback configurator timer" daemon [_thread_blocked, id=13324, stack(0x0000006755200000,0x0000006755300000)]
  0x000002429f329800 JavaThread "pool-2-thread-1" [_thread_blocked, id=8360, stack(0x0000006755300000,0x0000006755400000)]

Other Threads:
  0x000002429b7a1000 VMThread "VM Thread" [stack: 0x0000006753400000,0x0000006753500000] [id=3928]
  0x000002429bb1f800 WatcherThread [stack: 0x0000006753e00000,0x0000006753f00000] [id=11564]
  0x00000242fd2ef800 GCTaskThread "ParGC Thread#0" [stack: 0x0000006753300000,0x0000006753400000] [id=10620]
  0x000002429d16e000 GCTaskThread "ParGC Thread#1" [stack: 0x0000006754100000,0x0000006754200000] [id=10032]
  0x000002429cf28800 GCTaskThread "ParGC Thread#2" [stack: 0x0000006754300000,0x0000006754400000] [id=10288]
  0x000002429cf29000 GCTaskThread "ParGC Thread#3" [stack: 0x0000006754400000,0x0000006754500000] [id=3700]
  0x000002429d85a800 GCTaskThread "ParGC Thread#4" [stack: 0x0000006754a00000,0x0000006754b00000] [id=9604]
  0x000002429d711000 GCTaskThread "ParGC Thread#5" [stack: 0x0000006754b00000,0x0000006754c00000] [id=4808]
  0x000002429dc02000 GCTaskThread "ParGC Thread#6" [stack: 0x0000006754e00000,0x0000006754f00000] [id=9496]
  0x000002429f2f0800 GCTaskThread "ParGC Thread#7" [stack: 0x0000006754f00000,0x0000006755000000] [id=12364]

Threads with active compile tasks:
C2 CompilerThread0   3396 3207       4       org.eclipse.osgi.internal.loader.classpath.ClasspathManager::findLocalClassImpl (55 bytes)
C1 CompilerThread0   3396 3624       3       ch.qos.logback.classic.util.LoggerNameUtil::getSeparatorIndexOf (53 bytes)
C2 CompilerThread1   3396 3288   !   4       org.eclipse.osgi.internal.loader.classpath.ClasspathManager::findLocalClass (210 bytes)
C2 CompilerThread2   3396 3472   !   4       org.eclipse.osgi.internal.loader.classpath.ClasspathManager::defineClass (636 bytes)

VM state:not at safepoint (normal execution)

VM Mutex/Monitor currently owned by a thread: None

Heap address: 0x00000000c0000000, size: 1024 MB, Compressed Oops mode: 32-bit
Narrow klass base: 0x0000000000000000, Narrow klass shift: 3
Compressed class space size: 1073741824 Address: 0x0000000100000000

Heap:
 PSYoungGen      total 23552K, used 20181K [0x00000000eab00000, 0x00000000ec600000, 0x0000000100000000)
  eden space 22016K, 86% used [0x00000000eab00000,0x00000000ebd85770,0x00000000ec080000)
  from space 1536K, 79% used [0x00000000ec480000,0x00000000ec5b0000,0x00000000ec600000)
  to   space 1536K, 0% used [0x00000000ec300000,0x00000000ec300000,0x00000000ec480000)
 ParOldGen       total 68608K, used 12722K [0x00000000c0000000, 0x00000000c4300000, 0x00000000eab00000)
  object space 68608K, 18% used [0x00000000c0000000,0x00000000c0c6c8f0,0x00000000c4300000)
 Metaspace       used 39794K, capacity 41914K, committed 42160K, reserved 1087488K
  class space    used 4172K, capacity 5027K, committed 5120K, reserved 1048576K

Card table byte_map: [0x00000242975e0000,0x00000242977f0000] _byte_map_base: 0x0000024296fe0000

Marking Bits: (ParMarkBitMap*) 0x00007ffdbdfc57a0
 Begin Bits: [0x0000024297950000, 0x0000024298950000)
 End Bits:   [0x0000024298950000, 0x0000024299950000)

Polling page: 0x0000024280000000

Metaspace:

Usage:
  Non-class:     36.02 MB capacity,    34.79 MB ( 97%) used,     1.16 MB (  3%) free+waste,    75.31 KB ( <1%) overhead. 
      Class:      4.91 MB capacity,     4.07 MB ( 83%) used,   817.81 KB ( 16%) free+waste,    36.88 KB ( <1%) overhead. 
       Both:     40.93 MB capacity,    38.86 MB ( 95%) used,     1.96 MB (  5%) free+waste,   112.19 KB ( <1%) overhead. 

Virtual space:
  Non-class space:       38.00 MB reserved,      36.17 MB ( 95%) committed 
      Class space:        1.00 GB reserved,       5.00 MB ( <1%) committed 
             Both:        1.04 GB reserved,      41.17 MB (  4%) committed 

Chunk freelists:
   Non-Class:  3.13 KB
       Class:  0 bytes
        Both:  3.13 KB

CodeHeap 'non-profiled nmethods': size=120000Kb used=1646Kb max_used=1646Kb free=118353Kb
 bounds [0x000002428fec0000, 0x0000024290130000, 0x00000242973f0000]
CodeHeap 'profiled nmethods': size=120000Kb used=7770Kb max_used=7770Kb free=112230Kb
 bounds [0x0000024288990000, 0x0000024289130000, 0x000002428fec0000]
CodeHeap 'non-nmethods': size=5760Kb used=1185Kb max_used=1235Kb free=4574Kb
 bounds [0x00000242883f0000, 0x0000024288660000, 0x0000024288990000]
 total_blobs=4151 nmethods=3611 adapters=453
 compilation: enabled
              stopped_count=0, restarted_count=0
 full_count=0

Compilation events (10 events):
Event: 3.363 Thread 0x000002429b802800 3616       3       com.google.common.collect.LinkedHashMultimap::containsValue (6 bytes)
Event: 3.363 Thread 0x000002429b802800 nmethod 3616 0x0000024289123290 code [0x0000024289123440, 0x0000024289123568]
Event: 3.363 Thread 0x000002429b802800 3618       3       com.google.common.collect.Maps$ViewCachingAbstractMap::values (23 bytes)
Event: 3.364 Thread 0x000002429b802800 nmethod 3618 0x0000024289123610 code [0x00000242891237e0, 0x0000024289123c38]
Event: 3.364 Thread 0x000002429b802800 3619       3       com.google.common.collect.Maps$Values::iterator (18 bytes)
Event: 3.364 Thread 0x000002429b802800 nmethod 3619 0x0000024289123d90 code [0x0000024289123fa0, 0x0000024289124648]
Event: 3.364 Thread 0x000002429b802800 3620       3       com.google.common.collect.Maps$ViewCachingAbstractMap::entrySet (23 bytes)
Event: 3.364 Thread 0x000002429b802800 nmethod 3620 0x0000024289124890 code [0x0000024289124a40, 0x0000024289124c88]
Event: 3.364 Thread 0x000002429b802800 3614       3       com.google.inject.internal.CycleDetectingLock$CycleDetectingLockFactory$ReentrantCycleDetectingLock::detectPotentialLocksCycle (85 bytes)
Event: 3.364 Thread 0x000002429b802800 nmethod 3614 0x0000024289124d10 code [0x0000024289124f20, 0x0000024289125478]

GC Heap History (10 events):
Event: 2.435 GC heap before
{Heap before GC invocations=8 (full 1):
 PSYoungGen      total 26624K, used 26617K [0x00000000eab00000, 0x00000000ecc00000, 0x0000000100000000)
  eden space 23552K, 100% used [0x00000000eab00000,0x00000000ec200000,0x00000000ec200000)
  from space 3072K, 99% used [0x00000000ec680000,0x00000000ec97e538,0x00000000ec980000)
  to   space 4608K, 0% used [0x00000000ec200000,0x00000000ec200000,0x00000000ec680000)
 ParOldGen       total 68608K, used 8022K [0x00000000c0000000, 0x00000000c4300000, 0x00000000eab00000)
  object space 68608K, 11% used [0x00000000c0000000,0x00000000c07d5bf0,0x00000000c4300000)
 Metaspace       used 30736K, capacity 32947K, committed 33072K, reserved 1079296K
  class space    used 3066K, capacity 3847K, committed 3968K, reserved 1048576K
}
Event: 2.441 GC heap after
{Heap after GC invocations=8 (full 1):
 PSYoungGen      total 27648K, used 4136K [0x00000000eab00000, 0x00000000eca80000, 0x0000000100000000)
  eden space 23040K, 0% used [0x00000000eab00000,0x00000000eab00000,0x00000000ec180000)
  from space 4608K, 89% used [0x00000000ec200000,0x00000000ec60a000,0x00000000ec680000)
  to   space 4096K, 0% used [0x00000000ec680000,0x00000000ec680000,0x00000000eca80000)
 ParOldGen       total 68608K, used 8030K [0x00000000c0000000, 0x00000000c4300000, 0x00000000eab00000)
  object space 68608K, 11% used [0x00000000c0000000,0x00000000c07d7bf0,0x00000000c4300000)
 Metaspace       used 30736K, capacity 32947K, committed 33072K, reserved 1079296K
  class space    used 3066K, capacity 3847K, committed 3968K, reserved 1048576K
}
Event: 2.713 GC heap before
{Heap before GC invocations=9 (full 1):
 PSYoungGen      total 27648K, used 25041K [0x00000000eab00000, 0x00000000eca80000, 0x0000000100000000)
  eden space 23040K, 90% used [0x00000000eab00000,0x00000000ebf6a450,0x00000000ec180000)
  from space 4608K, 89% used [0x00000000ec200000,0x00000000ec60a000,0x00000000ec680000)
  to   space 4096K, 0% used [0x00000000ec680000,0x00000000ec680000,0x00000000eca80000)
 ParOldGen       total 68608K, used 8030K [0x00000000c0000000, 0x00000000c4300000, 0x00000000eab00000)
  object space 68608K, 11% used [0x00000000c0000000,0x00000000c07d7bf0,0x00000000c4300000)
 Metaspace       used 33247K, capacity 35298K, committed 35376K, reserved 1081344K
  class space    used 3346K, capacity 4198K, committed 4224K, reserved 1048576K
}
Event: 2.717 GC heap after
{Heap after GC invocations=9 (full 1):
 PSYoungGen      total 27136K, used 4086K [0x00000000eab00000, 0x00000000ecb80000, 0x0000000100000000)
  eden space 23040K, 0% used [0x00000000eab00000,0x00000000eab00000,0x00000000ec180000)
  from space 4096K, 99% used [0x00000000ec680000,0x00000000eca7d988,0x00000000eca80000)
  to   space 5120K, 0% used [0x00000000ec180000,0x00000000ec180000,0x00000000ec680000)
 ParOldGen       total 68608K, used 8815K [0x00000000c0000000, 0x00000000c4300000, 0x00000000eab00000)
  object space 68608K, 12% used [0x00000000c0000000,0x00000000c089bc50,0x00000000c4300000)
 Metaspace       used 33247K, capacity 35298K, committed 35376K, reserved 1081344K
  class space    used 3346K, capacity 4198K, committed 4224K, reserved 1048576K
}
Event: 2.717 GC heap before
{Heap before GC invocations=10 (full 2):
 PSYoungGen      total 27136K, used 4086K [0x00000000eab00000, 0x00000000ecb80000, 0x0000000100000000)
  eden space 23040K, 0% used [0x00000000eab00000,0x00000000eab00000,0x00000000ec180000)
  from space 4096K, 99% used [0x00000000ec680000,0x00000000eca7d988,0x00000000eca80000)
  to   space 5120K, 0% used [0x00000000ec180000,0x00000000ec180000,0x00000000ec680000)
 ParOldGen       total 68608K, used 8815K [0x00000000c0000000, 0x00000000c4300000, 0x00000000eab00000)
  object space 68608K, 12% used [0x00000000c0000000,0x00000000c089bc50,0x00000000c4300000)
 Metaspace       used 33247K, capacity 35298K, committed 35376K, reserved 1081344K
  class space    used 3346K, capacity 4198K, committed 4224K, reserved 1048576K
}
Event: 2.765 GC heap after
{Heap after GC invocations=10 (full 2):
 PSYoungGen      total 27136K, used 0K [0x00000000eab00000, 0x00000000ecb80000, 0x0000000100000000)
  eden space 23040K, 0% used [0x00000000eab00000,0x00000000eab00000,0x00000000ec180000)
  from space 4096K, 0% used [0x00000000ec680000,0x00000000ec680000,0x00000000eca80000)
  to   space 5120K, 0% used [0x00000000ec180000,0x00000000ec180000,0x00000000ec680000)
 ParOldGen       total 68608K, used 12706K [0x00000000c0000000, 0x00000000c4300000, 0x00000000eab00000)
  object space 68608K, 18% used [0x00000000c0000000,0x00000000c0c688f0,0x00000000c4300000)
 Metaspace       used 33247K, capacity 35298K, committed 35376K, reserved 1081344K
  class space    used 3346K, capacity 4198K, committed 4224K, reserved 1048576K
}
Event: 2.986 GC heap before
{Heap before GC invocations=11 (full 2):
 PSYoungGen      total 27136K, used 23040K [0x00000000eab00000, 0x00000000ecb80000, 0x0000000100000000)
  eden space 23040K, 100% used [0x00000000eab00000,0x00000000ec180000,0x00000000ec180000)
  from space 4096K, 0% used [0x00000000ec680000,0x00000000ec680000,0x00000000eca80000)
  to   space 5120K, 0% used [0x00000000ec180000,0x00000000ec180000,0x00000000ec680000)
 ParOldGen       total 68608K, used 12706K [0x00000000c0000000, 0x00000000c4300000, 0x00000000eab00000)
  object space 68608K, 18% used [0x00000000c0000000,0x00000000c0c688f0,0x00000000c4300000)
 Metaspace       used 35322K, capacity 37485K, committed 37680K, reserved 1083392K
  class space    used 3604K, capacity 4433K, committed 4480K, reserved 1048576K
}
Event: 2.987 GC heap after
{Heap after GC invocations=11 (full 2):
 PSYoungGen      total 23552K, used 576K [0x00000000eab00000, 0x00000000ec700000, 0x0000000100000000)
  eden space 22528K, 0% used [0x00000000eab00000,0x00000000eab00000,0x00000000ec100000)
  from space 1024K, 56% used [0x00000000ec180000,0x00000000ec210000,0x00000000ec280000)
  to   space 2560K, 0% used [0x00000000ec480000,0x00000000ec480000,0x00000000ec700000)
 ParOldGen       total 68608K, used 12714K [0x00000000c0000000, 0x00000000c4300000, 0x00000000eab00000)
  object space 68608K, 18% used [0x00000000c0000000,0x00000000c0c6a8f0,0x00000000c4300000)
 Metaspace       used 35322K, capacity 37485K, committed 37680K, reserved 1083392K
  class space    used 3604K, capacity 4433K, committed 4480K, reserved 1048576K
}
Event: 3.173 GC heap before
{Heap before GC invocations=12 (full 2):
 PSYoungGen      total 23552K, used 23104K [0x00000000eab00000, 0x00000000ec700000, 0x0000000100000000)
  eden space 22528K, 100% used [0x00000000eab00000,0x00000000ec100000,0x00000000ec100000)
  from space 1024K, 56% used [0x00000000ec180000,0x00000000ec210000,0x00000000ec280000)
  to   space 2560K, 0% used [0x00000000ec480000,0x00000000ec480000,0x00000000ec700000)
 ParOldGen       total 68608K, used 12714K [0x00000000c0000000, 0x00000000c4300000, 0x00000000eab00000)
  object space 68608K, 18% used [0x00000000c0000000,0x00000000c0c6a8f0,0x00000000c4300000)
 Metaspace       used 37656K, capacity 39824K, committed 40112K, reserved 1085440K
  class space    used 3899K, capacity 4764K, committed 4864K, reserved 1048576K
}
Event: 3.174 GC heap after
{Heap after GC invocations=12 (full 2):
 PSYoungGen      total 23552K, used 1216K [0x00000000eab00000, 0x00000000ec600000, 0x0000000100000000)
  eden space 22016K, 0% used [0x00000000eab00000,0x00000000eab00000,0x00000000ec080000)
  from space 1536K, 79% used [0x00000000ec480000,0x00000000ec5b0000,0x00000000ec600000)
  to   space 1536K, 0% used [0x00000000ec300000,0x00000000ec300000,0x00000000ec480000)
 ParOldGen       total 68608K, used 12722K [0x00000000c0000000, 0x00000000c4300000, 0x00000000eab00000)
  object space 68608K, 18% used [0x00000000c0000000,0x00000000c0c6c8f0,0x00000000c4300000)
 Metaspace       used 37656K, capacity 39824K, committed 40112K, reserved 1085440K
  class space    used 3899K, capacity 4764K, committed 4864K, reserved 1048576K
}

Deoptimization events (10 events):
Event: 2.907 Thread 0x000002429d7e6000 Uncommon trap: reason=unstable_if action=reinterpret pc=0x000002428ff8af0c method=java.util.ArrayList.indexOfRange(Ljava/lang/Object;II)I @ 7 c2
Event: 2.913 Thread 0x000002429d7e6000 Uncommon trap: reason=unstable_if action=reinterpret pc=0x000002429000942c method=java.nio.charset.CoderResult.isOverflow()Z @ 5 c2
Event: 2.918 Thread 0x000002429d7e6000 Uncommon trap: reason=unstable_if action=reinterpret pc=0x000002429000d774 method=sun.nio.cs.StreamDecoder.implRead([CII)I @ 71 c2
Event: 2.935 Thread 0x000002429d7e6000 Uncommon trap: reason=unstable_if action=reinterpret pc=0x000002429001122c method=org.codehaus.plexus.util.xml.pull.MXParser.nextImpl()I @ 1046 c2
Event: 3.084 Thread 0x000002429d7e6000 Uncommon trap: reason=speculate_class_check action=maybe_recompile pc=0x000002429002b270 method=java.lang.reflect.Executable.declaredAnnotations()Ljava/util/Map; @ 23 c2
Event: 3.086 Thread 0x000002429d7e6000 Uncommon trap: reason=speculate_class_check action=maybe_recompile pc=0x000002429002b270 method=java.lang.reflect.Executable.declaredAnnotations()Ljava/util/Map; @ 23 c2
Event: 3.087 Thread 0x000002429d7e6000 Uncommon trap: reason=speculate_class_check action=maybe_recompile pc=0x000002429002b270 method=java.lang.reflect.Executable.declaredAnnotations()Ljava/util/Map; @ 23 c2
Event: 3.087 Thread 0x000002429d7e6000 Uncommon trap: reason=speculate_class_check action=maybe_recompile pc=0x000002429002b270 method=java.lang.reflect.Executable.declaredAnnotations()Ljava/util/Map; @ 23 c2
Event: 3.235 Thread 0x000002429d7e6000 Uncommon trap: reason=unstable_if action=reinterpret pc=0x00000242900034c8 method=java.util.Arrays.equals([Ljava/lang/Object;[Ljava/lang/Object;)Z @ 23 c2
Event: 3.235 Thread 0x000002429d7e6000 Uncommon trap: reason=unstable_if action=reinterpret pc=0x000002428fffebc0 method=java.util.Arrays.equals([Ljava/lang/Object;[Ljava/lang/Object;)Z @ 23 c2

Classes redefined (0 events):
No events

Internal exceptions (10 events):
Event: 2.168 Thread 0x000002429d535800 Exception <a 'java/io/FileNotFoundException'{0x00000000ec163048}> (0x00000000ec163048) thrown at [./open/src/hotspot/share/prims/jni.cpp, line 611]
Event: 2.231 Thread 0x000002429d535800 Implicit null exception at 0x000002428ffb72e2 to 0x000002428ffb80d8
Event: 2.260 Thread 0x00000242fd2d9800 Exception <a 'java/io/FileNotFoundException'{0x00000000eb28f0e8}> (0x00000000eb28f0e8) thrown at [./open/src/hotspot/share/prims/jni.cpp, line 611]
Event: 2.290 Thread 0x00000242fd2d9800 Exception <a 'java/lang/NoSuchMethodError'{0x00000000eb553150}: java.lang.invoke.DirectMethodHandle$Holder.invokeStatic(Ljava/lang/Object;Ljava/lang/Object;Ljava/lang/Object;Ljava/lang/Object;)V> (0x00000000eb553150) thrown at [./open/src/hotspot/share/in
Event: 2.484 Thread 0x000002429f329800 Exception <a 'java/io/FileNotFoundException'{0x00000000eaddde98}> (0x00000000eaddde98) thrown at [./open/src/hotspot/share/prims/jni.cpp, line 611]
Event: 2.506 Thread 0x000002429f329800 Exception <a 'sun/nio/fs/WindowsException'{0x00000000eae8a320}> (0x00000000eae8a320) thrown at [./open/src/hotspot/share/prims/jni.cpp, line 611]
Event: 2.552 Thread 0x000002429f329800 Exception <a 'sun/nio/fs/WindowsException'{0x00000000eb11aa18}> (0x00000000eb11aa18) thrown at [./open/src/hotspot/share/prims/jni.cpp, line 611]
Event: 2.618 Thread 0x000002429f329800 Exception <a 'java/lang/NoSuchMethodError'{0x00000000eb56e140}: java.lang.invoke.DirectMethodHandle$Holder.invokeStatic(Ljava/lang/Object;Ljava/lang/Object;Ljava/lang/Object;Ljava/lang/Object;Ljava/lang/Object;Ljava/lang/Object;)V> (0x00000000eb56e140) th
Event: 3.317 Thread 0x000002429d7e6000 Exception <a 'java/lang/NoClassDefFoundError'{0x00000000eb975b00}: com/google/inject/servlet/ServletModuleTargetVisitor> (0x00000000eb975b00) thrown at [./open/src/hotspot/share/classfile/systemDictionary.cpp, line 217]
Event: 3.317 Thread 0x000002429d7e6000 Exception <a 'java/lang/NoClassDefFoundError'{0x00000000eb97cf60}: javax/annotation/Priority> (0x00000000eb97cf60) thrown at [./open/src/hotspot/share/classfile/systemDictionary.cpp, line 217]

Events (10 events):
Event: 3.317 loading class javax/annotation/Priority
Event: 3.317 loading class javax/annotation/Priority done
Event: 3.327 loading class java/lang/ProcessEnvironment$CheckedKeySet
Event: 3.327 loading class java/lang/ProcessEnvironment$CheckedKeySet done
Event: 3.362 loading class java/util/TreeMap$EntrySet
Event: 3.362 loading class java/util/TreeMap$EntrySet done
Event: 3.362 loading class java/util/TreeMap$EntryIterator
Event: 3.362 loading class java/util/TreeMap$EntryIterator done
Event: 3.363 Executing VM operation: RevokeBias
Event: 3.363 Executing VM operation: RevokeBias done


Dynamic libraries:
0x00007ff645e50000 - 0x00007ff645e5f000 	C:\Program Files\Java\jdk-11.0.11\bin\java.exe
0x00007ffe10830000 - 0x00007ffe10a25000 	C:\WINDOWS\SYSTEM32\ntdll.dll
0x00007ffe0ed40000 - 0x00007ffe0edfd000 	C:\WINDOWS\System32\KERNEL32.DLL
0x00007ffe0e460000 - 0x00007ffe0e729000 	C:\WINDOWS\System32\KERNELBASE.dll
0x00007ffe0e290000 - 0x00007ffe0e390000 	C:\WINDOWS\System32\ucrtbase.dll
0x00007ffdf6bb0000 - 0x00007ffdf6bc8000 	C:\Program Files\Java\jdk-11.0.11\bin\jli.dll
0x00007ffe10570000 - 0x00007ffe1061c000 	C:\WINDOWS\System32\ADVAPI32.dll
0x00007ffdf6140000 - 0x00007ffdf6155000 	C:\Program Files\Java\jdk-11.0.11\bin\VCRUNTIME140.dll
0x00007ffe0fac0000 - 0x00007ffe0fb5e000 	C:\WINDOWS\System32\msvcrt.dll
0x00007ffe0fb60000 - 0x00007ffe0fbfb000 	C:\WINDOWS\System32\sechost.dll
0x00007ffe10420000 - 0x00007ffe1054a000 	C:\WINDOWS\System32\RPCRT4.dll
0x00007ffe0e930000 - 0x00007ffe0ead0000 	C:\WINDOWS\System32\USER32.dll
0x00007ffe0e730000 - 0x00007ffe0e752000 	C:\WINDOWS\System32\win32u.dll
0x00007ffdfd9e0000 - 0x00007ffdfdc7a000 	C:\WINDOWS\WinSxS\amd64_microsoft.windows.common-controls_6595b64144ccf1df_6.0.19041.1083_none_60bbe31371f34e71\COMCTL32.dll
0x00007ffe0ee10000 - 0x00007ffe0ee3a000 	C:\WINDOWS\System32\GDI32.dll
0x00007ffe0e180000 - 0x00007ffe0e28b000 	C:\WINDOWS\System32\gdi32full.dll
0x00007ffe0e390000 - 0x00007ffe0e42d000 	C:\WINDOWS\System32\msvcp_win.dll
0x00007ffe04a80000 - 0x00007ffe04a8a000 	C:\WINDOWS\SYSTEM32\VERSION.dll
0x00007ffe0ed10000 - 0x00007ffe0ed40000 	C:\WINDOWS\System32\IMM32.DLL
0x00007ffdbe080000 - 0x00007ffdbe11b000 	C:\Program Files\Java\jdk-11.0.11\bin\msvcp140.dll
0x00007ffdbd580000 - 0x00007ffdbe07e000 	C:\Program Files\Java\jdk-11.0.11\bin\server\jvm.dll
0x00007ffe0f140000 - 0x00007ffe0f148000 	C:\WINDOWS\System32\PSAPI.DLL
0x00007ffe07df0000 - 0x00007ffe07df9000 	C:\WINDOWS\SYSTEM32\WSOCK32.dll
0x00007ffdff890000 - 0x00007ffdff8b7000 	C:\WINDOWS\SYSTEM32\WINMM.dll
0x00007ffe0f0d0000 - 0x00007ffe0f13b000 	C:\WINDOWS\System32\WS2_32.dll
0x00007ffe0cb00000 - 0x00007ffe0cb12000 	C:\WINDOWS\SYSTEM32\kernel.appcore.dll
0x00007ffe06560000 - 0x00007ffe06570000 	C:\Program Files\Java\jdk-11.0.11\bin\verify.dll
0x00007ffe0c500000 - 0x00007ffe0c6e4000 	C:\WINDOWS\SYSTEM32\DBGHELP.DLL
0x00007ffdf5d10000 - 0x00007ffdf5d3c000 	C:\WINDOWS\SYSTEM32\dbgcore.DLL
0x00007ffe0e7c0000 - 0x00007ffe0e843000 	C:\WINDOWS\System32\bcryptPrimitives.dll
0x00007ffde6f70000 - 0x00007ffde6f98000 	C:\Program Files\Java\jdk-11.0.11\bin\java.dll
0x00007ffe06520000 - 0x00007ffe0652a000 	C:\Program Files\Java\jdk-11.0.11\bin\jimage.dll
0x00007ffdfd2e0000 - 0x00007ffdfd2ee000 	C:\Program Files\Java\jdk-11.0.11\bin\instrument.dll
0x00007ffdef8f0000 - 0x00007ffdef906000 	C:\Program Files\Java\jdk-11.0.11\bin\zip.dll
0x00007ffe0fc00000 - 0x00007ffe1033f000 	C:\WINDOWS\System32\SHELL32.dll
0x00007ffe0bca0000 - 0x00007ffe0c431000 	C:\WINDOWS\SYSTEM32\windows.storage.dll
0x00007ffe0f150000 - 0x00007ffe0f4a5000 	C:\WINDOWS\System32\combase.dll
0x00007ffe0d900000 - 0x00007ffe0d92c000 	C:\WINDOWS\SYSTEM32\Wldp.dll
0x00007ffe10740000 - 0x00007ffe107ee000 	C:\WINDOWS\System32\SHCORE.dll
0x00007ffe0f4b0000 - 0x00007ffe0f505000 	C:\WINDOWS\System32\shlwapi.dll
0x00007ffe0deb0000 - 0x00007ffe0decf000 	C:\WINDOWS\SYSTEM32\profapi.dll
0x00007ffdf9750000 - 0x00007ffdf9769000 	C:\Program Files\Java\jdk-11.0.11\bin\net.dll
0x00007ffe059a0000 - 0x00007ffe05aaa000 	C:\WINDOWS\SYSTEM32\WINHTTP.dll
0x00007ffe0d6e0000 - 0x00007ffe0d74a000 	C:\WINDOWS\system32\mswsock.dll
0x00007ffdf64d0000 - 0x00007ffdf64e2000 	C:\Program Files\Java\jdk-11.0.11\bin\nio.dll
0x00007ffdfbb80000 - 0x00007ffdfbb8d000 	C:\Program Files\Java\jdk-11.0.11\bin\sunmscapi.dll
0x00007ffe0e020000 - 0x00007ffe0e17f000 	C:\WINDOWS\System32\CRYPT32.dll
0x00007ffe0da50000 - 0x00007ffe0da77000 	C:\WINDOWS\SYSTEM32\ncrypt.dll
0x00007ffe0da10000 - 0x00007ffe0da4b000 	C:\WINDOWS\SYSTEM32\NTASN1.dll
0x00007ffdee520000 - 0x00007ffdee545000 	C:\Program Files\Java\jdk-11.0.11\bin\sunec.dll
0x00007ffe0d940000 - 0x00007ffe0d958000 	C:\WINDOWS\SYSTEM32\CRYPTSP.dll
0x00007ffe0d030000 - 0x00007ffe0d064000 	C:\WINDOWS\system32\rsaenh.dll
0x00007ffe0e430000 - 0x00007ffe0e457000 	C:\WINDOWS\System32\bcrypt.dll
0x00007ffe0de30000 - 0x00007ffe0de5e000 	C:\WINDOWS\SYSTEM32\USERENV.dll
0x00007ffe0d860000 - 0x00007ffe0d86c000 	C:\WINDOWS\SYSTEM32\CRYPTBASE.dll
0x00007ffe0d3a0000 - 0x00007ffe0d3db000 	C:\WINDOWS\SYSTEM32\IPHLPAPI.DLL
0x00007ffe0ee00000 - 0x00007ffe0ee08000 	C:\WINDOWS\System32\NSI.dll
0x00007ffe07200000 - 0x00007ffe07217000 	C:\WINDOWS\SYSTEM32\dhcpcsvc6.DLL
0x00007ffe071e0000 - 0x00007ffe071fd000 	C:\WINDOWS\SYSTEM32\dhcpcsvc.DLL
0x00007ffe0d3f0000 - 0x00007ffe0d4bc000 	C:\WINDOWS\SYSTEM32\DNSAPI.dll
0x00007ffde5810000 - 0x00007ffde584e000 	C:\Users\agpp1\AppData\Roaming\Code\User\globalStorage\redhat.java\0.80.0\config_win\org.eclipse.equinox.launcher\org.eclipse.equinox.launcher.win32.win32.x86_64_1.2.300.v20210617-0451\eclipse_11502.dll
0x00007ffdfb6a0000 - 0x00007ffdfb6b1000 	C:\Users\agpp1\AppData\Roaming\Code\User\globalStorage\redhat.java\0.80.0\config_win\org.eclipse.osgi\23\0\.cp\jWinHttp-1.0.0.dll
0x00007ffe0f510000 - 0x00007ffe0f63a000 	C:\WINDOWS\System32\ole32.dll

dbghelp: loaded successfully - version: 4.0.5 - missing functions: none
symbol engine: initialized successfully - sym options: 0x614 - pdb path: .;C:\Program Files\Java\jdk-11.0.11\bin;C:\WINDOWS\SYSTEM32;C:\WINDOWS\WinSxS\amd64_microsoft.windows.common-controls_6595b64144ccf1df_6.0.19041.1083_none_60bbe31371f34e71;C:\Program Files\Java\jdk-11.0.11\bin\server;C:\Users\agpp1\AppData\Roaming\Code\User\globalStorage\redhat.java\0.80.0\config_win\org.eclipse.equinox.launcher\org.eclipse.equinox.launcher.win32.win32.x86_64_1.2.300.v20210617-0451;C:\Users\agpp1\AppData\Roaming\Code\User\globalStorage\redhat.java\0.80.0\config_win\org.eclipse.osgi\23\0\.cp

VM Arguments:
jvm_args: --add-modules=ALL-SYSTEM --add-opens=java.base/java.util=ALL-UNNAMED --add-opens=java.base/java.lang=ALL-UNNAMED -Declipse.application=org.eclipse.jdt.ls.core.id1 -Dosgi.bundles.defaultStartLevel=4 -Declipse.product=org.eclipse.jdt.ls.core.product -Dfile.encoding=utf8 -DwatchParentProcess=false -XX:+UseParallelGC -XX:GCTimeRatio=4 -XX:AdaptiveSizePolicyWeight=90 -Dsun.zip.disableMemoryMapping=true -Xmx1G -Xms100m -javaagent:c:\Users\agpp1\.vscode\extensions\gabrielbb.vscode-lombok-1.0.1\server\lombok.jar -Xverify:none 
java_command: c:\Users\agpp1\.vscode\extensions\redhat.java-0.80.0\server\plugins\org.eclipse.equinox.launcher_1.6.200.v20210416-2027.jar -configuration c:\Users\agpp1\AppData\Roaming\Code\User\globalStorage\redhat.java\0.80.0\config_win -data c:\Users\agpp1\AppData\Roaming\Code\User\workspaceStorage\c3928b534b8ecce83cfb77a01cd1c8db\redhat.java\jdt_ws
java_class_path (initial): c:\Users\agpp1\.vscode\extensions\redhat.java-0.80.0\server\plugins\org.eclipse.equinox.launcher_1.6.200.v20210416-2027.jar
Launcher Type: SUN_STANDARD

[Global flags]
    uintx AdaptiveSizePolicyWeight                 = 90                                        {product} {command line}
     bool BytecodeVerificationLocal                = false                                     {product} {command line}
     bool BytecodeVerificationRemote               = false                                     {product} {command line}
     intx CICompilerCount                          = 4                                         {product} {ergonomic}
    uintx GCTimeRatio                              = 4                                         {product} {command line}
   size_t InitialHeapSize                          = 104857600                                 {product} {command line}
   size_t MaxHeapSize                              = 1073741824                                {product} {command line}
   size_t MaxNewSize                               = 357564416                                 {product} {ergonomic}
   size_t MinHeapDeltaBytes                        = 524288                                    {product} {ergonomic}
   size_t NewSize                                  = 34603008                                  {product} {ergonomic}
    uintx NonNMethodCodeHeapSize                   = 5836300                                {pd product} {ergonomic}
    uintx NonProfiledCodeHeapSize                  = 122910970                              {pd product} {ergonomic}
   size_t OldSize                                  = 70254592                                  {product} {ergonomic}
    uintx ProfiledCodeHeapSize                     = 122910970                              {pd product} {ergonomic}
    uintx ReservedCodeCacheSize                    = 251658240                              {pd product} {ergonomic}
     bool SegmentedCodeCache                       = true                                      {product} {ergonomic}
     bool UseCompressedClassPointers               = true                                 {lp64_product} {ergonomic}
     bool UseCompressedOops                        = true                                 {lp64_product} {ergonomic}
     bool UseLargePagesIndividualAllocation        = false                                  {pd product} {ergonomic}
     bool UseParallelGC                            = true                                      {product} {command line}

Logging:
Log output configuration:
 #0: stdout all=warning uptime,level,tags
 #1: stderr all=off uptime,level,tags

Environment Variables:
JAVA_HOME=C:\Program Files\Java\jdk-11.0.11
PATH=C:\Python39\Scripts\;C:\Python39\;C:\Program Files (x86)\Common Files\Oracle\Java\javapath;C:\Program Files\Common Files\Oracle\Java\javapath;C:\Windows\system32;C:\Windows;C:\Windows\System32\Wbem;C:\Windows\System32\WindowsPowerShell\v1.0\;C:\Windows\System32\OpenSSH\;C:\Program Files (x86)\NVIDIA Corporation\PhysX\Common;C:\Program Files\NVIDIA Corporation\NVIDIA NvDLISR;C:\Program Files\nodejs\;C:\ProgramData\chocolatey\bin;C:\Program Files\Git\cmd;C:\Program Files\Docker\Docker\resources\bin;C:\ProgramData\DockerDesktop\version-bin;C:\WINDOWS\system32;C:\WINDOWS;C:\WINDOWS\System32\Wbem;C:\WINDOWS\System32\WindowsPowerShell\v1.0\;C:\WINDOWS\System32\OpenSSH\;C:\Program Files\Amazon\AWSCLI\;C:\Program Files\MySQL\MySQL Shell 8.0\bin\;C:\Users\agpp1\AppData\Local\Microsoft\WindowsApps;C:\Users\agpp1\AppData\Local\Programs\Microsoft VS Code\bin;C:\Users\agpp1\AppData\Roaming\npm;C:\Users\agpp1\AppData\Local\GitHubDesktop\bin;C:\Program Files (x86)\Ardesia\bin;C:\Program Files\apache-maven-3.8.1\bin;
USERNAME=UNREAL
OS=Windows_NT
PROCESSOR_IDENTIFIER=Intel64 Family 6 Model 165 Stepping 2, GenuineIntel



---------------  S Y S T E M  ---------------

OS: Windows 10 , 64 bit Build 19041 (10.0.19041.1023)
Hyper-V role detected

CPU:total 8 (initial active 8) (4 cores per cpu, 2 threads per core) family 6 model 165 stepping 2 microcode 0xc8, cmov, cx8, fxsr, mmx, sse, sse2, sse3, ssse3, sse4.1, sse4.2, popcnt, avx, avx2, aes, clmul, erms, 3dnowpref, lzcnt, ht, tsc, tscinvbit, bmi1, bmi2, adx, fma

Memory: 4k page, system-wide physical 8060M (1159M free)
TotalPageFile size 12156M (AvailPageFile size 5M)
current process WorkingSet (physical memory assigned to process): 188M, peak: 190M
current process commit charge ("private bytes"): 297M, peak: 299M

vm_info: Java HotSpot(TM) 64-Bit Server VM (11.0.11+9-LTS-194) for windows-amd64 JRE (11.0.11+9-LTS-194), built on Mar 18 2021 18:46:53 by "mach5one" with MS VC++ 15.9 (VS2017)

END.
